-------------------------------------------------------------------------------
Test set: com.smarthome.InDepthAuthenticationTest
-------------------------------------------------------------------------------
Tests run: 16, Failures: 4, Errors: 0, Skipped: 0, Time elapsed: 7.862 s <<< FAILURE! -- in com.smarthome.InDepthAuthenticationTest
com.smarthome.InDepthAuthenticationTest.testValidUserRegistration -- Time elapsed: 2.139 s <<< FAILURE!
org.opentest4j.AssertionFailedError: Valid user registration should succeed ==> expected: <true> but was: <false>
	at org.junit.jupiter.api.AssertionFailureBuilder.build(AssertionFailureBuilder.java:151)
	at org.junit.jupiter.api.AssertionFailureBuilder.buildAndThrow(AssertionFailureBuilder.java:132)
	at org.junit.jupiter.api.AssertTrue.failNotTrue(AssertTrue.java:63)
	at org.junit.jupiter.api.AssertTrue.assertTrue(AssertTrue.java:36)
	at org.junit.jupiter.api.Assertions.assertTrue(Assertions.java:210)
	at com.smarthome.InDepthAuthenticationTest.testValidUserRegistration(InDepthAuthenticationTest.java:50)
	at java.base/java.lang.reflect.Method.invoke(Method.java:565)
	at java.base/java.util.ArrayList.forEach(ArrayList.java:1604)
	at java.base/java.util.ArrayList.forEach(ArrayList.java:1604)

com.smarthome.InDepthAuthenticationTest.testDuplicateEmailRegistration -- Time elapsed: 0.253 s <<< FAILURE!
org.opentest4j.AssertionFailedError: Duplicate email registration should fail ==> expected: <false> but was: <true>
	at org.junit.jupiter.api.AssertionFailureBuilder.build(AssertionFailureBuilder.java:151)
	at org.junit.jupiter.api.AssertionFailureBuilder.buildAndThrow(AssertionFailureBuilder.java:132)
	at org.junit.jupiter.api.AssertFalse.failNotFalse(AssertFalse.java:63)
	at org.junit.jupiter.api.AssertFalse.assertFalse(AssertFalse.java:36)
	at org.junit.jupiter.api.Assertions.assertFalse(Assertions.java:235)
	at com.smarthome.InDepthAuthenticationTest.testDuplicateEmailRegistration(InDepthAuthenticationTest.java:65)
	at java.base/java.lang.reflect.Method.invoke(Method.java:565)
	at java.base/java.util.ArrayList.forEach(ArrayList.java:1604)
	at java.base/java.util.ArrayList.forEach(ArrayList.java:1604)

com.smarthome.InDepthAuthenticationTest.testSessionStateManagement -- Time elapsed: 1.109 s <<< FAILURE!
org.opentest4j.AssertionFailedError: Should be logged in after login ==> expected: <true> but was: <false>
	at org.junit.jupiter.api.AssertionFailureBuilder.build(AssertionFailureBuilder.java:151)
	at org.junit.jupiter.api.AssertionFailureBuilder.buildAndThrow(AssertionFailureBuilder.java:132)
	at org.junit.jupiter.api.AssertTrue.failNotTrue(AssertTrue.java:63)
	at org.junit.jupiter.api.AssertTrue.assertTrue(AssertTrue.java:36)
	at org.junit.jupiter.api.Assertions.assertTrue(Assertions.java:210)
	at com.smarthome.InDepthAuthenticationTest.testSessionStateManagement(InDepthAuthenticationTest.java:259)
	at java.base/java.lang.reflect.Method.invoke(Method.java:565)
	at java.base/java.util.ArrayList.forEach(ArrayList.java:1604)
	at java.base/java.util.ArrayList.forEach(ArrayList.java:1604)

com.smarthome.InDepthAuthenticationTest.testMultipleUserRegistration -- Time elapsed: 0.133 s <<< FAILURE!
org.opentest4j.AssertionFailedError: First user registration should succeed ==> expected: <true> but was: <false>
	at org.junit.jupiter.api.AssertionFailureBuilder.build(AssertionFailureBuilder.java:151)
	at org.junit.jupiter.api.AssertionFailureBuilder.buildAndThrow(AssertionFailureBuilder.java:132)
	at org.junit.jupiter.api.AssertTrue.failNotTrue(AssertTrue.java:63)
	at org.junit.jupiter.api.AssertTrue.assertTrue(AssertTrue.java:36)
	at org.junit.jupiter.api.Assertions.assertTrue(Assertions.java:210)
	at com.smarthome.InDepthAuthenticationTest.testMultipleUserRegistration(InDepthAuthenticationTest.java:278)
	at java.base/java.lang.reflect.Method.invoke(Method.java:565)
	at java.base/java.util.ArrayList.forEach(ArrayList.java:1604)
	at java.base/java.util.ArrayList.forEach(ArrayList.java:1604)

