-------------------------------------------------------------------------------
Test set: com.smarthome.DevicePermissionTest
-------------------------------------------------------------------------------
Tests run: 10, Failures: 6, Errors: 0, Skipped: 0, Time elapsed: 6.959 s <<< FAILURE! -- in com.smarthome.DevicePermissionTest
com.smarthome.DevicePermissionTest.testCustomerDevicePermissions -- Time elapsed: 4.522 s <<< FAILURE!
org.opentest4j.AssertionFailedError: Permission should be granted successfully ==> expected: <true> but was: <false>
	at org.junit.jupiter.api.AssertionFailureBuilder.build(AssertionFailureBuilder.java:151)
	at org.junit.jupiter.api.AssertionFailureBuilder.buildAndThrow(AssertionFailureBuilder.java:132)
	at org.junit.jupiter.api.AssertTrue.failNotTrue(AssertTrue.java:63)
	at org.junit.jupiter.api.AssertTrue.assertTrue(AssertTrue.java:36)
	at org.junit.jupiter.api.Assertions.assertTrue(Assertions.java:210)
	at com.smarthome.DevicePermissionTest.testCustomerDevicePermissions(DevicePermissionTest.java:107)
	at java.base/java.lang.reflect.Method.invoke(Method.java:565)
	at java.base/java.util.ArrayList.forEach(ArrayList.java:1604)
	at java.base/java.util.ArrayList.forEach(ArrayList.java:1604)

com.smarthome.DevicePermissionTest.testMultipleDevicePermissions -- Time elapsed: 0.487 s <<< FAILURE!
org.opentest4j.AssertionFailedError: TV permission should be granted ==> expected: <true> but was: <false>
	at org.junit.jupiter.api.AssertionFailureBuilder.build(AssertionFailureBuilder.java:151)
	at org.junit.jupiter.api.AssertionFailureBuilder.buildAndThrow(AssertionFailureBuilder.java:132)
	at org.junit.jupiter.api.AssertTrue.failNotTrue(AssertTrue.java:63)
	at org.junit.jupiter.api.AssertTrue.assertTrue(AssertTrue.java:36)
	at org.junit.jupiter.api.Assertions.assertTrue(Assertions.java:210)
	at com.smarthome.DevicePermissionTest.testMultipleDevicePermissions(DevicePermissionTest.java:250)
	at java.base/java.lang.reflect.Method.invoke(Method.java:565)
	at java.base/java.util.ArrayList.forEach(ArrayList.java:1604)
	at java.base/java.util.ArrayList.forEach(ArrayList.java:1604)

com.smarthome.DevicePermissionTest.testRevokeDevicePermissionViaService -- Time elapsed: 0.239 s <<< FAILURE!
org.opentest4j.AssertionFailedError: Permission should exist before revoking ==> expected: <true> but was: <false>
	at org.junit.jupiter.api.AssertionFailureBuilder.build(AssertionFailureBuilder.java:151)
	at org.junit.jupiter.api.AssertionFailureBuilder.buildAndThrow(AssertionFailureBuilder.java:132)
	at org.junit.jupiter.api.AssertTrue.failNotTrue(AssertTrue.java:63)
	at org.junit.jupiter.api.AssertTrue.assertTrue(AssertTrue.java:36)
	at org.junit.jupiter.api.Assertions.assertTrue(Assertions.java:210)
	at com.smarthome.DevicePermissionTest.testRevokeDevicePermissionViaService(DevicePermissionTest.java:173)
	at java.base/java.lang.reflect.Method.invoke(Method.java:565)
	at java.base/java.util.ArrayList.forEach(ArrayList.java:1604)
	at java.base/java.util.ArrayList.forEach(ArrayList.java:1604)

com.smarthome.DevicePermissionTest.testGrantDevicePermissionViaService -- Time elapsed: 0.229 s <<< FAILURE!
org.opentest4j.AssertionFailedError: Device permission should be granted via service ==> expected: <true> but was: <false>
	at org.junit.jupiter.api.AssertionFailureBuilder.build(AssertionFailureBuilder.java:151)
	at org.junit.jupiter.api.AssertionFailureBuilder.buildAndThrow(AssertionFailureBuilder.java:132)
	at org.junit.jupiter.api.AssertTrue.failNotTrue(AssertTrue.java:63)
	at org.junit.jupiter.api.AssertTrue.assertTrue(AssertTrue.java:36)
	at org.junit.jupiter.api.Assertions.assertTrue(Assertions.java:210)
	at com.smarthome.DevicePermissionTest.testGrantDevicePermissionViaService(DevicePermissionTest.java:154)
	at java.base/java.lang.reflect.Method.invoke(Method.java:565)
	at java.base/java.util.ArrayList.forEach(ArrayList.java:1604)
	at java.base/java.util.ArrayList.forEach(ArrayList.java:1604)

com.smarthome.DevicePermissionTest.testDuplicatePermissionPrevention -- Time elapsed: 0.227 s <<< FAILURE!
org.opentest4j.AssertionFailedError: First permission grant should succeed ==> expected: <true> but was: <false>
	at org.junit.jupiter.api.AssertionFailureBuilder.build(AssertionFailureBuilder.java:151)
	at org.junit.jupiter.api.AssertionFailureBuilder.buildAndThrow(AssertionFailureBuilder.java:132)
	at org.junit.jupiter.api.AssertTrue.failNotTrue(AssertTrue.java:63)
	at org.junit.jupiter.api.AssertTrue.assertTrue(AssertTrue.java:36)
	at org.junit.jupiter.api.Assertions.assertTrue(Assertions.java:210)
	at com.smarthome.DevicePermissionTest.testDuplicatePermissionPrevention(DevicePermissionTest.java:276)
	at java.base/java.lang.reflect.Method.invoke(Method.java:565)
	at java.base/java.util.ArrayList.forEach(ArrayList.java:1604)
	at java.base/java.util.ArrayList.forEach(ArrayList.java:1604)

com.smarthome.DevicePermissionTest.testGroupSetupAndAdmin -- Time elapsed: 0.236 s <<< FAILURE!
org.opentest4j.AssertionFailedError: Member should be added to group successfully ==> expected: <true> but was: <false>
	at org.junit.jupiter.api.AssertionFailureBuilder.build(AssertionFailureBuilder.java:151)
	at org.junit.jupiter.api.AssertionFailureBuilder.buildAndThrow(AssertionFailureBuilder.java:132)
	at org.junit.jupiter.api.AssertTrue.failNotTrue(AssertTrue.java:63)
	at org.junit.jupiter.api.AssertTrue.assertTrue(AssertTrue.java:36)
	at org.junit.jupiter.api.Assertions.assertTrue(Assertions.java:210)
	at com.smarthome.DevicePermissionTest.testGroupSetupAndAdmin(DevicePermissionTest.java:135)
	at java.base/java.lang.reflect.Method.invoke(Method.java:565)
	at java.base/java.util.ArrayList.forEach(ArrayList.java:1604)
	at java.base/java.util.ArrayList.forEach(ArrayList.java:1604)

