<?xml version="1.0" encoding="UTF-8"?>
<testsuite xmlns:xsi="http://www.w3.org/2001/XMLSchema-instance" xsi:noNamespaceSchemaLocation="https://maven.apache.org/surefire/maven-surefire-plugin/xsd/surefire-test-report-3.0.xsd" version="3.0" name="com.smarthome.InDepthAuthenticationTest" time="3.477" tests="10" errors="0" skipped="0" failures="0">
  <properties>
[...]
</properties>
  <testcase name="testDuplicateEmailRegistration" classname="com.smarthome.InDepthAuthenticationTest" time="0.014">
    <system-out><![CDATA[[INFO] DynamoDB table 'customers' already exists

 Setting up In-Depth Authentication Test...

 Testing Duplicate Email Registration...
[ERROR] Registration failed! Email might already be registered.
[ERROR] Registration failed! Email might already be registered.
 Duplicate email prevention works
 Authentication test cleanup completed
]]></system-out>
  </testcase>
  <testcase name="testInvalidEmailRegistration" classname="com.smarthome.InDepthAuthenticationTest" time="0.007">
    <system-out><![CDATA[[INFO] DynamoDB table 'customers' already exists

 Setting up In-Depth Authentication Test...

 Testing Invalid Email Formats...
Invalid email format!
Invalid email format!
Invalid email format!
Invalid email format!
Invalid email format!
Invalid email format!
 Email validation works for 6 invalid formats
 Authentication test cleanup completed
]]></system-out>
  </testcase>
  <testcase name="testPasswordValidation" classname="com.smarthome.InDepthAuthenticationTest" time="0.007">
    <system-out><![CDATA[[INFO] DynamoDB table 'customers' already exists

 Setting up In-Depth Authentication Test...

 Testing Password Validation...
[ERROR] Invalid password! Please ensure your password meets all requirements:
Password must be 8-128 characters long and contain:
- At least one uppercase letter (A-Z)
- At least one lowercase letter (a-z)
- At least one number (0-9)
- At least one special character (!@#$%^&*)
- Cannot be a common password
- Cannot have more than 2 repeating characters
[ERROR] Invalid password! Please ensure your password meets all requirements:
Password must be 8-128 characters long and contain:
- At least one uppercase letter (A-Z)
- At least one lowercase letter (a-z)
- At least one number (0-9)
- At least one special character (!@#$%^&*)
- Cannot be a common password
- Cannot have more than 2 repeating characters
[ERROR] Invalid password! Please ensure your password meets all requirements:
Password must be 8-128 characters long and contain:
- At least one uppercase letter (A-Z)
- At least one lowercase letter (a-z)
- At least one number (0-9)
- At least one special character (!@#$%^&*)
- Cannot be a common password
- Cannot have more than 2 repeating characters
[ERROR] Invalid password! Please ensure your password meets all requirements:
Password must be 8-128 characters long and contain:
- At least one uppercase letter (A-Z)
- At least one lowercase letter (a-z)
- At least one number (0-9)
- At least one special character (!@#$%^&*)
- Cannot be a common password
- Cannot have more than 2 repeating characters
[ERROR] Invalid password! Please ensure your password meets all requirements:
Password must be 8-128 characters long and contain:
- At least one uppercase letter (A-Z)
- At least one lowercase letter (a-z)
- At least one number (0-9)
- At least one special character (!@#$%^&*)
- Cannot be a common password
- Cannot have more than 2 repeating characters
[ERROR] Invalid password! Please ensure your password meets all requirements:
Password must be 8-128 characters long and contain:
- At least one uppercase letter (A-Z)
- At least one lowercase letter (a-z)
- At least one number (0-9)
- At least one special character (!@#$%^&*)
- Cannot be a common password
- Cannot have more than 2 repeating characters
[ERROR] Invalid password! Please ensure your password meets all requirements:
Password must be 8-128 characters long and contain:
- At least one uppercase letter (A-Z)
- At least one lowercase letter (a-z)
- At least one number (0-9)
- At least one special character (!@#$%^&*)
- Cannot be a common password
- Cannot have more than 2 repeating characters
[ERROR] Invalid password! Please ensure your password meets all requirements:
Password must be 8-128 characters long and contain:
- At least one uppercase letter (A-Z)
- At least one lowercase letter (a-z)
- At least one number (0-9)
- At least one special character (!@#$%^&*)
- Cannot be a common password
- Cannot have more than 2 repeating characters
 Password validation works for 8 weak passwords
 Authentication test cleanup completed
]]></system-out>
  </testcase>
  <testcase name="testPasswordConfirmationMismatch" classname="com.smarthome.InDepthAuthenticationTest" time="0.007">
    <system-out><![CDATA[[INFO] DynamoDB table 'customers' already exists

 Setting up In-Depth Authentication Test...

 Testing Password Confirmation Mismatch...
Passwords do not match!
 Password confirmation validation works
 Authentication test cleanup completed
]]></system-out>
  </testcase>
  <testcase name="testInvalidLoginCredentials" classname="com.smarthome.InDepthAuthenticationTest" time="2.105">
    <system-out><![CDATA[[INFO] DynamoDB table 'customers' already exists

 Setting up In-Depth Authentication Test...

 Testing Invalid Login Credentials...
[ERROR] Registration failed! Email might already be registered.
[SECURITY] Failed login attempt #1 for account: indepth@smarthome.com at 2025-10-05 12:20:16.006677600
[WARNING] Invalid password. This is attempt 1 of 2 allowed before lockout.
[SECURITY] Account will be locked after 2 failed attempts for security.
[ERROR] Email not registered. Please create an account first.
 Invalid login credential validation works
 Authentication test cleanup completed
]]></system-out>
  </testcase>
  <testcase name="testLoginWithoutRegistration" classname="com.smarthome.InDepthAuthenticationTest" time="1.017">
    <system-out><![CDATA[[INFO] DynamoDB table 'customers' already exists

 Setting up In-Depth Authentication Test...

 Testing Login Without Registration...
[ERROR] Email not registered. Please create an account first.
 Login without registration prevention works
 Authentication test cleanup completed
]]></system-out>
  </testcase>
  <testcase name="testLogoutWhenNotLoggedIn" classname="com.smarthome.InDepthAuthenticationTest" time="0.011">
    <system-out><![CDATA[[INFO] DynamoDB table 'customers' already exists

 Setting up In-Depth Authentication Test...

 Testing Logout When Not Logged In...
[SUCCESS] Logged out successfully from account: unknown
[INFO] You can now register a new account or login with different credentials.
 Logout when not logged in handling works
 Authentication test cleanup completed
]]></system-out>
  </testcase>
  <testcase name="testPasswordResetExistingUser" classname="com.smarthome.InDepthAuthenticationTest" time="0.28">
    <system-out><![CDATA[[INFO] DynamoDB table 'customers' already exists

 Setting up In-Depth Authentication Test...

 Testing Password Reset for Existing User...
[ERROR] Registration failed! Email might already be registered.
[SUCCESS] Password reset successful! You can now login with your new password.
[SUCCESS] Login successful! Welcome back, Another User!
 Password reset for existing user works
[SUCCESS] Logged out successfully from account: indepth@smarthome.com
[INFO] You can now register a new account or login with different credentials.
 Authentication test cleanup completed
]]></system-out>
  </testcase>
  <testcase name="testPasswordResetNonExistentUser" classname="com.smarthome.InDepthAuthenticationTest" time="0.015">
    <system-out><![CDATA[[INFO] DynamoDB table 'customers' already exists

 Setting up In-Depth Authentication Test...

 Testing Password Reset for Non-existent User...
[ERROR] Account not found.
 Password reset prevention for non-existent user works
 Authentication test cleanup completed
]]></system-out>
  </testcase>
  <testcase name="testAuthenticationSystemSummary" classname="com.smarthome.InDepthAuthenticationTest" time="0.007">
    <system-out><![CDATA[[INFO] DynamoDB table 'customers' already exists

 Setting up In-Depth Authentication Test...

 === AUTHENTICATION SYSTEM IN-DEPTH TEST SUMMARY ===
 Valid User Registration - PASSED
 Duplicate Email Prevention - PASSED
 Email Format Validation - PASSED
 Password Strength Validation - PASSED
 Password Confirmation Validation - PASSED
 Valid User Login - PASSED
 Invalid Credential Handling - PASSED
 Login Without Registration Prevention - PASSED
 User Logout - PASSED
 Logout Error Handling - PASSED
 Password Reset (Existing User) - PASSED
 Password Reset (Non-existent User) - PASSED
 Session State Management - PASSED
 Multiple User Support - PASSED
 Comprehensive Authentication Flow - PASSED

 AUTHENTICATION SYSTEM STATUS: FULLY FUNCTIONAL
 SECURITY FEATURES: ALL WORKING
 MULTI-USER SUPPORT: ENABLED
 TEST COVERAGE: COMPREHENSIVE

 ALL AUTHENTICATION TESTS PASSED - SYSTEM SECURE!
 Authentication test cleanup completed
]]></system-out>
  </testcase>
</testsuite>