<?xml version="1.0" encoding="UTF-8"?>
<testsuite xmlns:xsi="http://www.w3.org/2001/XMLSchema-instance" xsi:noNamespaceSchemaLocation="https://maven.apache.org/surefire/maven-surefire-plugin/xsd/surefire-test-report-3.0.xsd" version="3.0" name="com.smarthome.DevicePermissionTest" time="3.389" tests="10" errors="0" skipped="0" failures="6">
  <properties>
[...]
</properties>
  <testcase name="testCustomerDevicePermissions" classname="com.smarthome.DevicePermissionTest" time="2.225">
    <failure message="Permission should be granted successfully ==&gt; expected: &lt;true&gt; but was: &lt;false&gt;" type="org.opentest4j.AssertionFailedError"><![CDATA[org.opentest4j.AssertionFailedError: Permission should be granted successfully ==> expected: <true> but was: <false>
	at org.junit.jupiter.api.AssertionFailureBuilder.build(AssertionFailureBuilder.java:151)
	at org.junit.jupiter.api.AssertionFailureBuilder.buildAndThrow(AssertionFailureBuilder.java:132)
	at org.junit.jupiter.api.AssertTrue.failNotTrue(AssertTrue.java:63)
	at org.junit.jupiter.api.AssertTrue.assertTrue(AssertTrue.java:36)
	at org.junit.jupiter.api.Assertions.assertTrue(Assertions.java:210)
	at com.smarthome.DevicePermissionTest.testCustomerDevicePermissions(DevicePermissionTest.java:104)
	at java.base/java.lang.reflect.Method.invoke(Method.java:565)
	at java.base/java.util.ArrayList.forEach(ArrayList.java:1604)
	at java.base/java.util.ArrayList.forEach(ArrayList.java:1604)
]]></failure>
    <system-out><![CDATA[✅ Successfully connected to local DynamoDB at: http://localhost:8002
📋 DynamoDB table 'customers' already exists
[ERROR] Registration failed! Email might already be registered.
[ERROR] Registration failed! Email might already be registered.
🔐 Setting up device permission test environment...
[SUCCESS] Login successful! Welcome back, Admin User!
Error: Invalid model for TV
Error: Invalid model for AC
[SUCCESS] Logged out successfully from account: admin@test.com
[INFO] You can now register a new account or login with different credentials.
🧹 Cleaned up permission test environment
]]></system-out>
  </testcase>
  <testcase name="testDevicePermissionMatching" classname="com.smarthome.DevicePermissionTest" time="0.034">
    <system-out><![CDATA[📋 DynamoDB table 'customers' already exists
[ERROR] Registration failed! Email might already be registered.
[ERROR] Registration failed! Email might already be registered.
🔐 Setting up device permission test environment...
✅ Device permission matching test passed
🧹 Cleaned up permission test environment
]]></system-out>
  </testcase>
  <testcase name="testMultipleDevicePermissions" classname="com.smarthome.DevicePermissionTest" time="0.141">
    <failure message="TV permission should be granted ==&gt; expected: &lt;true&gt; but was: &lt;false&gt;" type="org.opentest4j.AssertionFailedError"><![CDATA[org.opentest4j.AssertionFailedError: TV permission should be granted ==> expected: <true> but was: <false>
	at org.junit.jupiter.api.AssertionFailureBuilder.build(AssertionFailureBuilder.java:151)
	at org.junit.jupiter.api.AssertionFailureBuilder.buildAndThrow(AssertionFailureBuilder.java:132)
	at org.junit.jupiter.api.AssertTrue.failNotTrue(AssertTrue.java:63)
	at org.junit.jupiter.api.AssertTrue.assertTrue(AssertTrue.java:36)
	at org.junit.jupiter.api.Assertions.assertTrue(Assertions.java:210)
	at com.smarthome.DevicePermissionTest.testMultipleDevicePermissions(DevicePermissionTest.java:247)
	at java.base/java.lang.reflect.Method.invoke(Method.java:565)
	at java.base/java.util.ArrayList.forEach(ArrayList.java:1604)
	at java.base/java.util.ArrayList.forEach(ArrayList.java:1604)
]]></failure>
    <system-out><![CDATA[📋 DynamoDB table 'customers' already exists
[ERROR] Registration failed! Email might already be registered.
[ERROR] Registration failed! Email might already be registered.
🔐 Setting up device permission test environment...
[SUCCESS] Login successful! Welcome back, Admin User!
[ERROR] member@test.com is already in your group!
Error: Invalid model for TV
Error: Invalid model for AC
A LIGHT already exists in Kitchen. You can only have one LIGHT per room.
[ERROR] Failed to grant permission. Device may not exist or permission already exists.
[ERROR] Failed to grant permission. Device may not exist or permission already exists.
[ERROR] Failed to grant permission. Device may not exist or permission already exists.
[SUCCESS] Logged out successfully from account: admin@test.com
[INFO] You can now register a new account or login with different credentials.
🧹 Cleaned up permission test environment
]]></system-out>
  </testcase>
  <testcase name="testNonAdminPermissionManagement" classname="com.smarthome.DevicePermissionTest" time="0.237">
    <system-out><![CDATA[📋 DynamoDB table 'customers' already exists
[ERROR] Registration failed! Email might already be registered.
[ERROR] Registration failed! Email might already be registered.
🔐 Setting up device permission test environment...
[SUCCESS] Login successful! Welcome back, Admin User!
[ERROR] member@test.com is already in your group!
[SUCCESS] Logged out successfully from account: admin@test.com
[INFO] You can now register a new account or login with different credentials.
[SUCCESS] Login successful! Welcome back, Member User!
[ERROR] Only the group admin can grant device permissions!
[INFO] Group admin is: admin@test.com
✅ Non-admin permission management test passed
[SUCCESS] Logged out successfully from account: member@test.com
[INFO] You can now register a new account or login with different credentials.
🧹 Cleaned up permission test environment
]]></system-out>
  </testcase>
  <testcase name="testRevokeDevicePermissionViaService" classname="com.smarthome.DevicePermissionTest" time="0.116">
    <failure message="Permission should exist before revoking ==&gt; expected: &lt;true&gt; but was: &lt;false&gt;" type="org.opentest4j.AssertionFailedError"><![CDATA[org.opentest4j.AssertionFailedError: Permission should exist before revoking ==> expected: <true> but was: <false>
	at org.junit.jupiter.api.AssertionFailureBuilder.build(AssertionFailureBuilder.java:151)
	at org.junit.jupiter.api.AssertionFailureBuilder.buildAndThrow(AssertionFailureBuilder.java:132)
	at org.junit.jupiter.api.AssertTrue.failNotTrue(AssertTrue.java:63)
	at org.junit.jupiter.api.AssertTrue.assertTrue(AssertTrue.java:36)
	at org.junit.jupiter.api.Assertions.assertTrue(Assertions.java:210)
	at com.smarthome.DevicePermissionTest.testRevokeDevicePermissionViaService(DevicePermissionTest.java:170)
	at java.base/java.lang.reflect.Method.invoke(Method.java:565)
	at java.base/java.util.ArrayList.forEach(ArrayList.java:1604)
	at java.base/java.util.ArrayList.forEach(ArrayList.java:1604)
]]></failure>
    <system-out><![CDATA[📋 DynamoDB table 'customers' already exists
[ERROR] Registration failed! Email might already be registered.
[ERROR] Registration failed! Email might already be registered.
🔐 Setting up device permission test environment...
[SUCCESS] Login successful! Welcome back, Admin User!
[ERROR] member@test.com is already in your group!
Error: Invalid model for TV
[ERROR] Failed to grant permission. Device may not exist or permission already exists.
[SUCCESS] Logged out successfully from account: admin@test.com
[INFO] You can now register a new account or login with different credentials.
🧹 Cleaned up permission test environment
]]></system-out>
  </testcase>
  <testcase name="testPermissionBasedDeviceViewing" classname="com.smarthome.DevicePermissionTest" time="0.216">
    <system-out><![CDATA[📋 DynamoDB table 'customers' already exists
[ERROR] Registration failed! Email might already be registered.
[ERROR] Registration failed! Email might already be registered.
🔐 Setting up device permission test environment...
[SUCCESS] Login successful! Welcome back, Admin User!
[ERROR] member@test.com is already in your group!
Error: Invalid model for TV
Error: Invalid model for AC
[ERROR] Failed to grant permission. Device may not exist or permission already exists.
[SUCCESS] Logged out successfully from account: admin@test.com
[INFO] You can now register a new account or login with different credentials.
[SUCCESS] Login successful! Welcome back, Member User!

=== Group Gadgets ===
[INFO] Group size: 2 member(s) | Admin: admin@test.com
[INFO] Your role: Member
[INFO] Showing your devices + devices you have permission to access
[INFO] You have access to 1 group member devices
Device List (Enter number to view detailed energy info):
+----+-----------------------------+----------+-----------+-------------+-------------+
| #  | Device                      | Power    | Status    | Usage Time  | Energy(kWh) |
+----+-----------------------------+----------+-----------+-------------+-------------+
| 1  | LIGHT Philips Hue (Kitchen) |      60W | OFF       |      0h 00m |       0.000 |
+----+-----------------------------+----------+-----------+-------------+-------------+
✅ Permission-based device viewing test passed - 1 accessible devices
[SUCCESS] Logged out successfully from account: member@test.com
[INFO] You can now register a new account or login with different credentials.
🧹 Cleaned up permission test environment
]]></system-out>
  </testcase>
  <testcase name="testDevicePermissionModel" classname="com.smarthome.DevicePermissionTest" time="0.023">
    <system-out><![CDATA[📋 DynamoDB table 'customers' already exists
[ERROR] Registration failed! Email might already be registered.
[ERROR] Registration failed! Email might already be registered.
🔐 Setting up device permission test environment...
✅ Device permission model test passed
🧹 Cleaned up permission test environment
]]></system-out>
  </testcase>
  <testcase name="testGrantDevicePermissionViaService" classname="com.smarthome.DevicePermissionTest" time="0.112">
    <failure message="Device permission should be granted via service ==&gt; expected: &lt;true&gt; but was: &lt;false&gt;" type="org.opentest4j.AssertionFailedError"><![CDATA[org.opentest4j.AssertionFailedError: Device permission should be granted via service ==> expected: <true> but was: <false>
	at org.junit.jupiter.api.AssertionFailureBuilder.build(AssertionFailureBuilder.java:151)
	at org.junit.jupiter.api.AssertionFailureBuilder.buildAndThrow(AssertionFailureBuilder.java:132)
	at org.junit.jupiter.api.AssertTrue.failNotTrue(AssertTrue.java:63)
	at org.junit.jupiter.api.AssertTrue.assertTrue(AssertTrue.java:36)
	at org.junit.jupiter.api.Assertions.assertTrue(Assertions.java:210)
	at com.smarthome.DevicePermissionTest.testGrantDevicePermissionViaService(DevicePermissionTest.java:151)
	at java.base/java.lang.reflect.Method.invoke(Method.java:565)
	at java.base/java.util.ArrayList.forEach(ArrayList.java:1604)
	at java.base/java.util.ArrayList.forEach(ArrayList.java:1604)
]]></failure>
    <system-out><![CDATA[📋 DynamoDB table 'customers' already exists
[ERROR] Registration failed! Email might already be registered.
[ERROR] Registration failed! Email might already be registered.
🔐 Setting up device permission test environment...
[SUCCESS] Login successful! Welcome back, Admin User!
[ERROR] member@test.com is already in your group!
Error: Invalid model for TV
[ERROR] Failed to grant permission. Device may not exist or permission already exists.
[SUCCESS] Logged out successfully from account: admin@test.com
[INFO] You can now register a new account or login with different credentials.
🧹 Cleaned up permission test environment
]]></system-out>
  </testcase>
  <testcase name="testDuplicatePermissionPrevention" classname="com.smarthome.DevicePermissionTest" time="0.127">
    <failure message="First permission grant should succeed ==&gt; expected: &lt;true&gt; but was: &lt;false&gt;" type="org.opentest4j.AssertionFailedError"><![CDATA[org.opentest4j.AssertionFailedError: First permission grant should succeed ==> expected: <true> but was: <false>
	at org.junit.jupiter.api.AssertionFailureBuilder.build(AssertionFailureBuilder.java:151)
	at org.junit.jupiter.api.AssertionFailureBuilder.buildAndThrow(AssertionFailureBuilder.java:132)
	at org.junit.jupiter.api.AssertTrue.failNotTrue(AssertTrue.java:63)
	at org.junit.jupiter.api.AssertTrue.assertTrue(AssertTrue.java:36)
	at org.junit.jupiter.api.Assertions.assertTrue(Assertions.java:210)
	at com.smarthome.DevicePermissionTest.testDuplicatePermissionPrevention(DevicePermissionTest.java:273)
	at java.base/java.lang.reflect.Method.invoke(Method.java:565)
	at java.base/java.util.ArrayList.forEach(ArrayList.java:1604)
	at java.base/java.util.ArrayList.forEach(ArrayList.java:1604)
]]></failure>
    <system-out><![CDATA[📋 DynamoDB table 'customers' already exists
[ERROR] Registration failed! Email might already be registered.
[ERROR] Registration failed! Email might already be registered.
🔐 Setting up device permission test environment...
[SUCCESS] Login successful! Welcome back, Admin User!
[ERROR] member@test.com is already in your group!
Error: Invalid model for TV
[ERROR] Failed to grant permission. Device may not exist or permission already exists.
[SUCCESS] Logged out successfully from account: admin@test.com
[INFO] You can now register a new account or login with different credentials.
🧹 Cleaned up permission test environment
]]></system-out>
  </testcase>
  <testcase name="testGroupSetupAndAdmin" classname="com.smarthome.DevicePermissionTest" time="0.105">
    <failure message="Member should be added to group successfully ==&gt; expected: &lt;true&gt; but was: &lt;false&gt;" type="org.opentest4j.AssertionFailedError"><![CDATA[org.opentest4j.AssertionFailedError: Member should be added to group successfully ==> expected: <true> but was: <false>
	at org.junit.jupiter.api.AssertionFailureBuilder.build(AssertionFailureBuilder.java:151)
	at org.junit.jupiter.api.AssertionFailureBuilder.buildAndThrow(AssertionFailureBuilder.java:132)
	at org.junit.jupiter.api.AssertTrue.failNotTrue(AssertTrue.java:63)
	at org.junit.jupiter.api.AssertTrue.assertTrue(AssertTrue.java:36)
	at org.junit.jupiter.api.Assertions.assertTrue(Assertions.java:210)
	at com.smarthome.DevicePermissionTest.testGroupSetupAndAdmin(DevicePermissionTest.java:132)
	at java.base/java.lang.reflect.Method.invoke(Method.java:565)
	at java.base/java.util.ArrayList.forEach(ArrayList.java:1604)
	at java.base/java.util.ArrayList.forEach(ArrayList.java:1604)
]]></failure>
    <system-out><![CDATA[📋 DynamoDB table 'customers' already exists
[ERROR] Registration failed! Email might already be registered.
[ERROR] Registration failed! Email might already be registered.
🔐 Setting up device permission test environment...
[SUCCESS] Login successful! Welcome back, Admin User!
[ERROR] member@test.com is already in your group!
[SUCCESS] Logged out successfully from account: admin@test.com
[INFO] You can now register a new account or login with different credentials.
🧹 Cleaned up permission test environment
]]></system-out>
  </testcase>
</testsuite>