<?xml version="1.0" encoding="UTF-8"?>
<testsuite xmlns:xsi="http://www.w3.org/2001/XMLSchema-instance" xsi:noNamespaceSchemaLocation="https://maven.apache.org/surefire/maven-surefire-plugin/xsd/surefire-test-report-3.0.xsd" version="3.0" name="com.smarthome.AlertsFunctionalityTest" time="6.751" tests="8" errors="0" skipped="0" failures="3">
  <properties>
[...]
</properties>
  <testcase name="testEnergyUsageAlertCreation" classname="com.smarthome.AlertsFunctionalityTest" time="5.555">
    <system-out><![CDATA[[INFO] Running in DEMO MODE - data won't persist between sessions

🚨 Setting up Alerts Functionality Test...
[INFO] Customer registered in DEMO mode (data will not persist)
[SUCCESS] Thank you! Customer registration successful.
[SUCCESS] Login successful! Welcome back, Alerts Test User!

⚡ Testing Energy Usage Alert Creation...
[SUCCESS] Successfully connected to AC LG in Master Bedroom
[SUCCESS] Energy usage alert created: High Energy Alert
  Device: AC in Master Bedroom
  Condition: Energy greater than 5.0 kWh
✅ Energy usage alert creation: WORKING
   Alert Name: High Energy Alert
   Device: AC in Master Bedroom
   Condition: Energy greater than 5.0 kWh
[SUCCESS] Logged out successfully from account: alerts@smarthome.com
[INFO] You can now register a new account or login with different credentials.
🧹 Alerts functionality test cleanup completed
]]></system-out>
    <system-err><![CDATA[ Failed to connect to DynamoDB at http://localhost:8002: Unable to execute HTTP request: Connect to localhost:8002 [localhost/127.0.0.1, localhost/0:0:0:0:0:0:0:1] failed: Connection refused: getsockopt
Failed to initialize DynamoDB client: Unable to execute HTTP request: Connect to localhost:8002 [localhost/127.0.0.1, localhost/0:0:0:0:0:0:0:1] failed: Connection refused: getsockopt

[WARNING] DynamoDB is not available. Please:
   1. Start DynamoDB Local: java -Djava.library.path=./DynamoDBLocal_lib -jar DynamoDBLocal.jar -sharedDb -port 8002
   2. Or configure AWS DynamoDB credentials
   3. Application will continue in demo mode but data won't persist.

]]></system-err>
  </testcase>
  <testcase name="testAlertSystemSummary" classname="com.smarthome.AlertsFunctionalityTest" time="0.16">
    <system-out><![CDATA[[INFO] Running in DEMO MODE - data won't persist between sessions

🚨 Setting up Alerts Functionality Test...
[INFO] Customer registered in DEMO mode (data will not persist)
[SUCCESS] Thank you! Customer registration successful.
[SUCCESS] Login successful! Welcome back, Alerts Test User!

📋 === ALERT SYSTEM FUNCTIONALITY TEST SUMMARY ===

🎯 FEATURE IMPLEMENTATION STATUS:
✅ AlertService singleton pattern - IMPLEMENTED
✅ Time-based alerts - WORKING
✅ Energy usage alerts - WORKING
✅ Alert management (toggle/delete) - WORKING
✅ Alert validation - WORKING
✅ Device Control Panel integration - COMPLETE
✅ Background monitoring integration - COMPLETE
✅ User interface methods - IMPLEMENTED
✅ Help system - FUNCTIONAL

🏗️ DESIGN PATTERNS USED:
• Singleton Pattern - AlertService
• Facade Pattern - SmartHomeService integration
• Observer Pattern - Background monitoring
• Command Pattern - Alert actions

🔧 TECHNICAL IMPLEMENTATION:
• Data Structures: HashMap, ArrayList for alert storage
• Time Handling: LocalDateTime for precise timing
• Background Processing: Integrated with TimerService
• User Interface: Added to Device Control Panel menu
• Validation: Comprehensive input validation

🎉 ALERT SYSTEM: FULLY FUNCTIONAL AND READY!
Users can now create, manage, and monitor device alerts
based on time schedules and energy usage thresholds.
[SUCCESS] Logged out successfully from account: alerts@smarthome.com
[INFO] You can now register a new account or login with different credentials.
🧹 Alerts functionality test cleanup completed
]]></system-out>
  </testcase>
  <testcase name="testDeviceControlPanelIntegration" classname="com.smarthome.AlertsFunctionalityTest" time="0.177">
    <system-out><![CDATA[[INFO] Running in DEMO MODE - data won't persist between sessions

🚨 Setting up Alerts Functionality Test...
[INFO] Customer registered in DEMO mode (data will not persist)
[SUCCESS] Thank you! Customer registration successful.
[SUCCESS] Login successful! Welcome back, Alerts Test User!

🎛️ Testing Device Control Panel Integration...
✅ Device Control Panel integration: WORKING
   AlertService integration: SUCCESSFUL
   Alert checking: FUNCTIONAL
[SUCCESS] Logged out successfully from account: alerts@smarthome.com
[INFO] You can now register a new account or login with different credentials.
🧹 Alerts functionality test cleanup completed
]]></system-out>
  </testcase>
  <testcase name="testAlertValidation" classname="com.smarthome.AlertsFunctionalityTest" time="0.156">
    <system-out><![CDATA[[INFO] Running in DEMO MODE - data won't persist between sessions

🚨 Setting up Alerts Functionality Test...
[INFO] Customer registered in DEMO mode (data will not persist)
[SUCCESS] Thank you! Customer registration successful.
[SUCCESS] Login successful! Welcome back, Alerts Test User!

🔒 Testing Alert Validation...
[ERROR] Device not found: NONEXISTENT in Living Room
[SUCCESS] Successfully connected to SPEAKER JBL in Living Room
[ERROR] Alert trigger time must be in the future!
[ERROR] Energy threshold must be greater than 0!
✅ Alert validation: WORKING
   Non-existent device: REJECTED
   Past time: REJECTED
   Invalid threshold: REJECTED
[SUCCESS] Logged out successfully from account: alerts@smarthome.com
[INFO] You can now register a new account or login with different credentials.
🧹 Alerts functionality test cleanup completed
]]></system-out>
  </testcase>
  <testcase name="testAlertSystemIntegration" classname="com.smarthome.AlertsFunctionalityTest" time="0.184">
    <failure message="New user should have no alerts initially ==&gt; expected: &lt;true&gt; but was: &lt;false&gt;" type="org.opentest4j.AssertionFailedError"><![CDATA[org.opentest4j.AssertionFailedError: New user should have no alerts initially ==> expected: <true> but was: <false>
	at org.junit.jupiter.api.AssertionFailureBuilder.build(AssertionFailureBuilder.java:151)
	at org.junit.jupiter.api.AssertionFailureBuilder.buildAndThrow(AssertionFailureBuilder.java:132)
	at org.junit.jupiter.api.AssertTrue.failNotTrue(AssertTrue.java:63)
	at org.junit.jupiter.api.AssertTrue.assertTrue(AssertTrue.java:36)
	at org.junit.jupiter.api.Assertions.assertTrue(Assertions.java:210)
	at com.smarthome.AlertsFunctionalityTest.testAlertSystemIntegration(AlertsFunctionalityTest.java:57)
	at java.base/java.lang.reflect.Method.invoke(Method.java:565)
	at java.base/java.util.ArrayList.forEach(ArrayList.java:1604)
	at java.base/java.util.ArrayList.forEach(ArrayList.java:1604)
]]></failure>
    <system-out><![CDATA[[INFO] Running in DEMO MODE - data won't persist between sessions

🚨 Setting up Alerts Functionality Test...
[INFO] Customer registered in DEMO mode (data will not persist)
[SUCCESS] Thank you! Customer registration successful.
[SUCCESS] Login successful! Welcome back, Alerts Test User!

🔍 Testing Alert System Integration...
✅ AlertService integration: WORKING

=== Your Device Alerts ===
Total Alerts: 1 | Active: 1 | Inactive: 0

+----+-------------------------+---------------+-------------------+--------+-------+
| #  | Alert Name              | Device        | Condition         | Status | Count |
+----+-------------------------+---------------+-------------------+--------+-------+
| 1  | High Energy Alert       | AC (Master... | Energy greater... | ACTIVE | 0     |
+----+-------------------------+---------------+-------------------+--------+-------+
[SUCCESS] Logged out successfully from account: alerts@smarthome.com
[INFO] You can now register a new account or login with different credentials.
🧹 Alerts functionality test cleanup completed
]]></system-out>
  </testcase>
  <testcase name="testTimeBasedAlertCreation" classname="com.smarthome.AlertsFunctionalityTest" time="0.154">
    <failure message="Should have 1 alert after creation ==&gt; expected: &lt;1&gt; but was: &lt;2&gt;" type="org.opentest4j.AssertionFailedError"><![CDATA[org.opentest4j.AssertionFailedError: Should have 1 alert after creation ==> expected: <1> but was: <2>
	at org.junit.jupiter.api.AssertionFailureBuilder.build(AssertionFailureBuilder.java:151)
	at org.junit.jupiter.api.AssertionFailureBuilder.buildAndThrow(AssertionFailureBuilder.java:132)
	at org.junit.jupiter.api.AssertEquals.failNotEqual(AssertEquals.java:197)
	at org.junit.jupiter.api.AssertEquals.assertEquals(AssertEquals.java:150)
	at org.junit.jupiter.api.Assertions.assertEquals(Assertions.java:559)
	at com.smarthome.AlertsFunctionalityTest.testTimeBasedAlertCreation(AlertsFunctionalityTest.java:84)
	at java.base/java.lang.reflect.Method.invoke(Method.java:565)
	at java.base/java.util.ArrayList.forEach(ArrayList.java:1604)
	at java.base/java.util.ArrayList.forEach(ArrayList.java:1604)
]]></failure>
    <system-out><![CDATA[[INFO] Running in DEMO MODE - data won't persist between sessions

🚨 Setting up Alerts Functionality Test...
[INFO] Customer registered in DEMO mode (data will not persist)
[SUCCESS] Thank you! Customer registration successful.
[SUCCESS] Login successful! Welcome back, Alerts Test User!

⏰ Testing Time-Based Alert Creation...
[SUCCESS] Successfully connected to TV Samsung in Living Room
[SUCCESS] Time-based alert created: Test Time Alert
  Device: TV in Living Room
  Trigger: 21-09-2025 15:03
[SUCCESS] Logged out successfully from account: alerts@smarthome.com
[INFO] You can now register a new account or login with different credentials.
🧹 Alerts functionality test cleanup completed
]]></system-out>
  </testcase>
  <testcase name="testAlertManagementOperations" classname="com.smarthome.AlertsFunctionalityTest" time="0.153">
    <failure message="Should have 1 alert ==&gt; expected: &lt;1&gt; but was: &lt;3&gt;" type="org.opentest4j.AssertionFailedError"><![CDATA[org.opentest4j.AssertionFailedError: Should have 1 alert ==> expected: <1> but was: <3>
	at org.junit.jupiter.api.AssertionFailureBuilder.build(AssertionFailureBuilder.java:151)
	at org.junit.jupiter.api.AssertionFailureBuilder.buildAndThrow(AssertionFailureBuilder.java:132)
	at org.junit.jupiter.api.AssertEquals.failNotEqual(AssertEquals.java:197)
	at org.junit.jupiter.api.AssertEquals.assertEquals(AssertEquals.java:150)
	at org.junit.jupiter.api.Assertions.assertEquals(Assertions.java:559)
	at com.smarthome.AlertsFunctionalityTest.testAlertManagementOperations(AlertsFunctionalityTest.java:153)
	at java.base/java.lang.reflect.Method.invoke(Method.java:565)
	at java.base/java.util.ArrayList.forEach(ArrayList.java:1604)
	at java.base/java.util.ArrayList.forEach(ArrayList.java:1604)
]]></failure>
    <system-out><![CDATA[[INFO] Running in DEMO MODE - data won't persist between sessions

🚨 Setting up Alerts Functionality Test...
[INFO] Customer registered in DEMO mode (data will not persist)
[SUCCESS] Thank you! Customer registration successful.
[SUCCESS] Login successful! Welcome back, Alerts Test User!

🛠️ Testing Alert Management Operations...
[SUCCESS] Successfully connected to FAN Bajaj in Study Room
[SUCCESS] Time-based alert created: Fan Management Alert
  Device: FAN in Study Room
  Trigger: 20-09-2025 17:03
[SUCCESS] Logged out successfully from account: alerts@smarthome.com
[INFO] You can now register a new account or login with different credentials.
🧹 Alerts functionality test cleanup completed
]]></system-out>
  </testcase>
  <testcase name="testAlertHelpAndInformation" classname="com.smarthome.AlertsFunctionalityTest" time="0.152">
    <system-out><![CDATA[[INFO] Running in DEMO MODE - data won't persist between sessions

🚨 Setting up Alerts Functionality Test...
[INFO] Customer registered in DEMO mode (data will not persist)
[SUCCESS] Thank you! Customer registration successful.
[SUCCESS] Login successful! Welcome back, Alerts Test User!

📚 Testing Alert Help and Information...
✅ Alert help system: WORKING
   Help text length: 590 characters
   Contains required sections: YES
[SUCCESS] Logged out successfully from account: alerts@smarthome.com
[INFO] You can now register a new account or login with different credentials.
🧹 Alerts functionality test cleanup completed
]]></system-out>
  </testcase>
</testsuite>