<?xml version="1.0" encoding="UTF-8"?>
<testsuite xmlns:xsi="http://www.w3.org/2001/XMLSchema-instance" xsi:noNamespaceSchemaLocation="https://maven.apache.org/surefire/maven-surefire-plugin/xsd/surefire-test-report-3.0.xsd" version="3.0" name="com.smarthome.SmartHomeServiceCoreTest" time="12.561" tests="25" errors="1" skipped="0" failures="12">
  <properties>
[...]
</properties>
  <testcase name="testUpdateUserFullName" classname="com.smarthome.SmartHomeServiceCoreTest" time="6.72">
    <failure message="Updating user full name should succeed ==&gt; expected: &lt;true&gt; but was: &lt;false&gt;" type="org.opentest4j.AssertionFailedError"><![CDATA[org.opentest4j.AssertionFailedError: Updating user full name should succeed ==> expected: <true> but was: <false>
	at org.junit.jupiter.api.AssertionFailureBuilder.build(AssertionFailureBuilder.java:151)
	at org.junit.jupiter.api.AssertionFailureBuilder.buildAndThrow(AssertionFailureBuilder.java:132)
	at org.junit.jupiter.api.AssertTrue.failNotTrue(AssertTrue.java:63)
	at org.junit.jupiter.api.AssertTrue.assertTrue(AssertTrue.java:36)
	at org.junit.jupiter.api.Assertions.assertTrue(Assertions.java:210)
	at com.smarthome.SmartHomeServiceCoreTest.testUpdateUserFullName(SmartHomeServiceCoreTest.java:312)
	at java.base/java.lang.reflect.Method.invoke(Method.java:565)
	at java.base/java.util.ArrayList.forEach(ArrayList.java:1604)
	at java.base/java.util.ArrayList.forEach(ArrayList.java:1604)
]]></failure>
    <system-out><![CDATA[ Successfully connected to local DynamoDB at: http://localhost:8002
[INFO] DynamoDB table 'customers' already exists
🔧 Setting up core test environment...
[ERROR] Registration failed! Email might already be registered.
[SECURITY] Implementing 5 second delay due to failed attempts...
[SECURITY] Failed login attempt #3 for account: test@smarthome.com at 2025-09-20 10:23:56.440747
[LOCKED] Account locked for 15 minutes due to 3 failed login attempts.
Please login first!
🧹 Cleaned up core test environment
]]></system-out>
  </testcase>
  <testcase name="testConnectDeviceWithoutLogin" classname="com.smarthome.SmartHomeServiceCoreTest" time="0.008">
    <system-out><![CDATA[[INFO] DynamoDB table 'customers' already exists
🔧 Setting up core test environment...
Please login first!
✅ Connect without login test passed
🧹 Cleaned up core test environment
]]></system-out>
  </testcase>
  <testcase name="testDuplicateEmailRegistration" classname="com.smarthome.SmartHomeServiceCoreTest" time="0.015">
    <failure message="First registration should succeed ==&gt; expected: &lt;true&gt; but was: &lt;false&gt;" type="org.opentest4j.AssertionFailedError"><![CDATA[org.opentest4j.AssertionFailedError: First registration should succeed ==> expected: <true> but was: <false>
	at org.junit.jupiter.api.AssertionFailureBuilder.build(AssertionFailureBuilder.java:151)
	at org.junit.jupiter.api.AssertionFailureBuilder.buildAndThrow(AssertionFailureBuilder.java:132)
	at org.junit.jupiter.api.AssertTrue.failNotTrue(AssertTrue.java:63)
	at org.junit.jupiter.api.AssertTrue.assertTrue(AssertTrue.java:36)
	at org.junit.jupiter.api.Assertions.assertTrue(Assertions.java:210)
	at com.smarthome.SmartHomeServiceCoreTest.testDuplicateEmailRegistration(SmartHomeServiceCoreTest.java:89)
	at java.base/java.lang.reflect.Method.invoke(Method.java:565)
	at java.base/java.util.ArrayList.forEach(ArrayList.java:1604)
	at java.base/java.util.ArrayList.forEach(ArrayList.java:1604)
]]></failure>
    <system-out><![CDATA[[INFO] DynamoDB table 'customers' already exists
🔧 Setting up core test environment...
[ERROR] Registration failed! Email might already be registered.
🧹 Cleaned up core test environment
]]></system-out>
  </testcase>
  <testcase name="testValidCustomerLogin" classname="com.smarthome.SmartHomeServiceCoreTest" time="0.019">
    <failure message="Valid customer login should succeed ==&gt; expected: &lt;true&gt; but was: &lt;false&gt;" type="org.opentest4j.AssertionFailedError"><![CDATA[org.opentest4j.AssertionFailedError: Valid customer login should succeed ==> expected: <true> but was: <false>
	at org.junit.jupiter.api.AssertionFailureBuilder.build(AssertionFailureBuilder.java:151)
	at org.junit.jupiter.api.AssertionFailureBuilder.buildAndThrow(AssertionFailureBuilder.java:132)
	at org.junit.jupiter.api.AssertTrue.failNotTrue(AssertTrue.java:63)
	at org.junit.jupiter.api.AssertTrue.assertTrue(AssertTrue.java:36)
	at org.junit.jupiter.api.Assertions.assertTrue(Assertions.java:210)
	at com.smarthome.SmartHomeServiceCoreTest.testValidCustomerLogin(SmartHomeServiceCoreTest.java:107)
	at java.base/java.lang.reflect.Method.invoke(Method.java:565)
	at java.base/java.util.ArrayList.forEach(ArrayList.java:1604)
	at java.base/java.util.ArrayList.forEach(ArrayList.java:1604)
]]></failure>
    <system-out><![CDATA[[INFO] DynamoDB table 'customers' already exists
🔧 Setting up core test environment...
[ERROR] Registration failed! Email might already be registered.
[LOCKED] Account is locked until: 2025-09-20 10:38:56.443786300. Please try again later.
🧹 Cleaned up core test environment
]]></system-out>
  </testcase>
  <testcase name="testRegistrationInvalidEmail" classname="com.smarthome.SmartHomeServiceCoreTest" time="0.008">
    <system-out><![CDATA[[INFO] DynamoDB table 'customers' already exists
🔧 Setting up core test environment...
Invalid email format!
✅ Invalid email test passed
🧹 Cleaned up core test environment
]]></system-out>
  </testcase>
  <testcase name="testRegistrationWeakPassword" classname="com.smarthome.SmartHomeServiceCoreTest" time="0.007">
    <system-out><![CDATA[[INFO] DynamoDB table 'customers' already exists
🔧 Setting up core test environment...
[ERROR] Invalid password! Please ensure your password meets all requirements:
Password must be 8-128 characters long and contain:
- At least one uppercase letter (A-Z)
- At least one lowercase letter (a-z)
- At least one number (0-9)
- At least one special character (!@#$%^&*)
- Cannot be a common password
- Cannot have more than 2 repeating characters
✅ Weak password test passed
🧹 Cleaned up core test environment
]]></system-out>
  </testcase>
  <testcase name="testVerifyCurrentPassword" classname="com.smarthome.SmartHomeServiceCoreTest" time="0.021">
    <failure message="Verifying correct password should succeed ==&gt; expected: &lt;true&gt; but was: &lt;false&gt;" type="org.opentest4j.AssertionFailedError"><![CDATA[org.opentest4j.AssertionFailedError: Verifying correct password should succeed ==> expected: <true> but was: <false>
	at org.junit.jupiter.api.AssertionFailureBuilder.build(AssertionFailureBuilder.java:151)
	at org.junit.jupiter.api.AssertionFailureBuilder.buildAndThrow(AssertionFailureBuilder.java:132)
	at org.junit.jupiter.api.AssertTrue.failNotTrue(AssertTrue.java:63)
	at org.junit.jupiter.api.AssertTrue.assertTrue(AssertTrue.java:36)
	at org.junit.jupiter.api.Assertions.assertTrue(Assertions.java:210)
	at com.smarthome.SmartHomeServiceCoreTest.testVerifyCurrentPassword(SmartHomeServiceCoreTest.java:361)
	at java.base/java.lang.reflect.Method.invoke(Method.java:565)
	at java.base/java.util.ArrayList.forEach(ArrayList.java:1604)
	at java.base/java.util.ArrayList.forEach(ArrayList.java:1604)
]]></failure>
    <system-out><![CDATA[[INFO] DynamoDB table 'customers' already exists
🔧 Setting up core test environment...
[ERROR] Registration failed! Email might already be registered.
[LOCKED] Account is locked until: 2025-09-20 10:38:56.443786300. Please try again later.
🧹 Cleaned up core test environment
]]></system-out>
  </testcase>
  <testcase name="testConnectValidDevice" classname="com.smarthome.SmartHomeServiceCoreTest" time="0.018">
    <failure message="Connecting valid device should succeed ==&gt; expected: &lt;true&gt; but was: &lt;false&gt;" type="org.opentest4j.AssertionFailedError"><![CDATA[org.opentest4j.AssertionFailedError: Connecting valid device should succeed ==> expected: <true> but was: <false>
	at org.junit.jupiter.api.AssertionFailureBuilder.build(AssertionFailureBuilder.java:151)
	at org.junit.jupiter.api.AssertionFailureBuilder.buildAndThrow(AssertionFailureBuilder.java:132)
	at org.junit.jupiter.api.AssertTrue.failNotTrue(AssertTrue.java:63)
	at org.junit.jupiter.api.AssertTrue.assertTrue(AssertTrue.java:36)
	at org.junit.jupiter.api.Assertions.assertTrue(Assertions.java:210)
	at com.smarthome.SmartHomeServiceCoreTest.testConnectValidDevice(SmartHomeServiceCoreTest.java:164)
	at java.base/java.lang.reflect.Method.invoke(Method.java:565)
	at java.base/java.util.ArrayList.forEach(ArrayList.java:1604)
	at java.base/java.util.ArrayList.forEach(ArrayList.java:1604)
]]></failure>
    <system-out><![CDATA[[INFO] DynamoDB table 'customers' already exists
🔧 Setting up core test environment...
[ERROR] Registration failed! Email might already be registered.
[LOCKED] Account is locked until: 2025-09-20 10:38:56.443786300. Please try again later.
Please login first!
🧹 Cleaned up core test environment
]]></system-out>
  </testcase>
  <testcase name="testShowCurrentUserInfo" classname="com.smarthome.SmartHomeServiceCoreTest" time="0.02">
    <system-out><![CDATA[[INFO] DynamoDB table 'customers' already exists
🔧 Setting up core test environment...
[ERROR] Registration failed! Email might already be registered.
[LOCKED] Account is locked until: 2025-09-20 10:38:56.443786300. Please try again later.
Please login first!
Please login first!
✅ Show user info test passed
🧹 Cleaned up core test environment
]]></system-out>
  </testcase>
  <testcase name="testPasswordResetFlow" classname="com.smarthome.SmartHomeServiceCoreTest" time="0.191">
    <system-out><![CDATA[[INFO] DynamoDB table 'customers' already exists
🔧 Setting up core test environment...
[ERROR] Registration failed! Email might already be registered.
[SUCCESS] Account found! You can now reset your password.
[SUCCESS] Password reset successful! You can now login with your new password.
[SUCCESS] Login successful! Welcome back, Updated Test User!
✅ Password reset flow test passed
[SUCCESS] Logged out successfully from account: test@smarthome.com
[INFO] You can now register a new account or login with different credentials.
🧹 Cleaned up core test environment
]]></system-out>
  </testcase>
  <testcase name="testLogoutFunctionality" classname="com.smarthome.SmartHomeServiceCoreTest" time="1.119">
    <failure message="User should be logged in initially ==&gt; expected: &lt;true&gt; but was: &lt;false&gt;" type="org.opentest4j.AssertionFailedError"><![CDATA[org.opentest4j.AssertionFailedError: User should be logged in initially ==> expected: <true> but was: <false>
	at org.junit.jupiter.api.AssertionFailureBuilder.build(AssertionFailureBuilder.java:151)
	at org.junit.jupiter.api.AssertionFailureBuilder.buildAndThrow(AssertionFailureBuilder.java:132)
	at org.junit.jupiter.api.AssertTrue.failNotTrue(AssertTrue.java:63)
	at org.junit.jupiter.api.AssertTrue.assertTrue(AssertTrue.java:36)
	at org.junit.jupiter.api.Assertions.assertTrue(Assertions.java:210)
	at com.smarthome.SmartHomeServiceCoreTest.testLogoutFunctionality(SmartHomeServiceCoreTest.java:144)
	at java.base/java.lang.reflect.Method.invoke(Method.java:565)
	at java.base/java.util.ArrayList.forEach(ArrayList.java:1604)
	at java.base/java.util.ArrayList.forEach(ArrayList.java:1604)
]]></failure>
    <system-out><![CDATA[[INFO] DynamoDB table 'customers' already exists
🔧 Setting up core test environment...
[ERROR] Registration failed! Email might already be registered.
[SECURITY] Failed login attempt #1 for account: test@smarthome.com at 2025-09-20 10:23:57.946983200
[WARNING] Invalid password. This is attempt 1 of 2 allowed before lockout.
[SECURITY] Account will be locked after 2 failed attempts for security.
🧹 Cleaned up core test environment
]]></system-out>
  </testcase>
  <testcase name="testLoginNonExistentEmail" classname="com.smarthome.SmartHomeServiceCoreTest" time="1.025">
    <system-out><![CDATA[[INFO] DynamoDB table 'customers' already exists
🔧 Setting up core test environment...
[ERROR] Email not registered. Please create an account first.
✅ Non-existent email test passed
🧹 Cleaned up core test environment
]]></system-out>
  </testcase>
  <testcase name="testRegistrationMismatchedPasswords" classname="com.smarthome.SmartHomeServiceCoreTest" time="0.009">
    <system-out><![CDATA[[INFO] DynamoDB table 'customers' already exists
🔧 Setting up core test environment...
Passwords do not match!
✅ Mismatched passwords test passed
🧹 Cleaned up core test environment
]]></system-out>
  </testcase>
  <testcase name="testConnectMultipleDifferentDevices" classname="com.smarthome.SmartHomeServiceCoreTest" time="3.157">
    <failure message="expected: &lt;true&gt; but was: &lt;false&gt;" type="org.opentest4j.AssertionFailedError"><![CDATA[org.opentest4j.AssertionFailedError: expected: <true> but was: <false>
	at org.junit.jupiter.api.AssertionFailureBuilder.build(AssertionFailureBuilder.java:151)
	at org.junit.jupiter.api.AssertionFailureBuilder.buildAndThrow(AssertionFailureBuilder.java:132)
	at org.junit.jupiter.api.AssertTrue.failNotTrue(AssertTrue.java:63)
	at org.junit.jupiter.api.AssertTrue.assertTrue(AssertTrue.java:36)
	at org.junit.jupiter.api.AssertTrue.assertTrue(AssertTrue.java:31)
	at org.junit.jupiter.api.Assertions.assertTrue(Assertions.java:179)
	at com.smarthome.SmartHomeServiceCoreTest.testConnectMultipleDifferentDevices(SmartHomeServiceCoreTest.java:215)
	at java.base/java.lang.reflect.Method.invoke(Method.java:565)
	at java.base/java.util.ArrayList.forEach(ArrayList.java:1604)
	at java.base/java.util.ArrayList.forEach(ArrayList.java:1604)
]]></failure>
    <system-out><![CDATA[[INFO] DynamoDB table 'customers' already exists
🔧 Setting up core test environment...
[ERROR] Registration failed! Email might already be registered.
[SECURITY] Implementing 3 second delay due to failed attempts...
[SECURITY] Failed login attempt #2 for account: test@smarthome.com at 2025-09-20 10:24:02.154845100
[LOCKED] Account locked for 5 minutes due to 2 failed login attempts.
Please login first!
🧹 Cleaned up core test environment
]]></system-out>
  </testcase>
  <testcase name="testLoginWrongPassword" classname="com.smarthome.SmartHomeServiceCoreTest" time="0.016">
    <system-out><![CDATA[[INFO] DynamoDB table 'customers' already exists
🔧 Setting up core test environment...
[ERROR] Registration failed! Email might already be registered.
[LOCKED] Account is locked until: 2025-09-20 10:29:02.154845100. Please try again later.
✅ Wrong password test passed
🧹 Cleaned up core test environment
]]></system-out>
  </testcase>
  <testcase name="testConnectDuplicateDevice" classname="com.smarthome.SmartHomeServiceCoreTest" time="0.018">
    <failure message="First device connection should succeed ==&gt; expected: &lt;true&gt; but was: &lt;false&gt;" type="org.opentest4j.AssertionFailedError"><![CDATA[org.opentest4j.AssertionFailedError: First device connection should succeed ==> expected: <true> but was: <false>
	at org.junit.jupiter.api.AssertionFailureBuilder.build(AssertionFailureBuilder.java:151)
	at org.junit.jupiter.api.AssertionFailureBuilder.buildAndThrow(AssertionFailureBuilder.java:132)
	at org.junit.jupiter.api.AssertTrue.failNotTrue(AssertTrue.java:63)
	at org.junit.jupiter.api.AssertTrue.assertTrue(AssertTrue.java:36)
	at org.junit.jupiter.api.Assertions.assertTrue(Assertions.java:210)
	at com.smarthome.SmartHomeServiceCoreTest.testConnectDuplicateDevice(SmartHomeServiceCoreTest.java:195)
	at java.base/java.lang.reflect.Method.invoke(Method.java:565)
	at java.base/java.util.ArrayList.forEach(ArrayList.java:1604)
	at java.base/java.util.ArrayList.forEach(ArrayList.java:1604)
]]></failure>
    <system-out><![CDATA[[INFO] DynamoDB table 'customers' already exists
🔧 Setting up core test environment...
[ERROR] Registration failed! Email might already be registered.
[LOCKED] Account is locked until: 2025-09-20 10:29:02.154845100. Please try again later.
Please login first!
🧹 Cleaned up core test environment
]]></system-out>
  </testcase>
  <testcase name="testValidCustomerRegistration" classname="com.smarthome.SmartHomeServiceCoreTest" time="0.012">
    <failure message="Valid customer registration should succeed ==&gt; expected: &lt;true&gt; but was: &lt;false&gt;" type="org.opentest4j.AssertionFailedError"><![CDATA[org.opentest4j.AssertionFailedError: Valid customer registration should succeed ==> expected: <true> but was: <false>
	at org.junit.jupiter.api.AssertionFailureBuilder.build(AssertionFailureBuilder.java:151)
	at org.junit.jupiter.api.AssertionFailureBuilder.buildAndThrow(AssertionFailureBuilder.java:132)
	at org.junit.jupiter.api.AssertTrue.failNotTrue(AssertTrue.java:63)
	at org.junit.jupiter.api.AssertTrue.assertTrue(AssertTrue.java:36)
	at org.junit.jupiter.api.Assertions.assertTrue(Assertions.java:210)
	at com.smarthome.SmartHomeServiceCoreTest.testValidCustomerRegistration(SmartHomeServiceCoreTest.java:48)
	at java.base/java.lang.reflect.Method.invoke(Method.java:565)
	at java.base/java.util.ArrayList.forEach(ArrayList.java:1604)
	at java.base/java.util.ArrayList.forEach(ArrayList.java:1604)
]]></failure>
    <system-out><![CDATA[[INFO] DynamoDB table 'customers' already exists
🔧 Setting up core test environment...
[ERROR] Registration failed! Email might already be registered.
🧹 Cleaned up core test environment
]]></system-out>
  </testcase>
  <testcase name="testServiceGetters" classname="com.smarthome.SmartHomeServiceCoreTest" time="0.007">
    <system-out><![CDATA[[INFO] DynamoDB table 'customers' already exists
🔧 Setting up core test environment...
✅ Service getters test passed
🧹 Cleaned up core test environment
]]></system-out>
  </testcase>
  <testcase name="testChangeSpecificDeviceStatus" classname="com.smarthome.SmartHomeServiceCoreTest" time="0.017">
    <failure message="Changing specific device status should succeed ==&gt; expected: &lt;true&gt; but was: &lt;false&gt;" type="org.opentest4j.AssertionFailedError"><![CDATA[org.opentest4j.AssertionFailedError: Changing specific device status should succeed ==> expected: <true> but was: <false>
	at org.junit.jupiter.api.AssertionFailureBuilder.build(AssertionFailureBuilder.java:151)
	at org.junit.jupiter.api.AssertionFailureBuilder.buildAndThrow(AssertionFailureBuilder.java:132)
	at org.junit.jupiter.api.AssertTrue.failNotTrue(AssertTrue.java:63)
	at org.junit.jupiter.api.AssertTrue.assertTrue(AssertTrue.java:36)
	at org.junit.jupiter.api.Assertions.assertTrue(Assertions.java:210)
	at com.smarthome.SmartHomeServiceCoreTest.testChangeSpecificDeviceStatus(SmartHomeServiceCoreTest.java:281)
	at java.base/java.lang.reflect.Method.invoke(Method.java:565)
	at java.base/java.util.ArrayList.forEach(ArrayList.java:1604)
	at java.base/java.util.ArrayList.forEach(ArrayList.java:1604)
]]></failure>
    <system-out><![CDATA[[INFO] DynamoDB table 'customers' already exists
🔧 Setting up core test environment...
[ERROR] Registration failed! Email might already be registered.
[LOCKED] Account is locked until: 2025-09-20 10:29:02.154845100. Please try again later.
Please login first!
Please login first!
Please login first!
🧹 Cleaned up core test environment
]]></system-out>
  </testcase>
  <testcase name="testChangeDeviceStatus" classname="com.smarthome.SmartHomeServiceCoreTest" time="0.017">
    <error message="Cannot invoke &quot;java.util.List.get(int)&quot; because &quot;devices&quot; is null" type="java.lang.NullPointerException"><![CDATA[java.lang.NullPointerException: Cannot invoke "java.util.List.get(int)" because "devices" is null
	at com.smarthome.SmartHomeServiceCoreTest.testChangeDeviceStatus(SmartHomeServiceCoreTest.java:255)
	at java.base/java.lang.reflect.Method.invoke(Method.java:565)
	at java.base/java.util.ArrayList.forEach(ArrayList.java:1604)
	at java.base/java.util.ArrayList.forEach(ArrayList.java:1604)
]]></error>
    <system-out><![CDATA[[INFO] DynamoDB table 'customers' already exists
🔧 Setting up core test environment...
[ERROR] Registration failed! Email might already be registered.
[LOCKED] Account is locked until: 2025-09-20 10:29:02.154845100. Please try again later.
Please login first!
Please login first!
🧹 Cleaned up core test environment
]]></system-out>
  </testcase>
  <testcase name="testRegistrationInvalidName" classname="com.smarthome.SmartHomeServiceCoreTest" time="0.007">
    <system-out><![CDATA[[INFO] DynamoDB table 'customers' already exists
🔧 Setting up core test environment...
Invalid name! Name should contain only letters and spaces (minimum 2 characters).
✅ Invalid name test passed
🧹 Cleaned up core test environment
]]></system-out>
  </testcase>
  <testcase name="testEmailAvailabilityCheck" classname="com.smarthome.SmartHomeServiceCoreTest" time="0.02">
    <system-out><![CDATA[[INFO] DynamoDB table 'customers' already exists
🔧 Setting up core test environment...
[ERROR] Registration failed! Email might already be registered.
✅ Email availability check test passed
🧹 Cleaned up core test environment
]]></system-out>
  </testcase>
  <testcase name="testUpdateUserEmail" classname="com.smarthome.SmartHomeServiceCoreTest" time="0.016">
    <failure message="Updating user email should succeed ==&gt; expected: &lt;true&gt; but was: &lt;false&gt;" type="org.opentest4j.AssertionFailedError"><![CDATA[org.opentest4j.AssertionFailedError: Updating user email should succeed ==> expected: <true> but was: <false>
	at org.junit.jupiter.api.AssertionFailureBuilder.build(AssertionFailureBuilder.java:151)
	at org.junit.jupiter.api.AssertionFailureBuilder.buildAndThrow(AssertionFailureBuilder.java:132)
	at org.junit.jupiter.api.AssertTrue.failNotTrue(AssertTrue.java:63)
	at org.junit.jupiter.api.AssertTrue.assertTrue(AssertTrue.java:36)
	at org.junit.jupiter.api.Assertions.assertTrue(Assertions.java:210)
	at com.smarthome.SmartHomeServiceCoreTest.testUpdateUserEmail(SmartHomeServiceCoreTest.java:330)
	at java.base/java.lang.reflect.Method.invoke(Method.java:565)
	at java.base/java.util.ArrayList.forEach(ArrayList.java:1604)
	at java.base/java.util.ArrayList.forEach(ArrayList.java:1604)
]]></failure>
    <system-out><![CDATA[[INFO] DynamoDB table 'customers' already exists
🔧 Setting up core test environment...
[ERROR] Registration failed! Email might already be registered.
[LOCKED] Account is locked until: 2025-09-20 10:29:02.154845100. Please try again later.
Please login first!
🧹 Cleaned up core test environment
]]></system-out>
  </testcase>
  <testcase name="testConnectInvalidDevice" classname="com.smarthome.SmartHomeServiceCoreTest" time="0.016">
    <system-out><![CDATA[[INFO] DynamoDB table 'customers' already exists
🔧 Setting up core test environment...
[ERROR] Registration failed! Email might already be registered.
[LOCKED] Account is locked until: 2025-09-20 10:29:02.154845100. Please try again later.
Please login first!
Please login first!
✅ Invalid device test passed
🧹 Cleaned up core test environment
]]></system-out>
  </testcase>
  <testcase name="testUpdateUserPassword" classname="com.smarthome.SmartHomeServiceCoreTest" time="0.016">
    <failure message="Updating user password should succeed ==&gt; expected: &lt;true&gt; but was: &lt;false&gt;" type="org.opentest4j.AssertionFailedError"><![CDATA[org.opentest4j.AssertionFailedError: Updating user password should succeed ==> expected: <true> but was: <false>
	at org.junit.jupiter.api.AssertionFailureBuilder.build(AssertionFailureBuilder.java:151)
	at org.junit.jupiter.api.AssertionFailureBuilder.buildAndThrow(AssertionFailureBuilder.java:132)
	at org.junit.jupiter.api.AssertTrue.failNotTrue(AssertTrue.java:63)
	at org.junit.jupiter.api.AssertTrue.assertTrue(AssertTrue.java:36)
	at org.junit.jupiter.api.Assertions.assertTrue(Assertions.java:210)
	at com.smarthome.SmartHomeServiceCoreTest.testUpdateUserPassword(SmartHomeServiceCoreTest.java:348)
	at java.base/java.lang.reflect.Method.invoke(Method.java:565)
	at java.base/java.util.ArrayList.forEach(ArrayList.java:1604)
	at java.base/java.util.ArrayList.forEach(ArrayList.java:1604)
]]></failure>
    <system-out><![CDATA[[INFO] DynamoDB table 'customers' already exists
🔧 Setting up core test environment...
[ERROR] Registration failed! Email might already be registered.
[LOCKED] Account is locked until: 2025-09-20 10:29:02.154845100. Please try again later.
Please login first!
🧹 Cleaned up core test environment
]]></system-out>
  </testcase>
</testsuite>