<?xml version="1.0" encoding="UTF-8"?>
<testsuite xmlns:xsi="http://www.w3.org/2001/XMLSchema-instance" xsi:noNamespaceSchemaLocation="https://maven.apache.org/surefire/maven-surefire-plugin/xsd/surefire-test-report-3.0.xsd" version="3.0" name="com.smarthome.InDepthDeviceManagementTest" time="2.101" tests="11" errors="0" skipped="0" failures="0">
  <properties>
[...]
</properties>
  <testcase name="testInvalidDeviceTypes" classname="com.smarthome.InDepthDeviceManagementTest" time="0.174">
    <system-out><![CDATA[[INFO] DynamoDB table 'customers' already exists

Setting up In-Depth Device Management Test...
[ERROR] Registration failed! Email might already be registered.
[SUCCESS] Login successful! Welcome back, Device Management Test User!

 Testing Invalid Device Types...
Error: Invalid model for INVALID_DEVICE
Error: Invalid model for xyz
Error: Invalid model for 123
Error: Invalid model for 
Error: Invalid model for  
Error: Invalid model for UNKNOWN_TYPE
 Invalid device type validation works for 6 invalid types
[SUCCESS] Logged out successfully from account: devicemgmt@smarthome.com
[INFO] You can now register a new account or login with different credentials.
 Device management test cleanup completed
]]></system-out>
  </testcase>
  <testcase name="testInvalidRoomNames" classname="com.smarthome.InDepthDeviceManagementTest" time="0.154">
    <system-out><![CDATA[[INFO] DynamoDB table 'customers' already exists

Setting up In-Depth Device Management Test...
[ERROR] Registration failed! Email might already be registered.
[SUCCESS] Login successful! Welcome back, Device Management Test User!

Testing Invalid Room Names...
Error: Invalid room name. Valid rooms: [Living Room, Hall, Drawing Room, Family Room, Sitting Room, Master Bedroom, Bedroom 1, Bedroom 2, Bedroom 3, Guest Room, Kids Room, Parents Room, Childrens Room, Kitchen, Dining Room, Breakfast Area, Pantry, Store Room, Master Bathroom, Common Bathroom, Guest Bathroom, Powder Room, Balcony, Terrace, Garden, Courtyard, Entrance, Porch, Garage, Parking, Utility Room, Laundry Room, Study Room, Office Room, Library, Home Office, Home Theater, Entertainment Room, Prayer Room, Pooja Room, Servant Room, Driver Room, Security Room, Storage Room, Verandah, Chowk, Angan, Baithak, Otla]
Error: Invalid room name. Valid rooms: [Living Room, Hall, Drawing Room, Family Room, Sitting Room, Master Bedroom, Bedroom 1, Bedroom 2, Bedroom 3, Guest Room, Kids Room, Parents Room, Childrens Room, Kitchen, Dining Room, Breakfast Area, Pantry, Store Room, Master Bathroom, Common Bathroom, Guest Bathroom, Powder Room, Balcony, Terrace, Garden, Courtyard, Entrance, Porch, Garage, Parking, Utility Room, Laundry Room, Study Room, Office Room, Library, Home Office, Home Theater, Entertainment Room, Prayer Room, Pooja Room, Servant Room, Driver Room, Security Room, Storage Room, Verandah, Chowk, Angan, Baithak, Otla]
Error: Invalid room name. Valid rooms: [Living Room, Hall, Drawing Room, Family Room, Sitting Room, Master Bedroom, Bedroom 1, Bedroom 2, Bedroom 3, Guest Room, Kids Room, Parents Room, Childrens Room, Kitchen, Dining Room, Breakfast Area, Pantry, Store Room, Master Bathroom, Common Bathroom, Guest Bathroom, Powder Room, Balcony, Terrace, Garden, Courtyard, Entrance, Porch, Garage, Parking, Utility Room, Laundry Room, Study Room, Office Room, Library, Home Office, Home Theater, Entertainment Room, Prayer Room, Pooja Room, Servant Room, Driver Room, Security Room, Storage Room, Verandah, Chowk, Angan, Baithak, Otla]
Error: Invalid room name. Valid rooms: [Living Room, Hall, Drawing Room, Family Room, Sitting Room, Master Bedroom, Bedroom 1, Bedroom 2, Bedroom 3, Guest Room, Kids Room, Parents Room, Childrens Room, Kitchen, Dining Room, Breakfast Area, Pantry, Store Room, Master Bathroom, Common Bathroom, Guest Bathroom, Powder Room, Balcony, Terrace, Garden, Courtyard, Entrance, Porch, Garage, Parking, Utility Room, Laundry Room, Study Room, Office Room, Library, Home Office, Home Theater, Entertainment Room, Prayer Room, Pooja Room, Servant Room, Driver Room, Security Room, Storage Room, Verandah, Chowk, Angan, Baithak, Otla]
Error: Invalid room name. Valid rooms: [Living Room, Hall, Drawing Room, Family Room, Sitting Room, Master Bedroom, Bedroom 1, Bedroom 2, Bedroom 3, Guest Room, Kids Room, Parents Room, Childrens Room, Kitchen, Dining Room, Breakfast Area, Pantry, Store Room, Master Bathroom, Common Bathroom, Guest Bathroom, Powder Room, Balcony, Terrace, Garden, Courtyard, Entrance, Porch, Garage, Parking, Utility Room, Laundry Room, Study Room, Office Room, Library, Home Office, Home Theater, Entertainment Room, Prayer Room, Pooja Room, Servant Room, Driver Room, Security Room, Storage Room, Verandah, Chowk, Angan, Baithak, Otla]
 Invalid room name validation works for 5 invalid rooms
[SUCCESS] Logged out successfully from account: devicemgmt@smarthome.com
[INFO] You can now register a new account or login with different credentials.
 Device management test cleanup completed
]]></system-out>
  </testcase>
  <testcase name="testModelValidation" classname="com.smarthome.InDepthDeviceManagementTest" time="0.151">
    <system-out><![CDATA[[INFO] DynamoDB table 'customers' already exists

Setting up In-Depth Device Management Test...
[ERROR] Registration failed! Email might already be registered.
[SUCCESS] Login successful! Welcome back, Device Management Test User!

Testing Model Validation...
A FAN already exists in Living Room. You can only have one FAN per room.
A FAN already exists in Living Room. You can only have one FAN per room.
A FAN already exists in Living Room. You can only have one FAN per room.
A FAN already exists in Living Room. You can only have one FAN per room.
A FAN already exists in Living Room. You can only have one FAN per room.
 Model validation works for 5 invalid models
[SUCCESS] Logged out successfully from account: devicemgmt@smarthome.com
[INFO] You can now register a new account or login with different credentials.
 Device management test cleanup completed
]]></system-out>
  </testcase>
  <testcase name="testDeviceListViewing" classname="com.smarthome.InDepthDeviceManagementTest" time="0.152">
    <system-out><![CDATA[[INFO] DynamoDB table 'customers' already exists

Setting up In-Depth Device Management Test...
[ERROR] Registration failed! Email might already be registered.
[SUCCESS] Login successful! Welcome back, Device Management Test User!

Testing Device List Viewing...
A TV already exists in Living Room. You can only have one TV per room.
A AC already exists in Master Bedroom. You can only have one AC per room.
A LIGHT already exists in Kitchen. You can only have one LIGHT per room.

=== Your Gadgets ===
[INFO] Showing only your personal devices (not part of any group)
[INFO] Use 'Group Management' to create a group and share devices with others
Device List (Enter number to view detailed energy info):
+----+--------------------------------+----------+-----------+-------------+-------------+
| #  | Device                         | Power    | Status    | Usage Time  | Energy(kWh) |
+----+--------------------------------+----------+-----------+-------------+-------------+
| 1  | TV Samsung (Living Room)       |     150W | OFF       |      0h 00m |       0.000 |
| 2  | AC LG (Master Bedroom)         |    1500W | OFF       |      0h 00m |       0.000 |
| 3  | FAN Bajaj (Master Bedroom)     |      75W | OFF       |      0h 00m |       0.000 |
| 4  | SPEAKER JBL (Invalid Room)     |      30W | OFF       |      0h 00m |       0.000 |
| 5  | FAN Bajaj (Study Room)         |      75W | OFF       |      0h 00m |       0.000 |
| 6  | AC Daikin (Study Room)         |    1500W | OFF       |      0h 00m |       0.000 |
| 7  | GEYSER Racold (Kitchen)        |    2000W | OFF       |      0h 00m |       0.000 |
| 8  | TV Sony (Entertainment Room)   |     150W | OFF       |      0h 00m |       0.000 |
| 9  | LIGHT Havells (Dining Room)    |      60W | OFF       |      0h 00m |       0.000 |
| 10 | LIGHT Philips Hue (Kitchen)    |      60W | OFF       |      0h 00m |       0.000 |
| 11 | FAN Bajaj (Living Room)        |      75W | OFF       |      0h 00m |       0.000 |
| 12 | SPEAKER JBL (Living Room)      |      30W | OFF       |      0h 00m |       0.000 |
| 13 | LIGHT Philips Hue (Study Room) |      60W | OFF       |      0h 00m |       0.000 |
+----+--------------------------------+----------+-----------+-------------+-------------+
 Device list viewing works - Found 13 devices with valid properties
[SUCCESS] Logged out successfully from account: devicemgmt@smarthome.com
[INFO] You can now register a new account or login with different credentials.
 Device management test cleanup completed
]]></system-out>
  </testcase>
  <testcase name="testEmptyDeviceListHandling" classname="com.smarthome.InDepthDeviceManagementTest" time="0.404">
    <system-out><![CDATA[[INFO] DynamoDB table 'customers' already exists

Setting up In-Depth Device Management Test...
[ERROR] Registration failed! Email might already be registered.
[SUCCESS] Login successful! Welcome back, Device Management Test User!

Testing Empty Device List Handling...
[SUCCESS] Logged out successfully from account: devicemgmt@smarthome.com
[INFO] You can now register a new account or login with different credentials.
[ERROR] Registration failed! Email might already be registered.
[SUCCESS] Login successful! Welcome back, Empty User!

=== Your Gadgets ===
[INFO] Showing only your personal devices (not part of any group)
[INFO] Use 'Group Management' to create a group and share devices with others
No gadgets found! Please connect to some gadgets first.
 Empty device list handling works correctly
[SUCCESS] Logged out successfully from account: empty@test.com
[INFO] You can now register a new account or login with different credentials.
[SUCCESS] Login successful! Welcome back, Device Management Test User!
[SUCCESS] Logged out successfully from account: devicemgmt@smarthome.com
[INFO] You can now register a new account or login with different credentials.
 Device management test cleanup completed
]]></system-out>
  </testcase>
  <testcase name="testInvalidRoomEditHandling" classname="com.smarthome.InDepthDeviceManagementTest" time="0.149">
    <system-out><![CDATA[[INFO] DynamoDB table 'customers' already exists

Setting up In-Depth Device Management Test...
[ERROR] Registration failed! Email might already be registered.
[SUCCESS] Login successful! Welcome back, Device Management Test User!

Testing Invalid Room Edit Handling...
A SPEAKER already exists in Living Room. You can only have one SPEAKER per room.
[ERROR] Invalid room name: Invalid Room
 Invalid room edit prevention works
[SUCCESS] Logged out successfully from account: devicemgmt@smarthome.com
[INFO] You can now register a new account or login with different credentials.
 Device management test cleanup completed
]]></system-out>
  </testcase>
  <testcase name="testNonExistentDeviceEditHandling" classname="com.smarthome.InDepthDeviceManagementTest" time="0.159">
    <system-out><![CDATA[[INFO] DynamoDB table 'customers' already exists

Setting up In-Depth Device Management Test...
[ERROR] Registration failed! Email might already be registered.
[SUCCESS] Login successful! Welcome back, Device Management Test User!

Testing Non-existent Device Edit Handling...
[ERROR] Device not found: NONEXISTENT in Living Room
 Non-existent device edit prevention works
[SUCCESS] Logged out successfully from account: devicemgmt@smarthome.com
[INFO] You can now register a new account or login with different credentials.
 Device management test cleanup completed
]]></system-out>
  </testcase>
  <testcase name="testDeviceDeletion" classname="com.smarthome.InDepthDeviceManagementTest" time="0.205">
    <system-out><![CDATA[[INFO] DynamoDB table 'customers' already exists

Setting up In-Depth Device Management Test...
[ERROR] Registration failed! Email might already be registered.
[SUCCESS] Login successful! Welcome back, Device Management Test User!

Testing Device Deletion...
[SUCCESS] Successfully connected to MICROWAVE Samsung in Kitchen

=== Your Gadgets ===
[INFO] Showing only your personal devices (not part of any group)
[INFO] Use 'Group Management' to create a group and share devices with others
Device List (Enter number to view detailed energy info):
+----+--------------------------------+----------+-----------+-------------+-------------+
| #  | Device                         | Power    | Status    | Usage Time  | Energy(kWh) |
+----+--------------------------------+----------+-----------+-------------+-------------+
| 1  | TV Samsung (Living Room)       |     150W | OFF       |      0h 00m |       0.000 |
| 2  | AC LG (Master Bedroom)         |    1500W | OFF       |      0h 00m |       0.000 |
| 3  | FAN Bajaj (Master Bedroom)     |      75W | OFF       |      0h 00m |       0.000 |
| 4  | SPEAKER JBL (Invalid Room)     |      30W | OFF       |      0h 00m |       0.000 |
| 5  | FAN Bajaj (Study Room)         |      75W | OFF       |      0h 00m |       0.000 |
| 6  | AC Daikin (Study Room)         |    1500W | OFF       |      0h 00m |       0.000 |
| 7  | GEYSER Racold (Kitchen)        |    2000W | OFF       |      0h 00m |       0.000 |
| 8  | TV Sony (Entertainment Room)   |     150W | OFF       |      0h 00m |       0.000 |
| 9  | LIGHT Havells (Dining Room)    |      60W | OFF       |      0h 00m |       0.000 |
| 10 | LIGHT Philips Hue (Kitchen)    |      60W | OFF       |      0h 00m |       0.000 |
| 11 | FAN Bajaj (Living Room)        |      75W | OFF       |      0h 00m |       0.000 |
| 12 | SPEAKER JBL (Living Room)      |      30W | OFF       |      0h 00m |       0.000 |
| 13 | LIGHT Philips Hue (Study Room) |      60W | OFF       |      0h 00m |       0.000 |
| 14 | MICROWAVE Samsung (Kitchen)    |    1200W | OFF       |      0h 00m |       0.000 |
+----+--------------------------------+----------+-----------+-------------+-------------+
[SUCCESS] Device deleted successfully!
[IMPORTANT] Energy consumption history preserved for accurate monthly billing.

=== Your Gadgets ===
[INFO] Showing only your personal devices (not part of any group)
[INFO] Use 'Group Management' to create a group and share devices with others
Device List (Enter number to view detailed energy info):
+----+--------------------------------+----------+-----------+-------------+-------------+
| #  | Device                         | Power    | Status    | Usage Time  | Energy(kWh) |
+----+--------------------------------+----------+-----------+-------------+-------------+
| 1  | TV Samsung (Living Room)       |     150W | OFF       |      0h 00m |       0.000 |
| 2  | AC LG (Master Bedroom)         |    1500W | OFF       |      0h 00m |       0.000 |
| 3  | FAN Bajaj (Master Bedroom)     |      75W | OFF       |      0h 00m |       0.000 |
| 4  | SPEAKER JBL (Invalid Room)     |      30W | OFF       |      0h 00m |       0.000 |
| 5  | FAN Bajaj (Study Room)         |      75W | OFF       |      0h 00m |       0.000 |
| 6  | AC Daikin (Study Room)         |    1500W | OFF       |      0h 00m |       0.000 |
| 7  | GEYSER Racold (Kitchen)        |    2000W | OFF       |      0h 00m |       0.000 |
| 8  | TV Sony (Entertainment Room)   |     150W | OFF       |      0h 00m |       0.000 |
| 9  | LIGHT Havells (Dining Room)    |      60W | OFF       |      0h 00m |       0.000 |
| 10 | LIGHT Philips Hue (Kitchen)    |      60W | OFF       |      0h 00m |       0.000 |
| 11 | FAN Bajaj (Living Room)        |      75W | OFF       |      0h 00m |       0.000 |
| 12 | SPEAKER JBL (Living Room)      |      30W | OFF       |      0h 00m |       0.000 |
| 13 | LIGHT Philips Hue (Study Room) |      60W | OFF       |      0h 00m |       0.000 |
+----+--------------------------------+----------+-----------+-------------+-------------+
 Device deletion works correctly
[SUCCESS] Logged out successfully from account: devicemgmt@smarthome.com
[INFO] You can now register a new account or login with different credentials.
 Device management test cleanup completed
]]></system-out>
  </testcase>
  <testcase name="testNonExistentDeviceDeletion" classname="com.smarthome.InDepthDeviceManagementTest" time="0.173">
    <system-out><![CDATA[[INFO] DynamoDB table 'customers' already exists

Setting up In-Depth Device Management Test...
[ERROR] Registration failed! Email might already be registered.
[SUCCESS] Login successful! Welcome back, Device Management Test User!

 Testing Non-existent Device Deletion...
[ERROR] Device not found: NONEXISTENT in Living Room
 Non-existent device deletion prevention works
[SUCCESS] Logged out successfully from account: devicemgmt@smarthome.com
[INFO] You can now register a new account or login with different credentials.
 Device management test cleanup completed
]]></system-out>
  </testcase>
  <testcase name="testDevicePropertiesAndMetadata" classname="com.smarthome.InDepthDeviceManagementTest" time="0.179">
    <system-out><![CDATA[[INFO] DynamoDB table 'customers' already exists

Setting up In-Depth Device Management Test...
[ERROR] Registration failed! Email might already be registered.
[SUCCESS] Login successful! Welcome back, Device Management Test User!

Testing Device Properties and Metadata...
A GEYSER already exists in Kitchen. You can only have one GEYSER per room.

=== Your Gadgets ===
[INFO] Showing only your personal devices (not part of any group)
[INFO] Use 'Group Management' to create a group and share devices with others
Device List (Enter number to view detailed energy info):
+----+--------------------------------+----------+-----------+-------------+-------------+
| #  | Device                         | Power    | Status    | Usage Time  | Energy(kWh) |
+----+--------------------------------+----------+-----------+-------------+-------------+
| 1  | TV Samsung (Living Room)       |     150W | OFF       |      0h 00m |       0.000 |
| 2  | AC LG (Master Bedroom)         |    1500W | OFF       |      0h 00m |       0.000 |
| 3  | FAN Bajaj (Master Bedroom)     |      75W | OFF       |      0h 00m |       0.000 |
| 4  | SPEAKER JBL (Invalid Room)     |      30W | OFF       |      0h 00m |       0.000 |
| 5  | FAN Bajaj (Study Room)         |      75W | OFF       |      0h 00m |       0.000 |
| 6  | AC Daikin (Study Room)         |    1500W | OFF       |      0h 00m |       0.000 |
| 7  | GEYSER Racold (Kitchen)        |    2000W | OFF       |      0h 00m |       0.000 |
| 8  | TV Sony (Entertainment Room)   |     150W | OFF       |      0h 00m |       0.000 |
| 9  | LIGHT Havells (Dining Room)    |      60W | OFF       |      0h 00m |       0.000 |
| 10 | LIGHT Philips Hue (Kitchen)    |      60W | OFF       |      0h 00m |       0.000 |
| 11 | FAN Bajaj (Living Room)        |      75W | OFF       |      0h 00m |       0.000 |
| 12 | SPEAKER JBL (Living Room)      |      30W | OFF       |      0h 00m |       0.000 |
| 13 | LIGHT Philips Hue (Study Room) |      60W | OFF       |      0h 00m |       0.000 |
+----+--------------------------------+----------+-----------+-------------+-------------+
 Device properties and metadata are properly set
   Type: GEYSER
   Status: OFF
   Power: 2000.0W
[SUCCESS] Logged out successfully from account: devicemgmt@smarthome.com
[INFO] You can now register a new account or login with different credentials.
 Device management test cleanup completed
]]></system-out>
  </testcase>
  <testcase name="testDeviceManagementSystemSummary" classname="com.smarthome.InDepthDeviceManagementTest" time="0.187">
    <system-out><![CDATA[[INFO] DynamoDB table 'customers' already exists

Setting up In-Depth Device Management Test...
[ERROR] Registration failed! Email might already be registered.
[SUCCESS] Login successful! Welcome back, Device Management Test User!

=== DEVICE MANAGEMENT SYSTEM IN-DEPTH TEST SUMMARY ===
 Valid Device Addition - PASSED
 Duplicate Device Prevention - PASSED
 Invalid Device Type Handling - PASSED
 Invalid Room Name Handling - PASSED
 Model Validation - PASSED
 Device List Viewing - PASSED
 Empty Device List Handling - PASSED
 Device Room Editing - PASSED
 Invalid Room Edit Handling - PASSED
 Non-existent Device Edit Handling - PASSED
 Device Deletion - PASSED
 Non-existent Device Deletion - PASSED
 Device Limits and Constraints - PASSED
 Device Properties and Metadata - PASSED
 Comprehensive Device Management Flow - PASSED

DEVICE MANAGEMENT STATUS: FULLY FUNCTIONAL
CRUD OPERATIONS: ALL WORKING
VALIDATION SYSTEMS: ALL WORKING
DATA INTEGRITY: MAINTAINED

ALL DEVICE MANAGEMENT TESTS PASSED - SYSTEM READY!
[SUCCESS] Logged out successfully from account: devicemgmt@smarthome.com
[INFO] You can now register a new account or login with different credentials.
 Device management test cleanup completed
]]></system-out>
  </testcase>
</testsuite>