<?xml version="1.0" encoding="UTF-8"?>
<testsuite xmlns:xsi="http://www.w3.org/2001/XMLSchema-instance" xsi:noNamespaceSchemaLocation="https://maven.apache.org/surefire/maven-surefire-plugin/xsd/surefire-test-report-3.0.xsd" version="3.0" name="com.smarthome.SmartHomeServiceGroupTest" time="14.118" tests="24" errors="0" skipped="0" failures="0">
  <properties>
[...]
</properties>
  <testcase name="testGroupInfoWithoutGroup" classname="com.smarthome.SmartHomeServiceGroupTest" time="0.609">
    <system-out><![CDATA[[INFO] DynamoDB table 'customers' already exists
[SUCCESS] Thank you! Customer registration successful.
[SUCCESS] Thank you! Customer registration successful.
[SUCCESS] Thank you! Customer registration successful.
Setting up group test environment...
[SUCCESS] Login successful! Welcome back, Admin User!

=== Group Information ===
[INFO] You are not part of any group.
[INFO] Use 'Group Management' to create a group and share devices.
 Group info without group test passed

=== Your Gadgets ===
[INFO] Showing only your personal devices (not part of any group)
[INFO] Use 'Group Management' to create a group and share devices with others
No gadgets found! Please connect to some gadgets first.
[SUCCESS] Logged out successfully from account: admin1759473087134@smarthome.com
[INFO] You can now register a new account or login with different credentials.
Cleaned up group test environment
]]></system-out>
  </testcase>
  <testcase name="testGrantDevicePermission" classname="com.smarthome.SmartHomeServiceGroupTest" time="0.622">
    <system-out><![CDATA[[INFO] DynamoDB table 'customers' already exists
[SUCCESS] Thank you! Customer registration successful.
[SUCCESS] Thank you! Customer registration successful.
[SUCCESS] Thank you! Customer registration successful.
Setting up group test environment...
[SUCCESS] Login successful! Welcome back, Admin User!
[SUCCESS] member11759473087745@smarthome.com has been added to your group!
[INFO] Both you and member11759473087745@smarthome.com can now see each other's devices.
[INFO] member11759473087745@smarthome.com can also see your devices when they login.
[INFO] Group size is now: 2 member(s)
[SUCCESS] Successfully connected to TV Samsung in Living Room
[SUCCESS] Permission granted successfully!
[INFO] member11759473087745@smarthome.com can now access TV in Living Room
 Grant device permission test passed

=== Group Gadgets ===
[INFO] Group size: 2 member(s) | Admin: admin1759473087745@smarthome.com
[INFO] Your role: Admin
[INFO] Showing your devices + devices you have permission to access
[INFO] No group devices shared with you. Ask admin for device access permissions.
Device List (Enter number to view detailed energy info):
+----+---------------------------+----------+-----------+-------------+-------------+
| #  | Device                    | Power    | Status    | Usage Time  | Energy(kWh) |
+----+---------------------------+----------+-----------+-------------+-------------+
| 1  | TV Samsung (Living Room)  |     150W | OFF       |      0h 00m |       0.000 |
+----+---------------------------+----------+-----------+-------------+-------------+
[SUCCESS] Device deleted successfully!
[IMPORTANT] Energy consumption history preserved for accurate monthly billing.
[SUCCESS] Logged out successfully from account: admin1759473087745@smarthome.com
[INFO] You can now register a new account or login with different credentials.
Cleaned up group test environment
]]></system-out>
  </testcase>
  <testcase name="testAddDuplicatePersonToGroup" classname="com.smarthome.SmartHomeServiceGroupTest" time="0.638">
    <system-out><![CDATA[[INFO] DynamoDB table 'customers' already exists
[SUCCESS] Thank you! Customer registration successful.
[SUCCESS] Thank you! Customer registration successful.
[SUCCESS] Thank you! Customer registration successful.
Setting up group test environment...
[SUCCESS] Login successful! Welcome back, Admin User!
[SUCCESS] member11759473088368@smarthome.com has been added to your group!
[INFO] Both you and member11759473088368@smarthome.com can now see each other's devices.
[INFO] member11759473088368@smarthome.com can also see your devices when they login.
[INFO] Group size is now: 2 member(s)
[ERROR] member11759473088368@smarthome.com is already in your group!
 Add duplicate person to group test passed

=== Group Gadgets ===
[INFO] Group size: 2 member(s) | Admin: admin1759473088368@smarthome.com
[INFO] Your role: Admin
[INFO] Showing your devices + devices you have permission to access
[INFO] No group devices shared with you. Ask admin for device access permissions.
No gadgets found! Please connect to some gadgets first.
[SUCCESS] Logged out successfully from account: admin1759473088368@smarthome.com
[INFO] You can now register a new account or login with different credentials.
Cleaned up group test environment
]]></system-out>
  </testcase>
  <testcase name="testRevokeNonExistentPermission" classname="com.smarthome.SmartHomeServiceGroupTest" time="0.579">
    <system-out><![CDATA[[INFO] DynamoDB table 'customers' already exists
[SUCCESS] Thank you! Customer registration successful.
[SUCCESS] Thank you! Customer registration successful.
[SUCCESS] Thank you! Customer registration successful.
Setting up group test environment...
[SUCCESS] Login successful! Welcome back, Admin User!
[SUCCESS] member11759473089004@smarthome.com has been added to your group!
[INFO] Both you and member11759473089004@smarthome.com can now see each other's devices.
[INFO] member11759473089004@smarthome.com can also see your devices when they login.
[INFO] Group size is now: 2 member(s)
[SUCCESS] Successfully connected to TV Samsung in Living Room
[ERROR] No permission found to revoke.
 Revoke non-existent permission test passed

=== Group Gadgets ===
[INFO] Group size: 2 member(s) | Admin: admin1759473089004@smarthome.com
[INFO] Your role: Admin
[INFO] Showing your devices + devices you have permission to access
[INFO] No group devices shared with you. Ask admin for device access permissions.
Device List (Enter number to view detailed energy info):
+----+---------------------------+----------+-----------+-------------+-------------+
| #  | Device                    | Power    | Status    | Usage Time  | Energy(kWh) |
+----+---------------------------+----------+-----------+-------------+-------------+
| 1  | TV Samsung (Living Room)  |     150W | OFF       |      0h 00m |       0.000 |
+----+---------------------------+----------+-----------+-------------+-------------+
[SUCCESS] Device deleted successfully!
[IMPORTANT] Energy consumption history preserved for accurate monthly billing.
[SUCCESS] Logged out successfully from account: admin1759473089004@smarthome.com
[INFO] You can now register a new account or login with different credentials.
Cleaned up group test environment
]]></system-out>
  </testcase>
  <testcase name="testShowDevicePermissions" classname="com.smarthome.SmartHomeServiceGroupTest" time="0.579">
    <system-out><![CDATA[[INFO] DynamoDB table 'customers' already exists
[SUCCESS] Thank you! Customer registration successful.
[SUCCESS] Thank you! Customer registration successful.
[SUCCESS] Thank you! Customer registration successful.
Setting up group test environment...
[SUCCESS] Login successful! Welcome back, Admin User!
[SUCCESS] member11759473089585@smarthome.com has been added to your group!
[INFO] Both you and member11759473089585@smarthome.com can now see each other's devices.
[INFO] member11759473089585@smarthome.com can also see your devices when they login.
[INFO] Group size is now: 2 member(s)
[SUCCESS] Successfully connected to TV Samsung in Living Room
[SUCCESS] Permission granted successfully!
[INFO] member11759473089585@smarthome.com can now access TV in Living Room

=== Device Permissions Management ===
[INFO] Current device permissions you have granted:

[MEMBER] Member One (member11759473089585@smarthome.com):
  1. TV in Living Room - View & Control

[INFO] Total permissions granted: 1
 Show device permissions test passed

=== Group Gadgets ===
[INFO] Group size: 2 member(s) | Admin: admin1759473089585@smarthome.com
[INFO] Your role: Admin
[INFO] Showing your devices + devices you have permission to access
[INFO] No group devices shared with you. Ask admin for device access permissions.
Device List (Enter number to view detailed energy info):
+----+---------------------------+----------+-----------+-------------+-------------+
| #  | Device                    | Power    | Status    | Usage Time  | Energy(kWh) |
+----+---------------------------+----------+-----------+-------------+-------------+
| 1  | TV Samsung (Living Room)  |     150W | OFF       |      0h 00m |       0.000 |
+----+---------------------------+----------+-----------+-------------+-------------+
[SUCCESS] Device deleted successfully!
[IMPORTANT] Energy consumption history preserved for accurate monthly billing.
[SUCCESS] Logged out successfully from account: admin1759473089585@smarthome.com
[INFO] You can now register a new account or login with different credentials.
Cleaned up group test environment
]]></system-out>
  </testcase>
  <testcase name="testNonAdminCannotGrantPermissions" classname="com.smarthome.SmartHomeServiceGroupTest" time="0.643">
    <system-out><![CDATA[[INFO] DynamoDB table 'customers' already exists
[SUCCESS] Thank you! Customer registration successful.
[SUCCESS] Thank you! Customer registration successful.
[SUCCESS] Thank you! Customer registration successful.
Setting up group test environment...
[SUCCESS] Login successful! Welcome back, Admin User!
[SUCCESS] member11759473090164@smarthome.com has been added to your group!
[INFO] Both you and member11759473090164@smarthome.com can now see each other's devices.
[INFO] member11759473090164@smarthome.com can also see your devices when they login.
[INFO] Group size is now: 2 member(s)
[SUCCESS] Successfully connected to TV Samsung in Living Room
[SUCCESS] Logged out successfully from account: admin1759473090164@smarthome.com
[INFO] You can now register a new account or login with different credentials.
[SUCCESS] Login successful! Welcome back, Member One!
[ERROR] Only the group admin can grant device permissions!
[INFO] Group admin is: admin1759473090164@smarthome.com
 Non-admin cannot grant permissions test passed

=== Group Gadgets ===
[INFO] Group size: 2 member(s) | Admin: admin1759473090164@smarthome.com
[INFO] Your role: Member
[INFO] Showing your devices + devices you have permission to access
[INFO] No group devices shared with you. Ask admin for device access permissions.
No gadgets found! Please connect to some gadgets first.
[SUCCESS] Logged out successfully from account: member11759473090164@smarthome.com
[INFO] You can now register a new account or login with different credentials.
Cleaned up group test environment
]]></system-out>
  </testcase>
  <testcase name="testRemovePersonFromGroup" classname="com.smarthome.SmartHomeServiceGroupTest" time="0.544">
    <system-out><![CDATA[[INFO] DynamoDB table 'customers' already exists
[SUCCESS] Thank you! Customer registration successful.
[SUCCESS] Thank you! Customer registration successful.
[SUCCESS] Thank you! Customer registration successful.
Setting up group test environment...
[SUCCESS] Login successful! Welcome back, Admin User!
[SUCCESS] member11759473090807@smarthome.com has been added to your group!
[INFO] Both you and member11759473090807@smarthome.com can now see each other's devices.
[INFO] member11759473090807@smarthome.com can also see your devices when they login.
[INFO] Group size is now: 2 member(s)
[SUCCESS] member21759473090807@smarthome.com has been added to your group!
[INFO] Both you and member21759473090807@smarthome.com can now see each other's devices.
[INFO] member21759473090807@smarthome.com can also see your devices when they login.
[INFO] Group size is now: 3 member(s)
[SUCCESS] member11759473090807@smarthome.com has been removed from the group!
[INFO] member11759473090807@smarthome.com can no longer see your devices.
[INFO] Group size is now: 2 member(s)
 Remove person from group test passed

=== Group Gadgets ===
[INFO] Group size: 2 member(s) | Admin: admin1759473090807@smarthome.com
[INFO] Your role: Admin
[INFO] Showing your devices + devices you have permission to access
[INFO] No group devices shared with you. Ask admin for device access permissions.
No gadgets found! Please connect to some gadgets first.
[SUCCESS] Logged out successfully from account: admin1759473090807@smarthome.com
[INFO] You can now register a new account or login with different credentials.
Cleaned up group test environment
]]></system-out>
  </testcase>
  <testcase name="testGrantPermissionNonExistentDevice" classname="com.smarthome.SmartHomeServiceGroupTest" time="0.561">
    <system-out><![CDATA[[INFO] DynamoDB table 'customers' already exists
[SUCCESS] Thank you! Customer registration successful.
[SUCCESS] Thank you! Customer registration successful.
[SUCCESS] Thank you! Customer registration successful.
Setting up group test environment...
[SUCCESS] Login successful! Welcome back, Admin User!
[SUCCESS] member11759473091351@smarthome.com has been added to your group!
[INFO] Both you and member11759473091351@smarthome.com can now see each other's devices.
[INFO] member11759473091351@smarthome.com can also see your devices when they login.
[INFO] Group size is now: 2 member(s)
[ERROR] Failed to grant permission. Device may not exist or permission already exists.
 Grant permission for non-existent device test passed

=== Group Gadgets ===
[INFO] Group size: 2 member(s) | Admin: admin1759473091351@smarthome.com
[INFO] Your role: Admin
[INFO] Showing your devices + devices you have permission to access
[INFO] No group devices shared with you. Ask admin for device access permissions.
No gadgets found! Please connect to some gadgets first.
[SUCCESS] Logged out successfully from account: admin1759473091351@smarthome.com
[INFO] You can now register a new account or login with different credentials.
Cleaned up group test environment
]]></system-out>
  </testcase>
  <testcase name="testAddMultiplePeopleToGroup" classname="com.smarthome.SmartHomeServiceGroupTest" time="0.594">
    <system-out><![CDATA[[INFO] DynamoDB table 'customers' already exists
[SUCCESS] Thank you! Customer registration successful.
[SUCCESS] Thank you! Customer registration successful.
[SUCCESS] Thank you! Customer registration successful.
Setting up group test environment...
[SUCCESS] Login successful! Welcome back, Admin User!
[SUCCESS] member11759473091912@smarthome.com has been added to your group!
[INFO] Both you and member11759473091912@smarthome.com can now see each other's devices.
[INFO] member11759473091912@smarthome.com can also see your devices when they login.
[INFO] Group size is now: 2 member(s)
[SUCCESS] member21759473091912@smarthome.com has been added to your group!
[INFO] Both you and member21759473091912@smarthome.com can now see each other's devices.
[INFO] member21759473091912@smarthome.com can also see your devices when they login.
[INFO] Group size is now: 3 member(s)
 Add multiple people to group test passed

=== Group Gadgets ===
[INFO] Group size: 3 member(s) | Admin: admin1759473091912@smarthome.com
[INFO] Your role: Admin
[INFO] Showing your devices + devices you have permission to access
[INFO] No group devices shared with you. Ask admin for device access permissions.
No gadgets found! Please connect to some gadgets first.
[SUCCESS] Logged out successfully from account: admin1759473091912@smarthome.com
[INFO] You can now register a new account or login with different credentials.
Cleaned up group test environment
]]></system-out>
  </testcase>
  <testcase name="testShowGroupInfo" classname="com.smarthome.SmartHomeServiceGroupTest" time="0.675">
    <system-out><![CDATA[[INFO] DynamoDB table 'customers' already exists
[SUCCESS] Thank you! Customer registration successful.
[SUCCESS] Thank you! Customer registration successful.
[SUCCESS] Thank you! Customer registration successful.
Setting up group test environment...
[SUCCESS] Login successful! Welcome back, Admin User!
[SUCCESS] member11759473092508@smarthome.com has been added to your group!
[INFO] Both you and member11759473092508@smarthome.com can now see each other's devices.
[INFO] member11759473092508@smarthome.com can also see your devices when they login.
[INFO] Group size is now: 2 member(s)
[SUCCESS] member21759473092508@smarthome.com has been added to your group!
[INFO] Both you and member21759473092508@smarthome.com can now see each other's devices.
[INFO] member21759473092508@smarthome.com can also see your devices when they login.
[INFO] Group size is now: 3 member(s)

=== Group Information ===
Group Size: 3 member(s)
Group Admin: admin1759473092508@smarthome.com
Your Role: Admin

[GROUP MEMBERS]:
1. admin1759473092508@smarthome.com (You) - Admin
2. member11759473092508@smarthome.com (Member One)
3. member21759473092508@smarthome.com (Member Two)

[DEVICE INFORMATION]:
Your devices: 0
Group members' devices: 0
Total accessible devices: 0

[ADMIN OPTIONS]:
- You can remove members from the group
- Use 'Group Management' menu to manage members
 Show group info test passed

=== Group Gadgets ===
[INFO] Group size: 3 member(s) | Admin: admin1759473092508@smarthome.com
[INFO] Your role: Admin
[INFO] Showing your devices + devices you have permission to access
[INFO] No group devices shared with you. Ask admin for device access permissions.
No gadgets found! Please connect to some gadgets first.
[SUCCESS] Logged out successfully from account: admin1759473092508@smarthome.com
[INFO] You can now register a new account or login with different credentials.
Cleaned up group test environment
]]></system-out>
  </testcase>
  <testcase name="testGrantPermissionNonGroupMember" classname="com.smarthome.SmartHomeServiceGroupTest" time="0.604">
    <system-out><![CDATA[[INFO] DynamoDB table 'customers' already exists
[SUCCESS] Thank you! Customer registration successful.
[SUCCESS] Thank you! Customer registration successful.
[SUCCESS] Thank you! Customer registration successful.
Setting up group test environment...
[SUCCESS] Login successful! Welcome back, Admin User!
[SUCCESS] Successfully connected to TV Samsung in Living Room
[ERROR] Only the group admin can grant device permissions!
[INFO] Group admin is: null
 Grant permission to non-group member test passed

=== Your Gadgets ===
[INFO] Showing only your personal devices (not part of any group)
[INFO] Use 'Group Management' to create a group and share devices with others
Device List (Enter number to view detailed energy info):
+----+---------------------------+----------+-----------+-------------+-------------+
| #  | Device                    | Power    | Status    | Usage Time  | Energy(kWh) |
+----+---------------------------+----------+-----------+-------------+-------------+
| 1  | TV Samsung (Living Room)  |     150W | OFF       |      0h 00m |       0.000 |
+----+---------------------------+----------+-----------+-------------+-------------+
[SUCCESS] Device deleted successfully!
[IMPORTANT] Energy consumption history preserved for accurate monthly billing.
[SUCCESS] Logged out successfully from account: admin1759473093183@smarthome.com
[INFO] You can now register a new account or login with different credentials.
Cleaned up group test environment
]]></system-out>
  </testcase>
  <testcase name="testAddNonExistentUserToGroup" classname="com.smarthome.SmartHomeServiceGroupTest" time="0.584">
    <system-out><![CDATA[[INFO] DynamoDB table 'customers' already exists
[SUCCESS] Thank you! Customer registration successful.
[SUCCESS] Thank you! Customer registration successful.
[SUCCESS] Thank you! Customer registration successful.
Setting up group test environment...
[SUCCESS] Login successful! Welcome back, Admin User!
[ERROR] No registered user found with email: nonexistent@email.com
 Add non-existent user to group test passed

=== Your Gadgets ===
[INFO] Showing only your personal devices (not part of any group)
[INFO] Use 'Group Management' to create a group and share devices with others
No gadgets found! Please connect to some gadgets first.
[SUCCESS] Logged out successfully from account: admin1759473093788@smarthome.com
[INFO] You can now register a new account or login with different credentials.
Cleaned up group test environment
]]></system-out>
  </testcase>
  <testcase name="testRevokeDevicePermission" classname="com.smarthome.SmartHomeServiceGroupTest" time="0.647">
    <system-out><![CDATA[[INFO] DynamoDB table 'customers' already exists
[SUCCESS] Thank you! Customer registration successful.
[SUCCESS] Thank you! Customer registration successful.
[SUCCESS] Thank you! Customer registration successful.
Setting up group test environment...
[SUCCESS] Login successful! Welcome back, Admin User!
[SUCCESS] member11759473094375@smarthome.com has been added to your group!
[INFO] Both you and member11759473094375@smarthome.com can now see each other's devices.
[INFO] member11759473094375@smarthome.com can also see your devices when they login.
[INFO] Group size is now: 2 member(s)
[SUCCESS] Successfully connected to TV Samsung in Living Room
[SUCCESS] Permission granted successfully!
[INFO] member11759473094375@smarthome.com can now access TV in Living Room
[SUCCESS] Permission revoked successfully!
[INFO] member11759473094375@smarthome.com can no longer access TV in Living Room
 Revoke device permission test passed

=== Group Gadgets ===
[INFO] Group size: 2 member(s) | Admin: admin1759473094375@smarthome.com
[INFO] Your role: Admin
[INFO] Showing your devices + devices you have permission to access
[INFO] No group devices shared with you. Ask admin for device access permissions.
Device List (Enter number to view detailed energy info):
+----+---------------------------+----------+-----------+-------------+-------------+
| #  | Device                    | Power    | Status    | Usage Time  | Energy(kWh) |
+----+---------------------------+----------+-----------+-------------+-------------+
| 1  | TV Samsung (Living Room)  |     150W | OFF       |      0h 00m |       0.000 |
+----+---------------------------+----------+-----------+-------------+-------------+
[SUCCESS] Device deleted successfully!
[IMPORTANT] Energy consumption history preserved for accurate monthly billing.
[SUCCESS] Logged out successfully from account: admin1759473094375@smarthome.com
[INFO] You can now register a new account or login with different credentials.
Cleaned up group test environment
]]></system-out>
  </testcase>
  <testcase name="testAddSelfToGroup" classname="com.smarthome.SmartHomeServiceGroupTest" time="0.517">
    <system-out><![CDATA[[INFO] DynamoDB table 'customers' already exists
[SUCCESS] Thank you! Customer registration successful.
[SUCCESS] Thank you! Customer registration successful.
[SUCCESS] Thank you! Customer registration successful.
Setting up group test environment...
[SUCCESS] Login successful! Welcome back, Admin User!
[ERROR] You cannot add yourself to the group!
 Add self to group test passed

=== Your Gadgets ===
[INFO] Showing only your personal devices (not part of any group)
[INFO] Use 'Group Management' to create a group and share devices with others
No gadgets found! Please connect to some gadgets first.
[SUCCESS] Logged out successfully from account: admin1759473095019@smarthome.com
[INFO] You can now register a new account or login with different credentials.
Cleaned up group test environment
]]></system-out>
  </testcase>
  <testcase name="testGetGroupMembersForPermissions" classname="com.smarthome.SmartHomeServiceGroupTest" time="0.56">
    <system-out><![CDATA[[INFO] DynamoDB table 'customers' already exists
[SUCCESS] Thank you! Customer registration successful.
[SUCCESS] Thank you! Customer registration successful.
[SUCCESS] Thank you! Customer registration successful.
Setting up group test environment...
[SUCCESS] Login successful! Welcome back, Admin User!
[SUCCESS] member11759473095536@smarthome.com has been added to your group!
[INFO] Both you and member11759473095536@smarthome.com can now see each other's devices.
[INFO] member11759473095536@smarthome.com can also see your devices when they login.
[INFO] Group size is now: 2 member(s)
[SUCCESS] member21759473095536@smarthome.com has been added to your group!
[INFO] Both you and member21759473095536@smarthome.com can now see each other's devices.
[INFO] member21759473095536@smarthome.com can also see your devices when they login.
[INFO] Group size is now: 3 member(s)
 Get group members for permissions test passed

=== Group Gadgets ===
[INFO] Group size: 3 member(s) | Admin: admin1759473095536@smarthome.com
[INFO] Your role: Admin
[INFO] Showing your devices + devices you have permission to access
[INFO] No group devices shared with you. Ask admin for device access permissions.
No gadgets found! Please connect to some gadgets first.
[SUCCESS] Logged out successfully from account: admin1759473095536@smarthome.com
[INFO] You can now register a new account or login with different credentials.
Cleaned up group test environment
]]></system-out>
  </testcase>
  <testcase name="testAddPersonToGroup" classname="com.smarthome.SmartHomeServiceGroupTest" time="0.567">
    <system-out><![CDATA[[INFO] DynamoDB table 'customers' already exists
[SUCCESS] Thank you! Customer registration successful.
[SUCCESS] Thank you! Customer registration successful.
[SUCCESS] Thank you! Customer registration successful.
Setting up group test environment...
[SUCCESS] Login successful! Welcome back, Admin User!
[SUCCESS] member11759473096098@smarthome.com has been added to your group!
[INFO] Both you and member11759473096098@smarthome.com can now see each other's devices.
[INFO] member11759473096098@smarthome.com can also see your devices when they login.
[INFO] Group size is now: 2 member(s)
 Add person to group test passed

=== Group Gadgets ===
[INFO] Group size: 2 member(s) | Admin: admin1759473096098@smarthome.com
[INFO] Your role: Admin
[INFO] Showing your devices + devices you have permission to access
[INFO] No group devices shared with you. Ask admin for device access permissions.
No gadgets found! Please connect to some gadgets first.
[SUCCESS] Logged out successfully from account: admin1759473096098@smarthome.com
[INFO] You can now register a new account or login with different credentials.
Cleaned up group test environment
]]></system-out>
  </testcase>
  <testcase name="testPermissionBasedDeviceViewing" classname="com.smarthome.SmartHomeServiceGroupTest" time="0.751">
    <system-out><![CDATA[[INFO] DynamoDB table 'customers' already exists
[SUCCESS] Thank you! Customer registration successful.
[SUCCESS] Thank you! Customer registration successful.
[SUCCESS] Thank you! Customer registration successful.
Setting up group test environment...
[SUCCESS] Login successful! Welcome back, Admin User!
[SUCCESS] member11759473096666@smarthome.com has been added to your group!
[INFO] Both you and member11759473096666@smarthome.com can now see each other's devices.
[INFO] member11759473096666@smarthome.com can also see your devices when they login.
[INFO] Group size is now: 2 member(s)
[SUCCESS] Successfully connected to TV Samsung in Living Room
Error: Invalid room name. Valid rooms: [Living Room, Hall, Drawing Room, Family Room, Sitting Room, Master Bedroom, Bedroom 1, Bedroom 2, Bedroom 3, Guest Room, Kids Room, Parents Room, Childrens Room, Kitchen, Dining Room, Breakfast Area, Pantry, Store Room, Master Bathroom, Common Bathroom, Guest Bathroom, Powder Room, Balcony, Terrace, Garden, Courtyard, Entrance, Porch, Garage, Parking, Utility Room, Laundry Room, Study Room, Office Room, Library, Home Office, Home Theater, Entertainment Room, Prayer Room, Pooja Room, Servant Room, Driver Room, Security Room, Storage Room, Verandah, Chowk, Angan, Baithak, Otla]
[SUCCESS] Permission granted successfully!
[INFO] member11759473096666@smarthome.com can now access TV in Living Room
[SUCCESS] Logged out successfully from account: admin1759473096666@smarthome.com
[INFO] You can now register a new account or login with different credentials.
[SUCCESS] Login successful! Welcome back, Member One!

=== Group Gadgets ===
[INFO] Group size: 2 member(s) | Admin: admin1759473096666@smarthome.com
[INFO] Your role: Member
[INFO] Showing your devices + devices you have permission to access
[INFO] You have access to 1 group member devices
Device List (Enter number to view detailed energy info):
+----+---------------------------+----------+-----------+-------------+-------------+
| #  | Device                    | Power    | Status    | Usage Time  | Energy(kWh) |
+----+---------------------------+----------+-----------+-------------+-------------+
| 1  | TV Samsung (Living Room)  |     150W | OFF       |      0h 00m |       0.000 |
+----+---------------------------+----------+-----------+-------------+-------------+
Member can access 1 devices
 Permission-based device viewing test passed

=== Group Gadgets ===
[INFO] Group size: 2 member(s) | Admin: admin1759473096666@smarthome.com
[INFO] Your role: Member
[INFO] Showing your devices + devices you have permission to access
[INFO] You have access to 1 group member devices
Device List (Enter number to view detailed energy info):
+----+---------------------------+----------+-----------+-------------+-------------+
| #  | Device                    | Power    | Status    | Usage Time  | Energy(kWh) |
+----+---------------------------+----------+-----------+-------------+-------------+
| 1  | TV Samsung (Living Room)  |     150W | OFF       |      0h 00m |       0.000 |
+----+---------------------------+----------+-----------+-------------+-------------+
[ERROR] Device not found: TV in Living Room
[SUCCESS] Logged out successfully from account: member11759473096666@smarthome.com
[INFO] You can now register a new account or login with different credentials.
Cleaned up group test environment
]]></system-out>
  </testcase>
  <testcase name="testNonAdminCannotRevokePermissions" classname="com.smarthome.SmartHomeServiceGroupTest" time="0.738">
    <system-out><![CDATA[[INFO] DynamoDB table 'customers' already exists
[SUCCESS] Thank you! Customer registration successful.
[SUCCESS] Thank you! Customer registration successful.
[SUCCESS] Thank you! Customer registration successful.
Setting up group test environment...
[SUCCESS] Login successful! Welcome back, Admin User!
[SUCCESS] member11759473097420@smarthome.com has been added to your group!
[INFO] Both you and member11759473097420@smarthome.com can now see each other's devices.
[INFO] member11759473097420@smarthome.com can also see your devices when they login.
[INFO] Group size is now: 2 member(s)
[SUCCESS] member21759473097420@smarthome.com has been added to your group!
[INFO] Both you and member21759473097420@smarthome.com can now see each other's devices.
[INFO] member21759473097420@smarthome.com can also see your devices when they login.
[INFO] Group size is now: 3 member(s)
[SUCCESS] Successfully connected to TV Samsung in Living Room
[SUCCESS] Permission granted successfully!
[INFO] member21759473097420@smarthome.com can now access TV in Living Room
[SUCCESS] Logged out successfully from account: admin1759473097420@smarthome.com
[INFO] You can now register a new account or login with different credentials.
[SUCCESS] Login successful! Welcome back, Member One!
[ERROR] Only the group admin can revoke device permissions!
[INFO] Group admin is: admin1759473097420@smarthome.com
 Non-admin cannot revoke permissions test passed

=== Group Gadgets ===
[INFO] Group size: 2 member(s) | Admin: admin1759473097420@smarthome.com
[INFO] Your role: Member
[INFO] Showing your devices + devices you have permission to access
[INFO] No group devices shared with you. Ask admin for device access permissions.
No gadgets found! Please connect to some gadgets first.
[SUCCESS] Logged out successfully from account: member11759473097420@smarthome.com
[INFO] You can now register a new account or login with different credentials.
Cleaned up group test environment
]]></system-out>
  </testcase>
  <testcase name="testRemoveNonExistentPersonFromGroup" classname="com.smarthome.SmartHomeServiceGroupTest" time="0.529">
    <system-out><![CDATA[[INFO] DynamoDB table 'customers' already exists
[SUCCESS] Thank you! Customer registration successful.
[SUCCESS] Thank you! Customer registration successful.
[SUCCESS] Thank you! Customer registration successful.
Setting up group test environment...
[SUCCESS] Login successful! Welcome back, Admin User!
[SUCCESS] member11759473098157@smarthome.com has been added to your group!
[INFO] Both you and member11759473098157@smarthome.com can now see each other's devices.
[INFO] member11759473098157@smarthome.com can also see your devices when they login.
[INFO] Group size is now: 2 member(s)
[ERROR] nonexistent@email.com is not in your group!
 Remove non-existent person from group test passed

=== Group Gadgets ===
[INFO] Group size: 2 member(s) | Admin: admin1759473098157@smarthome.com
[INFO] Your role: Admin
[INFO] Showing your devices + devices you have permission to access
[INFO] No group devices shared with you. Ask admin for device access permissions.
No gadgets found! Please connect to some gadgets first.
[SUCCESS] Logged out successfully from account: admin1759473098157@smarthome.com
[INFO] You can now register a new account or login with different credentials.
Cleaned up group test environment
]]></system-out>
  </testcase>
  <testcase name="testDuplicatePermissionPrevention" classname="com.smarthome.SmartHomeServiceGroupTest" time="0.468">
    <system-out><![CDATA[[INFO] DynamoDB table 'customers' already exists
[SUCCESS] Thank you! Customer registration successful.
[SUCCESS] Thank you! Customer registration successful.
[SUCCESS] Thank you! Customer registration successful.
Setting up group test environment...
[SUCCESS] Login successful! Welcome back, Admin User!
[SUCCESS] member11759473098686@smarthome.com has been added to your group!
[INFO] Both you and member11759473098686@smarthome.com can now see each other's devices.
[INFO] member11759473098686@smarthome.com can also see your devices when they login.
[INFO] Group size is now: 2 member(s)
[SUCCESS] Successfully connected to TV Samsung in Living Room
[SUCCESS] Permission granted successfully!
[INFO] member11759473098686@smarthome.com can now access TV in Living Room
[ERROR] Failed to grant permission. Device may not exist or permission already exists.
 Duplicate permission prevention test passed

=== Group Gadgets ===
[INFO] Group size: 2 member(s) | Admin: admin1759473098686@smarthome.com
[INFO] Your role: Admin
[INFO] Showing your devices + devices you have permission to access
[INFO] No group devices shared with you. Ask admin for device access permissions.
Device List (Enter number to view detailed energy info):
+----+---------------------------+----------+-----------+-------------+-------------+
| #  | Device                    | Power    | Status    | Usage Time  | Energy(kWh) |
+----+---------------------------+----------+-----------+-------------+-------------+
| 1  | TV Samsung (Living Room)  |     150W | OFF       |      0h 00m |       0.000 |
+----+---------------------------+----------+-----------+-------------+-------------+
[SUCCESS] Device deleted successfully!
[IMPORTANT] Energy consumption history preserved for accurate monthly billing.
[SUCCESS] Logged out successfully from account: admin1759473098686@smarthome.com
[INFO] You can now register a new account or login with different credentials.
Cleaned up group test environment
]]></system-out>
  </testcase>
  <testcase name="testRemoveSelfFromGroup" classname="com.smarthome.SmartHomeServiceGroupTest" time="0.474">
    <system-out><![CDATA[[INFO] DynamoDB table 'customers' already exists
[SUCCESS] Thank you! Customer registration successful.
[SUCCESS] Thank you! Customer registration successful.
[SUCCESS] Thank you! Customer registration successful.
Setting up group test environment...
[SUCCESS] Login successful! Welcome back, Admin User!
[SUCCESS] member11759473099154@smarthome.com has been added to your group!
[INFO] Both you and member11759473099154@smarthome.com can now see each other's devices.
[INFO] member11759473099154@smarthome.com can also see your devices when they login.
[INFO] Group size is now: 2 member(s)
[ERROR] You cannot remove yourself from the group!
[INFO] To leave the group, use a different feature or delete the group.
 Remove self from group test passed

=== Group Gadgets ===
[INFO] Group size: 2 member(s) | Admin: admin1759473099154@smarthome.com
[INFO] Your role: Admin
[INFO] Showing your devices + devices you have permission to access
[INFO] No group devices shared with you. Ask admin for device access permissions.
No gadgets found! Please connect to some gadgets first.
[SUCCESS] Logged out successfully from account: admin1759473099154@smarthome.com
[INFO] You can now register a new account or login with different credentials.
Cleaned up group test environment
]]></system-out>
  </testcase>
  <testcase name="testPermissionBasedDeviceControl" classname="com.smarthome.SmartHomeServiceGroupTest" time="0.62">
    <system-out><![CDATA[[INFO] DynamoDB table 'customers' already exists
[SUCCESS] Thank you! Customer registration successful.
[SUCCESS] Thank you! Customer registration successful.
[SUCCESS] Thank you! Customer registration successful.
Setting up group test environment...
[SUCCESS] Login successful! Welcome back, Admin User!
[SUCCESS] member11759473099629@smarthome.com has been added to your group!
[INFO] Both you and member11759473099629@smarthome.com can now see each other's devices.
[INFO] member11759473099629@smarthome.com can also see your devices when they login.
[INFO] Group size is now: 2 member(s)
[SUCCESS] Successfully connected to TV Samsung in Living Room
[SUCCESS] Permission granted successfully!
[INFO] member11759473099629@smarthome.com can now access TV in Living Room
[SUCCESS] Logged out successfully from account: admin1759473099629@smarthome.com
[INFO] You can now register a new account or login with different credentials.
[SUCCESS] Login successful! Welcome back, Member One!

=== Group Gadgets ===
[INFO] Group size: 2 member(s) | Admin: admin1759473099629@smarthome.com
[INFO] Your role: Member
[INFO] Showing your devices + devices you have permission to access
[INFO] You have access to 1 group member devices
Device List (Enter number to view detailed energy info):
+----+---------------------------+----------+-----------+-------------+-------------+
| #  | Device                    | Power    | Status    | Usage Time  | Energy(kWh) |
+----+---------------------------+----------+-----------+-------------+-------------+
| 1  | TV Samsung (Living Room)  |     150W | OFF       |      0h 00m |       0.000 |
+----+---------------------------+----------+-----------+-------------+-------------+

=== Group Gadgets ===
[INFO] Group size: 2 member(s) | Admin: admin1759473099629@smarthome.com
[INFO] Your role: Member
[INFO] Showing your devices + devices you have permission to access
[INFO] You have access to 1 group member devices
Device List (Enter number to view detailed energy info):
+----+---------------------------+----------+-----------+-------------+-------------+
| #  | Device                    | Power    | Status    | Usage Time  | Energy(kWh) |
+----+---------------------------+----------+-----------+-------------+-------------+
| 1  | TV Samsung (Living Room)  |     150W | OFF       |      0h 00m |       0.000 |
+----+---------------------------+----------+-----------+-------------+-------------+
[SUCCESS] Switched on successful

=== All Gadgets Status ===

=== Group Gadgets ===
[INFO] Group size: 2 member(s) | Admin: admin1759473099629@smarthome.com
[INFO] Your role: Member
[INFO] Showing your devices + devices you have permission to access
[INFO] You have access to 1 group member devices
Device List (Enter number to view detailed energy info):
+----+---------------------------+----------+-----------+-------------+-------------+
| #  | Device                    | Power    | Status    | Usage Time  | Energy(kWh) |
+----+---------------------------+----------+-----------+-------------+-------------+
| 1  | TV Samsung (Living Room)  |     150W | RUNNING   |      0h 00m |       0.000 |
|    |   Current Session:        |          |           | 0.0h        |             |
+----+---------------------------+----------+-----------+-------------+-------------+
 Permission-based device control test passed

=== Group Gadgets ===
[INFO] Group size: 2 member(s) | Admin: admin1759473099629@smarthome.com
[INFO] Your role: Member
[INFO] Showing your devices + devices you have permission to access
[INFO] You have access to 1 group member devices
Device List (Enter number to view detailed energy info):
+----+---------------------------+----------+-----------+-------------+-------------+
| #  | Device                    | Power    | Status    | Usage Time  | Energy(kWh) |
+----+---------------------------+----------+-----------+-------------+-------------+
| 1  | TV Samsung (Living Room)  |     150W | RUNNING   |      0h 00m |       0.000 |
|    |   Current Session:        |          |           | 0.0h        |             |
+----+---------------------------+----------+-----------+-------------+-------------+
[ERROR] Device not found: TV in Living Room
[SUCCESS] Logged out successfully from account: member11759473099629@smarthome.com
[INFO] You can now register a new account or login with different credentials.
Cleaned up group test environment
]]></system-out>
  </testcase>
  <testcase name="testPermissionOperationsWithoutLogin" classname="com.smarthome.SmartHomeServiceGroupTest" time="0.346">
    <system-out><![CDATA[[INFO] DynamoDB table 'customers' already exists
[SUCCESS] Thank you! Customer registration successful.
[SUCCESS] Thank you! Customer registration successful.
[SUCCESS] Thank you! Customer registration successful.
Setting up group test environment...
[ERROR] Please login first!
[ERROR] Please login first!
 Permission operations without login test passed
Cleaned up group test environment
]]></system-out>
  </testcase>
  <testcase name="testCrossGroupPermissionIsolation" classname="com.smarthome.SmartHomeServiceGroupTest" time="0.655">
    <system-out><![CDATA[[INFO] DynamoDB table 'customers' already exists
[SUCCESS] Thank you! Customer registration successful.
[SUCCESS] Thank you! Customer registration successful.
[SUCCESS] Thank you! Customer registration successful.
Setting up group test environment...
[SUCCESS] Login successful! Welcome back, Admin User!
[SUCCESS] member11759473100594@smarthome.com has been added to your group!
[INFO] Both you and member11759473100594@smarthome.com can now see each other's devices.
[INFO] member11759473100594@smarthome.com can also see your devices when they login.
[INFO] Group size is now: 2 member(s)
[SUCCESS] Successfully connected to TV Samsung in Living Room
[SUCCESS] Permission granted successfully!
[INFO] member11759473100594@smarthome.com can now access TV in Living Room
[SUCCESS] Logged out successfully from account: admin1759473100594@smarthome.com
[INFO] You can now register a new account or login with different credentials.
[SUCCESS] Login successful! Welcome back, Member Two!
 Cross-group permission isolation test passed

=== Your Gadgets ===
[INFO] Showing only your personal devices (not part of any group)
[INFO] Use 'Group Management' to create a group and share devices with others
No gadgets found! Please connect to some gadgets first.
[SUCCESS] Logged out successfully from account: member21759473100594@smarthome.com
[INFO] You can now register a new account or login with different credentials.
Cleaned up group test environment
]]></system-out>
  </testcase>
</testsuite>