<?xml version="1.0" encoding="UTF-8"?>
<testsuite xmlns:xsi="http://www.w3.org/2001/XMLSchema-instance" xsi:noNamespaceSchemaLocation="https://maven.apache.org/surefire/maven-surefire-plugin/xsd/surefire-test-report-3.0.xsd" version="3.0" name="com.smarthome.AlertsLiveDemo" time="5.482" tests="3" errors="0" skipped="0" failures="1">
  <properties>
[...]
</properties>
  <testcase name="demonstrateCompleteAlertsWorkflow" classname="com.smarthome.AlertsLiveDemo" time="5.209">
    <failure message="Should have created at least 3 alerts ==&gt; expected: &lt;true&gt; but was: &lt;false&gt;" type="org.opentest4j.AssertionFailedError"><![CDATA[org.opentest4j.AssertionFailedError: Should have created at least 3 alerts ==> expected: <true> but was: <false>
	at org.junit.jupiter.api.AssertionFailureBuilder.build(AssertionFailureBuilder.java:151)
	at org.junit.jupiter.api.AssertionFailureBuilder.buildAndThrow(AssertionFailureBuilder.java:132)
	at org.junit.jupiter.api.AssertTrue.failNotTrue(AssertTrue.java:63)
	at org.junit.jupiter.api.AssertTrue.assertTrue(AssertTrue.java:36)
	at org.junit.jupiter.api.Assertions.assertTrue(Assertions.java:210)
	at com.smarthome.AlertsLiveDemo.demonstrateCompleteAlertsWorkflow(AlertsLiveDemo.java:192)
	at java.base/java.lang.reflect.Method.invoke(Method.java:565)
	at java.base/java.util.ArrayList.forEach(ArrayList.java:1604)
	at java.base/java.util.ArrayList.forEach(ArrayList.java:1604)
]]></failure>
    <system-out><![CDATA[ Successfully connected to local DynamoDB at: http://localhost:8002
[INFO] DynamoDB table 'customers' already exists

============================================================
        🚨 ALERTS FEATURE LIVE DEMO 🚨
============================================================
[ERROR] Registration failed! Email might already be registered.
[SUCCESS] Login successful! Welcome back, Demo User!
✅ Demo user logged in successfully!

📋 STEP 1: Adding Demo Devices
==============================================
A TV already exists in Living Room. You can only have one TV per room.
A AC already exists in Master Bedroom. You can only have one AC per room.
A MICROWAVE already exists in Kitchen. You can only have one MICROWAVE per room.
A FAN already exists in Study Room. You can only have one FAN per room.

=== Your Gadgets ===
[INFO] Showing only your personal devices (not part of any group)
[INFO] Use 'Group Management' to create a group and share devices with others
Device List (Enter number to view detailed energy info):
+----+-------------------------------+----------+-----------+-------------+-------------+
| #  | Device                        | Power    | Status    | Usage Time  | Energy(kWh) |
+----+-------------------------------+----------+-----------+-------------+-------------+
| 1  | TV Samsung (Living Room)      |     150W | OFF       |      0h 00m |       0.000 |
| 2  | AC LG (Master Bedroom)        |    1500W | OFF       |      0h 00m |       0.000 |
| 3  | MICROWAVE Whirlpool (Kitchen) |    1200W | RUNNING   |      0h 15m |       0.300 |
|    |   Current Session:            |          |           | 0.3h        |             |
| 4  | FAN Bajaj (Study Room)        |      75W | OFF       |      0h 00m |       0.000 |
+----+-------------------------------+----------+-----------+-------------+-------------+
📱 Added 4 demo devices:
   1. TV (Samsung) in Living Room - Energy: 0.00 kWh
   2. AC (LG) in Master Bedroom - Energy: 0.00 kWh
   3. MICROWAVE (Whirlpool) in Kitchen - Energy: 0.00 kWh
   4. FAN (Bajaj) in Study Room - Energy: 0.00 kWh

📋 STEP 2: Creating Time-Based Alerts
==============================================
[SUCCESS] Time-based alert created: TV Reminder
  Device: TV in Living Room
  Trigger: 20-09-2025 15:38
[SUCCESS] Time-based alert created: AC Energy Check
  Device: AC in Master Bedroom
  Trigger: 20-09-2025 15:39
⏰ Created time-based alerts:
   1. TV Reminder - triggers at 15:38:00
   2. AC Energy Check - triggers at 15:39:00

📋 STEP 3: Creating Energy Usage Alerts
==============================================

=== Your Gadgets ===
[INFO] Showing only your personal devices (not part of any group)
[INFO] Use 'Group Management' to create a group and share devices with others
Device List (Enter number to view detailed energy info):
+----+-------------------------------+----------+-----------+-------------+-------------+
| #  | Device                        | Power    | Status    | Usage Time  | Energy(kWh) |
+----+-------------------------------+----------+-----------+-------------+-------------+
| 1  | TV Samsung (Living Room)      |     150W | OFF       |      0h 00m |       0.000 |
| 2  | AC LG (Master Bedroom)        |    1500W | OFF       |      0h 00m |       0.000 |
| 3  | MICROWAVE Whirlpool (Kitchen) |    1200W | RUNNING   |      0h 15m |       0.300 |
|    |   Current Session:            |          |           | 0.3h        |             |
| 4  | FAN Bajaj (Study Room)        |      75W | OFF       |      0h 00m |       0.000 |
+----+-------------------------------+----------+-----------+-------------+-------------+
[SUCCESS] MICROWAVE Whirlpool in Kitchen switched OFF

=== All Gadgets Status ===

=== Your Gadgets ===
[INFO] Showing only your personal devices (not part of any group)
[INFO] Use 'Group Management' to create a group and share devices with others
Device List (Enter number to view detailed energy info):
+----+-------------------------------+----------+-----------+-------------+-------------+
| #  | Device                        | Power    | Status    | Usage Time  | Energy(kWh) |
+----+-------------------------------+----------+-----------+-------------+-------------+
| 1  | TV Samsung (Living Room)      |     150W | OFF       |      0h 00m |       0.000 |
| 2  | AC LG (Master Bedroom)        |    1500W | OFF       |      0h 00m |       0.000 |
| 3  | MICROWAVE Whirlpool (Kitchen) |    1200W | OFF       |      0h 15m |       0.300 |
| 4  | FAN Bajaj (Study Room)        |      75W | OFF       |      0h 00m |       0.000 |
+----+-------------------------------+----------+-----------+-------------+-------------+
🔥 Turned ON microwave to generate energy usage
[SUCCESS] Energy usage alert created: High Microwave Usage
  Device: MICROWAVE in Kitchen
  Condition: Energy greater than 0.01 kWh
⚡ Created energy usage alert:
   - Microwave energy alert (threshold: 0.01 kWh)

📋 STEP 4: Viewing All Created Alerts
==============================================

=== Your Device Alerts ===
Total Alerts: 3 | Active: 3 | Inactive: 0

+----+-------------------------+---------------+-------------------+--------+-------+
| #  | Alert Name              | Device        | Condition         | Status | Count |
+----+-------------------------+---------------+-------------------+--------+-------+
| 1  | TV Reminder             | TV (Living... | Trigger at 20-... | ACTIVE | 0     |
| 2  | AC Energy Check         | AC (Master... | Trigger at 20-... | ACTIVE | 0     |
| 3  | High Microwave Usage    | MICROWAVE ... | Energy greater... | ACTIVE | 0     |
+----+-------------------------+---------------+-------------------+--------+-------+

📋 STEP 5: Testing Alert Monitoring
==============================================
🔍 Forcing alert check to see if any alerts should trigger...

============================================================
        DEVICE ALERT TRIGGERED!
============================================================
Alert Name: High Microwave Usage
Device: MICROWAVE in Kitchen
Type: ENERGY USAGE
Condition: Energy greater than 0.01 kWh
Message: Microwave energy usage is higher than expected!
Triggered: 20-09-2025 15:37:00
Reason: Energy usage alert: MICROWAVE in Kitchen has consumed 0.30 kWh (threshold: 0.01 kWh)
============================================================
[SUCCESS] Alert deleted successfully
✅ Alert automatically deleted after triggering
============================================================
This was a one-time alert and has been automatically removed.

Press Enter to continue or enter your choice: 
📋 STEP 6: Alert Management Demo
==============================================
🛠️ Managing alerts:
   Total alerts created: 2
   First alert: TV Reminder
   Status: ACTIVE
   Trigger count: 0
[SUCCESS] Alert deactivated
   Toggle result: SUCCESS

📋 STEP 7: Simulating Time Passage
==============================================
⏳ Waiting a moment and checking alerts again...
🔄 Checking alerts after time passage...

📋 STEP 8: Final Alert Status
==============================================

=== Your Device Alerts ===
Total Alerts: 2 | Active: 1 | Inactive: 1

+----+-------------------------+---------------+-------------------+--------+-------+
| #  | Alert Name              | Device        | Condition         | Status | Count |
+----+-------------------------+---------------+-------------------+--------+-------+
| 1  | TV Reminder             | TV (Living... | Trigger at 20-... | OFF    | 0     |
| 2  | AC Energy Check         | AC (Master... | Trigger at 20-... | ACTIVE | 0     |
+----+-------------------------+---------------+-------------------+--------+-------+

============================================================
        ✅ ALERTS DEMO COMPLETED SUCCESSFULLY!
============================================================

📊 DEMO SUMMARY:
• ✅ Created multiple devices
• ✅ Created time-based alerts
• ✅ Created energy usage alerts
• ✅ Displayed alert management interface
• ✅ Tested alert monitoring/triggering
• ✅ Demonstrated alert toggle functionality

🎯 HOW TO ACCESS IN REAL APP:
   Main Menu → 6. Device Control Panel → Options 11-15

🚨 ALERTS ARE NOW WORKING AND READY TO USE!
[SUCCESS] Logged out successfully from account: demo@smarthome.com
[INFO] You can now register a new account or login with different credentials.
]]></system-out>
  </testcase>
  <testcase name="demonstrateDeviceControlPanelIntegration" classname="com.smarthome.AlertsLiveDemo" time="0.112">
    <system-out><![CDATA[[INFO] DynamoDB table 'customers' already exists

============================================================
        🚨 ALERTS FEATURE LIVE DEMO 🚨
============================================================
[ERROR] Registration failed! Email might already be registered.
[SUCCESS] Login successful! Welcome back, Demo User!
✅ Demo user logged in successfully!

🎛️ DEVICE CONTROL PANEL INTEGRATION DEMO
===================================================
📍 WHERE TO FIND ALERTS IN THE REAL APP:

   [MAIN MENU]
   ├── 1. Register New Account
   ├── 2. Sign In to Account
   ├── 3. Forgot Password
   ├── 4. Add Smart Device
   ├── 5. View All Connected Devices
   ├── 6. Device Control Panel  ← SELECT THIS
   └── ...

   [DEVICE CONTROL PANEL]
   ├── 1-10. Device Management Options
   ├── [DEVICE ALERTS & MONITORING]:
   ├── 11. Create Time-Based Alert      ← NEW!
   ├── 12. Create Energy Usage Alert   ← NEW!
   ├── 13. View & Manage Alerts        ← NEW!
   ├── 14. Check Alert Status          ← NEW!
   ├── 15. Alert Help & Information    ← NEW!
   └── 0. Return to Main Menu

🎯 NAVIGATION PATH:
   Main Menu → Option 6 → Options 11-15

✅ Perfect integration with existing menu structure!
[SUCCESS] Logged out successfully from account: demo@smarthome.com
[INFO] You can now register a new account or login with different credentials.
]]></system-out>
  </testcase>
  <testcase name="demonstrateAlertHelpSystem" classname="com.smarthome.AlertsLiveDemo" time="0.103">
    <system-out><![CDATA[[INFO] DynamoDB table 'customers' already exists

============================================================
        🚨 ALERTS FEATURE LIVE DEMO 🚨
============================================================
[ERROR] Registration failed! Email might already be registered.
[SUCCESS] Login successful! Welcome back, Demo User!
✅ Demo user logged in successfully!

📚 ALERT HELP SYSTEM DEMO
==============================================
📖 Alert Help Content:

=== Device Alerts Help ===
Alerts notify you when specific conditions are met.

ALERT TYPES:
1. Time-Based Alerts:
   - Trigger at specific date/time
   - Example: Remind to turn off AC at 11 PM
   - Format: DD-MM-YYYY HH:MM

2. Energy Usage Alerts:
   - Trigger when energy consumption meets threshold
   - Example: Alert when TV uses more than 5 kWh
   - Comparison types: Greater than, Less than, Equals

IMPORTANT NOTES:
- Alerts are notifications only
- No automatic device actions are taken
- You decide what action to take when alerted
- Alerts can be activated/deactivated anytime


💡 PRACTICAL EXAMPLES:
1. ⏰ Time Alert: 'Turn off AC at 11 PM'
   → Device: AC in Master Bedroom
   → Time: 23:00 daily
   → Action: Just notifies, you decide what to do

2. ⚡ Energy Alert: 'High TV usage warning'
   → Device: TV in Living Room
   → Threshold: > 5.0 kWh
   → Action: Alert when TV uses too much energy

✅ Help system is fully functional!
[SUCCESS] Logged out successfully from account: demo@smarthome.com
[INFO] You can now register a new account or login with different credentials.
]]></system-out>
  </testcase>
</testsuite>