<?xml version="1.0" encoding="UTF-8"?>
<testsuite xmlns:xsi="http://www.w3.org/2001/XMLSchema-instance" xsi:noNamespaceSchemaLocation="https://maven.apache.org/surefire/maven-surefire-plugin/xsd/surefire-test-report-3.0.xsd" version="3.0" name="com.smarthome.DeviceHealthTableTest" time="1.011" tests="4" errors="0" skipped="0" failures="0">
  <properties>
[...]
</properties>
  <testcase name="testSystemHealthSummary" classname="com.smarthome.DeviceHealthTableTest" time="0.159">
    <system-out><![CDATA[
 Setting up Device Health Table Test...
[INFO] DynamoDB table 'customers' already exists
[ERROR] Registration failed! Email might already be registered.
[SUCCESS] Login successful! Welcome back, Health Table Test User!

 Testing System Health Summary...
A GEYSER already exists in Kitchen. You can only have one GEYSER per room.
A SPEAKER already exists in Living Room. You can only have one SPEAKER per room.
 System health summary works: System Health: 93.6% (EXCELLENT) | Healthy: 8 | Warning: 0 | Critical: 0
[SUCCESS] Logged out successfully from account: healthtable@smarthome.com
[INFO] You can now register a new account or login with different credentials.
 Health table test cleanup completed
]]></system-out>
  </testcase>
  <testcase name="testDeviceHealthReportGeneration" classname="com.smarthome.DeviceHealthTableTest" time="0.195">
    <system-out><![CDATA[
 Setting up Device Health Table Test...
[INFO] DynamoDB table 'customers' already exists
[ERROR] Registration failed! Email might already be registered.
[SUCCESS] Login successful! Welcome back, Health Table Test User!

 Testing Device Health Report Generation...
A TV already exists in Living Room. You can only have one TV per room.
A AC already exists in Master Bedroom. You can only have one AC per room.
Error: Invalid model for LIGHT
A FAN already exists in Living Room. You can only have one FAN per room.

=== Smart Home Health Dashboard ===
Health Report Generated: 03-10-2025 12:01:00

[SYSTEM OVERVIEW]:
Total Devices: 8
Overall Health Score: 88.8%

[OK] Healthy: 7 devices
[!] Warning: 1 devices
[!!] Critical: 0 devices

[DEVICE HEALTH DETAILS]:
+----------------------------------------------------------------------------------+
| # | Device Name & Location | Health | Status | Efficiency | Lifespan           |
+----------------------------------------------------------------------------------+
| 1 | GEYSER Racold (Kitchen)        |  92% | EXCELLENT |  100.0% |   96 mo      |
|                                                                                |
|    [FIX] Check for water leakage and heating efficiency                        |
+----------------------------------------------------------------------------------+
| 2 | SPEAKER JBL (Living Room)      |  81% | EXCELLENT |  100.0% |   60 mo      |
|                                                                                |
|    [ISSUE] Firmware update available                                           |
|    [FIX] Update device firmware for security and performance                   |
+----------------------------------------------------------------------------------+
| 3 | TV LG (Living Room)            |  89% | EXCELLENT |  100.0% |   84 mo      |
|                                                                                |
|    [FIX] Keep ventilation clear for optimal cooling                            |
+----------------------------------------------------------------------------------+
| 4 | AC Samsung (Master Bedroom)    |  93% | EXCELLENT |  100.0% |  120 mo      |
|                                                                                |
|    [FIX] Clean AC filters monthly for optimal performance                      |
+----------------------------------------------------------------------------------+
| 5 | FAN Bajaj (Living Room)        |  87% | EXCELLENT |  100.0% |   60 mo      |
+----------------------------------------------------------------------------------+
| 6 | MICROWAVE Samsung (Kitchen)    |  77% | GOOD      |  100.0% |   60 mo      |
|                                                                                |
|    [ISSUE] Intermittent connectivity detected                                  |
|    [FIX] Check Wi-Fi signal strength in Kitchen                                |
+----------------------------------------------------------------------------------+
| 7 | CAMERA MI (Living Room)        |  97% | EXCELLENT |  100.0% |   60 mo      |
+----------------------------------------------------------------------------------+
| 8 | TV Sony (Entertainment Room)   |  94% | EXCELLENT |  100.0% |   84 mo      |
|                                                                                |
|    [FIX] Keep ventilation clear for optimal cooling                            |
+----------------------------------------------------------------------------------+

[SYSTEM RECOMMENDATIONS]:
  [WARNING] 1 device(s) require maintenance soon
  [GOOD] System health overall, minor optimizations recommended
  [SCHEDULE] Monthly health checks for proactive maintenance
  [SETUP] Enable device notifications for real-time health monitoring
 Device health report generation works
[SUCCESS] Logged out successfully from account: healthtable@smarthome.com
[INFO] You can now register a new account or login with different credentials.
 Health table test cleanup completed
]]></system-out>
  </testcase>
  <testcase name="testMaintenanceScheduleDisplay" classname="com.smarthome.DeviceHealthTableTest" time="0.286">
    <system-out><![CDATA[
 Setting up Device Health Table Test...
[INFO] DynamoDB table 'customers' already exists
[ERROR] Registration failed! Email might already be registered.
[SUCCESS] Login successful! Welcome back, Health Table Test User!

 Testing Maintenance Schedule Display...
A MICROWAVE already exists in Kitchen. You can only have one MICROWAVE per room.
A CAMERA already exists in Living Room. You can only have one CAMERA per room.

=== Maintenance Schedule ===
Recommended maintenance timeline for your devices:

[*] GEYSER Racold (Kitchen)
   [Monthly] Check for leaks
   [Quarterly] Flush tank
   [Annually] Replace anode rod

[*] SPEAKER JBL (Living Room)
   [Monthly] General cleaning
   [Quarterly] Check connections
   [Annually] Update firmware

[*] TV LG (Living Room)
   [Monthly] General cleaning
   [Quarterly] Check connections
   [Annually] Update firmware

[*] AC Samsung (Master Bedroom)
   [Monthly] Clean/replace filters
   [Quarterly] Check refrigerant levels
   [Annually] Professional service

[*] FAN Bajaj (Living Room)
   [Monthly] General cleaning
   [Quarterly] Check connections
   [Annually] Update firmware

[*] MICROWAVE Samsung (Kitchen)
   [Monthly] General cleaning
   [Quarterly] Check connections
   [Annually] Update firmware

[*] CAMERA MI (Living Room)
   [Monthly] General cleaning
   [Quarterly] Check connections
   [Annually] Update firmware

[*] TV Sony (Entertainment Room)
   [Monthly] General cleaning
   [Quarterly] Check connections
   [Annually] Update firmware

 Maintenance schedule display works
[SUCCESS] Logged out successfully from account: healthtable@smarthome.com
[INFO] You can now register a new account or login with different credentials.
 Health table test cleanup completed
]]></system-out>
  </testcase>
  <testcase name="testDeviceHealthTableSummary" classname="com.smarthome.DeviceHealthTableTest" time="0.363">
    <system-out><![CDATA[
 Setting up Device Health Table Test...
[INFO] DynamoDB table 'customers' already exists
[ERROR] Registration failed! Email might already be registered.
[SUCCESS] Login successful! Welcome back, Health Table Test User!

 === DEVICE HEALTH TABLE TEST SUMMARY ===
A TV already exists in Entertainment Room. You can only have one TV per room.
A AC already exists in Master Bedroom. You can only have one AC per room.
 Device Health Report Generation - WORKING
 System Health Summary - WORKING
 Maintenance Schedule Display - WORKING

 TABLE FORMATTING IMPROVEMENTS:
 Wider table format (80+ characters)
 No text truncation
 Clear [ISSUE] and [FIX] labeling
 Smart text wrapping for long content
 Better visual organization

 DEVICE HEALTH TABLE - FORMATTING IMPROVED!

=== SAMPLE HEALTH REPORT WITH NEW FORMATTING ===

=== Smart Home Health Dashboard ===
Health Report Generated: 03-10-2025 12:01:01

[SYSTEM OVERVIEW]:
Total Devices: 8
Overall Health Score: 91.3%

[OK] Healthy: 8 devices
[!] Warning: 0 devices
[!!] Critical: 0 devices

[DEVICE HEALTH DETAILS]:
+----------------------------------------------------------------------------------+
| # | Device Name & Location | Health | Status | Efficiency | Lifespan           |
+----------------------------------------------------------------------------------+
| 1 | GEYSER Racold (Kitchen)        |  92% | EXCELLENT |  100.0% |   96 mo      |
|                                                                                |
|    [FIX] Check for water leakage and heating efficiency                        |
+----------------------------------------------------------------------------------+
| 2 | SPEAKER JBL (Living Room)      |  99% | EXCELLENT |  100.0% |   60 mo      |
+----------------------------------------------------------------------------------+
| 3 | TV LG (Living Room)            |  84% | EXCELLENT |  100.0% |   84 mo      |
|                                                                                |
|    [ISSUE] Intermittent connectivity detected                                  |
|    [FIX] Keep ventilation clear for optimal cooling                            |
|    [FIX] Check Wi-Fi signal strength in Living Room                            |
+----------------------------------------------------------------------------------+
| 4 | AC Samsung (Master Bedroom)    |  85% | EXCELLENT |  100.0% |  120 mo      |
|                                                                                |
|    [FIX] Clean AC filters monthly for optimal performance                      |
+----------------------------------------------------------------------------------+
| 5 | FAN Bajaj (Living Room)        |  90% | EXCELLENT |  100.0% |   60 mo      |
+----------------------------------------------------------------------------------+
| 6 | MICROWAVE Samsung (Kitchen)    |  96% | EXCELLENT |  100.0% |   60 mo      |
+----------------------------------------------------------------------------------+
| 7 | CAMERA MI (Living Room)        |  98% | EXCELLENT |  100.0% |   60 mo      |
+----------------------------------------------------------------------------------+
| 8 | TV Sony (Entertainment Room)   |  86% | EXCELLENT |  100.0% |   84 mo      |
|                                                                                |
|    [FIX] Keep ventilation clear for optimal cooling                            |
+----------------------------------------------------------------------------------+

[SYSTEM RECOMMENDATIONS]:
  [EXCELLENT] System health! Keep up the good maintenance
  [SCHEDULE] Monthly health checks for proactive maintenance
  [SETUP] Enable device notifications for real-time health monitoring
[SUCCESS] Logged out successfully from account: healthtable@smarthome.com
[INFO] You can now register a new account or login with different credentials.
 Health table test cleanup completed
]]></system-out>
  </testcase>
</testsuite>