<?xml version="1.0" encoding="UTF-8"?>
<testsuite xmlns:xsi="http://www.w3.org/2001/XMLSchema-instance" xsi:noNamespaceSchemaLocation="https://maven.apache.org/surefire/maven-surefire-plugin/xsd/surefire-test-report-3.0.xsd" version="3.0" name="com.smarthome.CalendarDateValidationTest" time="0.536" tests="5" errors="0" skipped="0" failures="0">
  <properties>
[...]
</properties>
  <testcase name="testDateFormatValidation" classname="com.smarthome.CalendarDateValidationTest" time="0.112">
    <system-out><![CDATA[
Setting up Calendar Date Validation Test...
[INFO] DynamoDB table 'customers' already exists
[ERROR] Registration failed! Email might already be registered.
[SUCCESS] Login successful! Welcome back, Date Validation Test User!

Testing Date Format Validation...
[SUCCESS] Calendar event created: Format Test Event
Event Date: 06-10-2025 12:20 to 13:20
Date format validation: PASSED
   Proper format accepted: 06-10-2025 12:20

=== DATE VALIDATION TEST SUMMARY ===
Valid Future Dates: ACCEPTED
Past Date Rejection: UI LEVEL VALIDATION
Same Start/End Warning: UI LEVEL WARNING
Short Duration Warning: UI LEVEL WARNING
Date Format Validation: WORKING
Calendar Date Validation: FUNCTIONAL!
[SUCCESS] Logged out successfully from account: datevalidation@smarthome.com
[INFO] You can now register a new account or login with different credentials.
Calendar date validation test cleanup completed
]]></system-out>
  </testcase>
  <testcase name="testSameStartEndTime" classname="com.smarthome.CalendarDateValidationTest" time="0.099">
    <system-out><![CDATA[
Setting up Calendar Date Validation Test...
[INFO] DynamoDB table 'customers' already exists
[ERROR] Registration failed! Email might already be registered.
[SUCCESS] Login successful! Welcome back, Date Validation Test User!

Testing Same Start and End Time...
[SUCCESS] Calendar event created: Zero Duration Event
Event Date: 05-10-2025 13:20 to 13:20
Same start/end time test: Service allows creation (UI shows warnings)
   UI validation warns about zero-duration events
[SUCCESS] Logged out successfully from account: datevalidation@smarthome.com
[INFO] You can now register a new account or login with different credentials.
Calendar date validation test cleanup completed
]]></system-out>
  </testcase>
  <testcase name="testShortDurationEvent" classname="com.smarthome.CalendarDateValidationTest" time="0.1">
    <system-out><![CDATA[
Setting up Calendar Date Validation Test...
[INFO] DynamoDB table 'customers' already exists
[ERROR] Registration failed! Email might already be registered.
[SUCCESS] Login successful! Welcome back, Date Validation Test User!

Testing Short Duration Event...
[SUCCESS] Calendar event created: Short Meeting
Event Date: 05-10-2025 13:20 to 13:25
Short duration test: Event created (UI shows duration warning)
   Duration: 5 minutes (UI warns about short events)
[SUCCESS] Logged out successfully from account: datevalidation@smarthome.com
[INFO] You can now register a new account or login with different credentials.
Calendar date validation test cleanup completed
]]></system-out>
  </testcase>
  <testcase name="testPastDateRejection" classname="com.smarthome.CalendarDateValidationTest" time="0.108">
    <system-out><![CDATA[
Setting up Calendar Date Validation Test...
[INFO] DynamoDB table 'customers' already exists
[ERROR] Registration failed! Email might already be registered.
[SUCCESS] Login successful! Welcome back, Date Validation Test User!

Testing Past Date Rejection...
[SUCCESS] Calendar event created: Past Event Test
Event Date: 05-10-2025 11:20 to 11:50
Past date test: Service layer allows creation (UI validation prevents this)
   Past dates should be rejected at UI level before reaching service
[SUCCESS] Logged out successfully from account: datevalidation@smarthome.com
[INFO] You can now register a new account or login with different credentials.
Calendar date validation test cleanup completed
]]></system-out>
  </testcase>
  <testcase name="testValidFutureDate" classname="com.smarthome.CalendarDateValidationTest" time="0.116">
    <system-out><![CDATA[
Setting up Calendar Date Validation Test...
[INFO] DynamoDB table 'customers' already exists
[ERROR] Registration failed! Email might already be registered.
[SUCCESS] Login successful! Welcome back, Date Validation Test User!

Testing Valid Future Date...
[SUCCESS] Calendar event created: Future Meeting
Event Date: 05-10-2025 14:20 to 15:20
Valid future date test: PASSED
   Event: Future Meeting
   Start: 05-10-2025 14:20
[SUCCESS] Logged out successfully from account: datevalidation@smarthome.com
[INFO] You can now register a new account or login with different credentials.
Calendar date validation test cleanup completed
]]></system-out>
  </testcase>
</testsuite>