<?xml version="1.0" encoding="UTF-8"?>
<testsuite xmlns:xsi="http://www.w3.org/2001/XMLSchema-instance" xsi:noNamespaceSchemaLocation="https://maven.apache.org/surefire/maven-surefire-plugin/xsd/surefire-test-report-3.0.xsd" version="3.0" name="com.smarthome.SmartHomeServiceTimerTest" time="5.692" tests="24" errors="0" skipped="0" failures="0">
  <properties>
[...]
</properties>
  <testcase name="testScheduleTimerPastTime" classname="com.smarthome.SmartHomeServiceTimerTest" time="0.242">
    <system-out><![CDATA[[INFO] DynamoDB table 'customers' already exists
[SUCCESS] Thank you! Customer registration successful.
[SUCCESS] Login successful! Welcome back, Timer Test User!
Setting up timer test environment...
[SUCCESS] Successfully connected to TV Samsung in Living Room
[ERROR] Cannot schedule timer for past time!
Current time: 05-10-2025 12:20
Requested time: 05-10-2025 11:20
 Schedule timer for past time test passed

=== Your Gadgets ===
[INFO] Showing only your personal devices (not part of any group)
[INFO] Use 'Group Management' to create a group and share devices with others
Device List (Enter number to view detailed energy info):
+----+---------------------------+----------+-----------+-------------+-------------+
| #  | Device                    | Power    | Status    | Usage Time  | Energy(kWh) |
+----+---------------------------+----------+-----------+-------------+-------------+
| 1  | TV Samsung (Living Room)  |     150W | OFF       |      0h 00m |       0.000 |
+----+---------------------------+----------+-----------+-------------+-------------+
[SUCCESS] Device deleted successfully!
[IMPORTANT] Energy consumption history preserved for accurate monthly billing.
[SUCCESS] Logged out successfully from account: timer1759647054828@smarthome.com
[INFO] You can now register a new account or login with different credentials.
Cleaned up timer test environment
]]></system-out>
  </testcase>
  <testcase name="testScheduleTimerDeviceDifferentRoom" classname="com.smarthome.SmartHomeServiceTimerTest" time="0.239">
    <system-out><![CDATA[[INFO] DynamoDB table 'customers' already exists
[SUCCESS] Thank you! Customer registration successful.
[SUCCESS] Login successful! Welcome back, Timer Test User!
Setting up timer test environment...
[SUCCESS] Successfully connected to TV Samsung in Living Room
[ERROR] Device not found: TV in Bedroom
 Schedule timer for device in different room test passed

=== Your Gadgets ===
[INFO] Showing only your personal devices (not part of any group)
[INFO] Use 'Group Management' to create a group and share devices with others
Device List (Enter number to view detailed energy info):
+----+---------------------------+----------+-----------+-------------+-------------+
| #  | Device                    | Power    | Status    | Usage Time  | Energy(kWh) |
+----+---------------------------+----------+-----------+-------------+-------------+
| 1  | TV Samsung (Living Room)  |     150W | OFF       |      0h 00m |       0.000 |
+----+---------------------------+----------+-----------+-------------+-------------+
[SUCCESS] Device deleted successfully!
[IMPORTANT] Energy consumption history preserved for accurate monthly billing.
[SUCCESS] Logged out successfully from account: timer1759647055070@smarthome.com
[INFO] You can now register a new account or login with different credentials.
Cleaned up timer test environment
]]></system-out>
  </testcase>
  <testcase name="testShowScheduledTimersNoTimers" classname="com.smarthome.SmartHomeServiceTimerTest" time="0.202">
    <system-out><![CDATA[[INFO] DynamoDB table 'customers' already exists
[SUCCESS] Thank you! Customer registration successful.
[SUCCESS] Login successful! Welcome back, Timer Test User!
Setting up timer test environment...

=== Scheduled Timers ===
No timers scheduled.
 Show scheduled timers with no timers test passed

=== Your Gadgets ===
[INFO] Showing only your personal devices (not part of any group)
[INFO] Use 'Group Management' to create a group and share devices with others
No gadgets found! Please connect to some gadgets first.
[SUCCESS] Logged out successfully from account: timer1759647055311@smarthome.com
[INFO] You can now register a new account or login with different credentials.
Cleaned up timer test environment
]]></system-out>
  </testcase>
  <testcase name="testCreateCalendarEventInvalidDateFormat" classname="com.smarthome.SmartHomeServiceTimerTest" time="0.198">
    <system-out><![CDATA[[INFO] DynamoDB table 'customers' already exists
[SUCCESS] Thank you! Customer registration successful.
[SUCCESS] Login successful! Welcome back, Timer Test User!
Setting up timer test environment...
[ERROR] Invalid date format! Use DD-MM-YYYY HH:MM
 Create calendar event with invalid date format test passed

=== Your Gadgets ===
[INFO] Showing only your personal devices (not part of any group)
[INFO] Use 'Group Management' to create a group and share devices with others
No gadgets found! Please connect to some gadgets first.
[SUCCESS] Logged out successfully from account: timer1759647055510@smarthome.com
[INFO] You can now register a new account or login with different credentials.
Cleaned up timer test environment
]]></system-out>
  </testcase>
  <testcase name="testScheduleValidDeviceTimer" classname="com.smarthome.SmartHomeServiceTimerTest" time="0.245">
    <system-out><![CDATA[[INFO] DynamoDB table 'customers' already exists
[SUCCESS] Thank you! Customer registration successful.
[SUCCESS] Login successful! Welcome back, Timer Test User!
Setting up timer test environment...
[SUCCESS] Successfully connected to TV Samsung in Living Room
[SUCCESS] Timer scheduled for TV Samsung in Living Room to turn ON at 05-10-2025 13:20
 Schedule valid device timer test passed

=== Your Gadgets ===
[INFO] Showing only your personal devices (not part of any group)
[INFO] Use 'Group Management' to create a group and share devices with others
Device List (Enter number to view detailed energy info):
+----+-------------------------------+----------+-----------+-------------+-------------+
| #  | Device                        | Power    | Status    | Usage Time  | Energy(kWh) |
+----+-------------------------------+----------+-----------+-------------+-------------+
| 1  | TV Samsung (Living Room)      |     150W | OFF       |      0h 00m |       0.000 |
|    |   Timer: ON 05-10 13:20 (59m) |          |           |             |             |
+----+-------------------------------+----------+-----------+-------------+-------------+
[SUCCESS] Device deleted successfully!
[IMPORTANT] Energy consumption history preserved for accurate monthly billing.
[SUCCESS] Logged out successfully from account: timer1759647055710@smarthome.com
[INFO] You can now register a new account or login with different credentials.
Cleaned up timer test environment
]]></system-out>
  </testcase>
  <testcase name="testTimerServiceInitialization" classname="com.smarthome.SmartHomeServiceTimerTest" time="0.224">
    <system-out><![CDATA[[INFO] DynamoDB table 'customers' already exists
[SUCCESS] Thank you! Customer registration successful.
[SUCCESS] Login successful! Welcome back, Timer Test User!
Setting up timer test environment...
 Timer service initialization test passed

=== Your Gadgets ===
[INFO] Showing only your personal devices (not part of any group)
[INFO] Use 'Group Management' to create a group and share devices with others
No gadgets found! Please connect to some gadgets first.
[SUCCESS] Logged out successfully from account: timer1759647055955@smarthome.com
[INFO] You can now register a new account or login with different credentials.
Cleaned up timer test environment
]]></system-out>
  </testcase>
  <testcase name="testScheduleTimerInvalidAction" classname="com.smarthome.SmartHomeServiceTimerTest" time="0.284">
    <system-out><![CDATA[[INFO] DynamoDB table 'customers' already exists
[SUCCESS] Thank you! Customer registration successful.
[SUCCESS] Login successful! Welcome back, Timer Test User!
Setting up timer test environment...
[SUCCESS] Successfully connected to TV Samsung in Living Room
[ERROR] Invalid action! Use 'ON' or 'OFF'
 Schedule timer with invalid action test passed

=== Your Gadgets ===
[INFO] Showing only your personal devices (not part of any group)
[INFO] Use 'Group Management' to create a group and share devices with others
Device List (Enter number to view detailed energy info):
+----+---------------------------+----------+-----------+-------------+-------------+
| #  | Device                    | Power    | Status    | Usage Time  | Energy(kWh) |
+----+---------------------------+----------+-----------+-------------+-------------+
| 1  | TV Samsung (Living Room)  |     150W | OFF       |      0h 00m |       0.000 |
+----+---------------------------+----------+-----------+-------------+-------------+
[SUCCESS] Device deleted successfully!
[IMPORTANT] Energy consumption history preserved for accurate monthly billing.
[SUCCESS] Logged out successfully from account: timer1759647056180@smarthome.com
[INFO] You can now register a new account or login with different credentials.
Cleaned up timer test environment
]]></system-out>
  </testcase>
  <testcase name="testCancelTimerInvalidAction" classname="com.smarthome.SmartHomeServiceTimerTest" time="0.307">
    <system-out><![CDATA[[INFO] DynamoDB table 'customers' already exists
[SUCCESS] Thank you! Customer registration successful.
[SUCCESS] Login successful! Welcome back, Timer Test User!
Setting up timer test environment...
[SUCCESS] Successfully connected to TV Samsung in Living Room
[SUCCESS] Timer scheduled for TV Samsung in Living Room to turn ON at 05-10-2025 13:20
[ERROR] Invalid action! Use 'ON' or 'OFF'
 Cancel timer with invalid action test passed

=== Your Gadgets ===
[INFO] Showing only your personal devices (not part of any group)
[INFO] Use 'Group Management' to create a group and share devices with others
Device List (Enter number to view detailed energy info):
+----+-------------------------------+----------+-----------+-------------+-------------+
| #  | Device                        | Power    | Status    | Usage Time  | Energy(kWh) |
+----+-------------------------------+----------+-----------+-------------+-------------+
| 1  | TV Samsung (Living Room)      |     150W | OFF       |      0h 00m |       0.000 |
|    |   Timer: ON 05-10 13:20 (59m) |          |           |             |             |
+----+-------------------------------+----------+-----------+-------------+-------------+
[SUCCESS] Device deleted successfully!
[IMPORTANT] Energy consumption history preserved for accurate monthly billing.
[SUCCESS] Logged out successfully from account: timer1759647056465@smarthome.com
[INFO] You can now register a new account or login with different credentials.
Cleaned up timer test environment
]]></system-out>
  </testcase>
  <testcase name="testOverlappingTimerSchedules" classname="com.smarthome.SmartHomeServiceTimerTest" time="0.305">
    <system-out><![CDATA[[INFO] DynamoDB table 'customers' already exists
[SUCCESS] Thank you! Customer registration successful.
[SUCCESS] Login successful! Welcome back, Timer Test User!
Setting up timer test environment...
[SUCCESS] Successfully connected to TV Samsung in Living Room
[SUCCESS] Timer scheduled for TV Samsung in Living Room to turn ON at 05-10-2025 13:20
[SUCCESS] Timer scheduled for TV Samsung in Living Room to turn OFF at 05-10-2025 13:20
 Overlapping timer schedules test passed

=== Your Gadgets ===
[INFO] Showing only your personal devices (not part of any group)
[INFO] Use 'Group Management' to create a group and share devices with others
Device List (Enter number to view detailed energy info):
+----+-------------------------------------------------------+----------+-----------+-------------+-------------+
| #  | Device                                                | Power    | Status    | Usage Time  | Energy(kWh) |
+----+-------------------------------------------------------+----------+-----------+-------------+-------------+
| 1  | TV Samsung (Living Room)                              |     150W | OFF       |      0h 00m |       0.000 |
|    |   Timer: ON 05-10 13:20 (59m) | OFF 05-10 13:20 (59m) |          |           |             |             |
+----+-------------------------------------------------------+----------+-----------+-------------+-------------+
[SUCCESS] Device deleted successfully!
[IMPORTANT] Energy consumption history preserved for accurate monthly billing.
[SUCCESS] Logged out successfully from account: timer1759647056773@smarthome.com
[INFO] You can now register a new account or login with different credentials.
Cleaned up timer test environment
]]></system-out>
  </testcase>
  <testcase name="testScheduleTimerMinimalFutureTime" classname="com.smarthome.SmartHomeServiceTimerTest" time="0.275">
    <system-out><![CDATA[[INFO] DynamoDB table 'customers' already exists
[SUCCESS] Thank you! Customer registration successful.
[SUCCESS] Login successful! Welcome back, Timer Test User!
Setting up timer test environment...
[SUCCESS] Successfully connected to TV Samsung in Living Room
[SUCCESS] Timer scheduled for TV Samsung in Living Room to turn ON at 05-10-2025 12:22
 Schedule timer with minimal future time test passed

=== Your Gadgets ===
[INFO] Showing only your personal devices (not part of any group)
[INFO] Use 'Group Management' to create a group and share devices with others
Device List (Enter number to view detailed energy info):
+----+------------------------------+----------+-----------+-------------+-------------+
| #  | Device                       | Power    | Status    | Usage Time  | Energy(kWh) |
+----+------------------------------+----------+-----------+-------------+-------------+
| 1  | TV Samsung (Living Room)     |     150W | OFF       |      0h 00m |       0.000 |
|    |   Timer: ON 05-10 12:22 (1m) |          |           |             |             |
+----+------------------------------+----------+-----------+-------------+-------------+
[SUCCESS] Device deleted successfully!
[IMPORTANT] Energy consumption history preserved for accurate monthly billing.
[SUCCESS] Logged out successfully from account: timer1759647057078@smarthome.com
[INFO] You can now register a new account or login with different credentials.
Cleaned up timer test environment
]]></system-out>
  </testcase>
  <testcase name="testCreateValidCalendarEvent" classname="com.smarthome.SmartHomeServiceTimerTest" time="0.212">
    <system-out><![CDATA[[INFO] DynamoDB table 'customers' already exists
[SUCCESS] Thank you! Customer registration successful.
[SUCCESS] Login successful! Welcome back, Timer Test User!
Setting up timer test environment...
[SUCCESS] Calendar event created: Test Meeting
Event Date: 06-10-2025 12:20 to 14:20
 Create valid calendar event test passed

=== Your Gadgets ===
[INFO] Showing only your personal devices (not part of any group)
[INFO] Use 'Group Management' to create a group and share devices with others
No gadgets found! Please connect to some gadgets first.
[SUCCESS] Logged out successfully from account: timer1759647057353@smarthome.com
[INFO] You can now register a new account or login with different credentials.
Cleaned up timer test environment
]]></system-out>
  </testcase>
  <testcase name="testScheduleTimerNonExistentDevice" classname="com.smarthome.SmartHomeServiceTimerTest" time="0.203">
    <system-out><![CDATA[[INFO] DynamoDB table 'customers' already exists
[SUCCESS] Thank you! Customer registration successful.
[SUCCESS] Login successful! Welcome back, Timer Test User!
Setting up timer test environment...
[ERROR] Device not found: TV in Living Room
 Schedule timer for non-existent device test passed

=== Your Gadgets ===
[INFO] Showing only your personal devices (not part of any group)
[INFO] Use 'Group Management' to create a group and share devices with others
No gadgets found! Please connect to some gadgets first.
[SUCCESS] Logged out successfully from account: timer1759647057564@smarthome.com
[INFO] You can now register a new account or login with different credentials.
Cleaned up timer test environment
]]></system-out>
  </testcase>
  <testcase name="testCancelTimerNonExistentDevice" classname="com.smarthome.SmartHomeServiceTimerTest" time="0.297">
    <system-out><![CDATA[[INFO] DynamoDB table 'customers' already exists
[SUCCESS] Thank you! Customer registration successful.
[SUCCESS] Login successful! Welcome back, Timer Test User!
Setting up timer test environment...
[ERROR] Device not found: TV in Living Room
 Cancel timer for non-existent device test passed

=== Your Gadgets ===
[INFO] Showing only your personal devices (not part of any group)
[INFO] Use 'Group Management' to create a group and share devices with others
No gadgets found! Please connect to some gadgets first.
[SUCCESS] Logged out successfully from account: timer1759647057772@smarthome.com
[INFO] You can now register a new account or login with different credentials.
Cleaned up timer test environment
]]></system-out>
  </testcase>
  <testcase name="testTimerOperationsWithoutLogin" classname="com.smarthome.SmartHomeServiceTimerTest" time="0.23">
    <system-out><![CDATA[[INFO] DynamoDB table 'customers' already exists
[SUCCESS] Thank you! Customer registration successful.
[SUCCESS] Login successful! Welcome back, Timer Test User!
Setting up timer test environment...
[SUCCESS] Logged out successfully from account: timer1759647058070@smarthome.com
[INFO] You can now register a new account or login with different credentials.
[ERROR] Please login first!
[ERROR] Please login first!
[ERROR] Please login first!
 Timer operations without login test passed
Cleaned up timer test environment
]]></system-out>
  </testcase>
  <testcase name="testScheduleMultipleTimersSameDevice" classname="com.smarthome.SmartHomeServiceTimerTest" time="0.257">
    <system-out><![CDATA[[INFO] DynamoDB table 'customers' already exists
[SUCCESS] Thank you! Customer registration successful.
[SUCCESS] Login successful! Welcome back, Timer Test User!
Setting up timer test environment...
[SUCCESS] Successfully connected to TV Samsung in Living Room
[SUCCESS] Timer scheduled for TV Samsung in Living Room to turn ON at 05-10-2025 13:20
[SUCCESS] Timer scheduled for TV Samsung in Living Room to turn OFF at 05-10-2025 14:20
 Schedule multiple timers for same device test passed

=== Your Gadgets ===
[INFO] Showing only your personal devices (not part of any group)
[INFO] Use 'Group Management' to create a group and share devices with others
Device List (Enter number to view detailed energy info):
+----+----------------------------------------------------------+----------+-----------+-------------+-------------+
| #  | Device                                                   | Power    | Status    | Usage Time  | Energy(kWh) |
+----+----------------------------------------------------------+----------+-----------+-------------+-------------+
| 1  | TV Samsung (Living Room)                                 |     150W | OFF       |      0h 00m |       0.000 |
|    |   Timer: ON 05-10 13:20 (59m) | OFF 05-10 14:20 (1h 59m) |          |           |             |             |
+----+----------------------------------------------------------+----------+-----------+-------------+-------------+
[SUCCESS] Device deleted successfully!
[IMPORTANT] Energy consumption history preserved for accurate monthly billing.
[SUCCESS] Logged out successfully from account: timer1759647058298@smarthome.com
[INFO] You can now register a new account or login with different credentials.
Cleaned up timer test environment
]]></system-out>
  </testcase>
  <testcase name="testGetScheduledTimersWithDevices" classname="com.smarthome.SmartHomeServiceTimerTest" time="0.262">
    <system-out><![CDATA[[INFO] DynamoDB table 'customers' already exists
[SUCCESS] Thank you! Customer registration successful.
[SUCCESS] Login successful! Welcome back, Timer Test User!
Setting up timer test environment...
[SUCCESS] Successfully connected to TV Samsung in Living Room
Error: Invalid room name. Valid rooms: [Living Room, Hall, Drawing Room, Family Room, Sitting Room, Master Bedroom, Bedroom 1, Bedroom 2, Bedroom 3, Guest Room, Kids Room, Parents Room, Childrens Room, Kitchen, Dining Room, Breakfast Area, Pantry, Store Room, Master Bathroom, Common Bathroom, Guest Bathroom, Powder Room, Balcony, Terrace, Garden, Courtyard, Entrance, Porch, Garage, Parking, Utility Room, Laundry Room, Study Room, Office Room, Library, Home Office, Home Theater, Entertainment Room, Prayer Room, Pooja Room, Servant Room, Driver Room, Security Room, Storage Room, Verandah, Chowk, Angan, Baithak, Otla]
[SUCCESS] Timer scheduled for TV Samsung in Living Room to turn ON at 05-10-2025 13:20
[ERROR] Device not found: AC in Bedroom
 Get scheduled timers with devices test passed

=== Your Gadgets ===
[INFO] Showing only your personal devices (not part of any group)
[INFO] Use 'Group Management' to create a group and share devices with others
Device List (Enter number to view detailed energy info):
+----+-------------------------------+----------+-----------+-------------+-------------+
| #  | Device                        | Power    | Status    | Usage Time  | Energy(kWh) |
+----+-------------------------------+----------+-----------+-------------+-------------+
| 1  | TV Samsung (Living Room)      |     150W | OFF       |      0h 00m |       0.000 |
|    |   Timer: ON 05-10 13:20 (59m) |          |           |             |             |
+----+-------------------------------+----------+-----------+-------------+-------------+
[SUCCESS] Device deleted successfully!
[IMPORTANT] Energy consumption history preserved for accurate monthly billing.
[SUCCESS] Logged out successfully from account: timer1759647058555@smarthome.com
[INFO] You can now register a new account or login with different credentials.
Cleaned up timer test environment
]]></system-out>
  </testcase>
  <testcase name="testCreateMultipleCalendarEvents" classname="com.smarthome.SmartHomeServiceTimerTest" time="0.22">
    <system-out><![CDATA[[INFO] DynamoDB table 'customers' already exists
[SUCCESS] Thank you! Customer registration successful.
[SUCCESS] Login successful! Welcome back, Timer Test User!
Setting up timer test environment...
[SUCCESS] Calendar event created: Morning Meeting
Event Date: 06-10-2025 09:20 to 10:20
[SUCCESS] Calendar event created: Lunch Break
Event Date: 06-10-2025 12:20 to 13:20
[SUCCESS] Calendar event created: Movie Night
Event Date: 06-10-2025 20:20 to 22:20
 Create multiple calendar events test passed

=== Your Gadgets ===
[INFO] Showing only your personal devices (not part of any group)
[INFO] Use 'Group Management' to create a group and share devices with others
No gadgets found! Please connect to some gadgets first.
[SUCCESS] Logged out successfully from account: timer1759647058817@smarthome.com
[INFO] You can now register a new account or login with different credentials.
Cleaned up timer test environment
]]></system-out>
  </testcase>
  <testcase name="testShowScheduledTimersWithActiveTimers" classname="com.smarthome.SmartHomeServiceTimerTest" time="0.233">
    <system-out><![CDATA[[INFO] DynamoDB table 'customers' already exists
[SUCCESS] Thank you! Customer registration successful.
[SUCCESS] Login successful! Welcome back, Timer Test User!
Setting up timer test environment...
[SUCCESS] Successfully connected to TV Samsung in Living Room
[SUCCESS] Timer scheduled for TV Samsung in Living Room to turn ON at 05-10-2025 13:20

=== Scheduled Timers ===
+----+-------------------------+--------+-------------------+----------------------+
| #  | Device                  | Action | Scheduled Time    | Status               |
+----+-------------------------+--------+-------------------+----------------------+
| 1  | TV Samsung (Living R... | ON     | 05-10 13:20       | [59m remaining]      |
+----+-------------------------+--------+-------------------+----------------------+
 Show scheduled timers with active timers test passed

=== Your Gadgets ===
[INFO] Showing only your personal devices (not part of any group)
[INFO] Use 'Group Management' to create a group and share devices with others
Device List (Enter number to view detailed energy info):
+----+-------------------------------+----------+-----------+-------------+-------------+
| #  | Device                        | Power    | Status    | Usage Time  | Energy(kWh) |
+----+-------------------------------+----------+-----------+-------------+-------------+
| 1  | TV Samsung (Living Room)      |     150W | OFF       |      0h 00m |       0.000 |
|    |   Timer: ON 05-10 13:20 (59m) |          |           |             |             |
+----+-------------------------------+----------+-----------+-------------+-------------+
[SUCCESS] Device deleted successfully!
[IMPORTANT] Energy consumption history preserved for accurate monthly billing.
[SUCCESS] Logged out successfully from account: timer1759647059039@smarthome.com
[INFO] You can now register a new account or login with different credentials.
Cleaned up timer test environment
]]></system-out>
  </testcase>
  <testcase name="testScheduleTimerInvalidDateFormat" classname="com.smarthome.SmartHomeServiceTimerTest" time="0.214">
    <system-out><![CDATA[[INFO] DynamoDB table 'customers' already exists
[SUCCESS] Thank you! Customer registration successful.
[SUCCESS] Login successful! Welcome back, Timer Test User!
Setting up timer test environment...
[SUCCESS] Successfully connected to TV Samsung in Living Room
[ERROR] Invalid date format! 
=== Timer Scheduling Help ===
Date Format: DD-MM-YYYY HH:MM (24-hour format)
Examples:
- 25-12-2024 18:30 (Christmas evening 6:30 PM)
- 01-01-2025 00:00 (New Year midnight)
- 15-03-2024 07:00 (March 15, 7:00 AM)

Actions: ON or OFF

Usage Tips:
- Schedule AC to turn ON before you arrive home
- Set Geyser timers for morning hot water
- Auto-turn OFF lights late at night
- Schedule devices during off-peak electricity hours

 Schedule timer with invalid date format test passed

=== Your Gadgets ===
[INFO] Showing only your personal devices (not part of any group)
[INFO] Use 'Group Management' to create a group and share devices with others
Device List (Enter number to view detailed energy info):
+----+---------------------------+----------+-----------+-------------+-------------+
| #  | Device                    | Power    | Status    | Usage Time  | Energy(kWh) |
+----+---------------------------+----------+-----------+-------------+-------------+
| 1  | TV Samsung (Living Room)  |     150W | OFF       |      0h 00m |       0.000 |
+----+---------------------------+----------+-----------+-------------+-------------+
[SUCCESS] Device deleted successfully!
[IMPORTANT] Energy consumption history preserved for accurate monthly billing.
[SUCCESS] Logged out successfully from account: timer1759647059270@smarthome.com
[INFO] You can now register a new account or login with different credentials.
Cleaned up timer test environment
]]></system-out>
  </testcase>
  <testcase name="testShowUpcomingEvents" classname="com.smarthome.SmartHomeServiceTimerTest" time="0.195">
    <system-out><![CDATA[[INFO] DynamoDB table 'customers' already exists
[SUCCESS] Thank you! Customer registration successful.
[SUCCESS] Login successful! Welcome back, Timer Test User!
Setting up timer test environment...
[SUCCESS] Calendar event created: Future Event
Event Date: 06-10-2025 12:20 to 13:20

=== Upcoming Calendar Events ===
1. Future Event (meeting)
   [DATE] 06-10-2025 12:20 - 13:20
   [AUTO] 3 automation actions configured
   [INFO] Future event description

 Show upcoming events test passed

=== Your Gadgets ===
[INFO] Showing only your personal devices (not part of any group)
[INFO] Use 'Group Management' to create a group and share devices with others
No gadgets found! Please connect to some gadgets first.
[SUCCESS] Logged out successfully from account: timer1759647059486@smarthome.com
[INFO] You can now register a new account or login with different credentials.
Cleaned up timer test environment
]]></system-out>
  </testcase>
  <testcase name="testCancelValidDeviceTimer" classname="com.smarthome.SmartHomeServiceTimerTest" time="0.241">
    <system-out><![CDATA[[INFO] DynamoDB table 'customers' already exists
[SUCCESS] Thank you! Customer registration successful.
[SUCCESS] Login successful! Welcome back, Timer Test User!
Setting up timer test environment...
[SUCCESS] Successfully connected to TV Samsung in Living Room
[SUCCESS] Timer scheduled for TV Samsung in Living Room to turn ON at 05-10-2025 13:20
[SUCCESS] Timer cancelled for TV Samsung in Living Room (ON timer)
 Cancel valid device timer test passed

=== Your Gadgets ===
[INFO] Showing only your personal devices (not part of any group)
[INFO] Use 'Group Management' to create a group and share devices with others
Device List (Enter number to view detailed energy info):
+----+---------------------------+----------+-----------+-------------+-------------+
| #  | Device                    | Power    | Status    | Usage Time  | Energy(kWh) |
+----+---------------------------+----------+-----------+-------------+-------------+
| 1  | TV Samsung (Living Room)  |     150W | OFF       |      0h 00m |       0.000 |
+----+---------------------------+----------+-----------+-------------+-------------+
[SUCCESS] Device deleted successfully!
[IMPORTANT] Energy consumption history preserved for accurate monthly billing.
[SUCCESS] Logged out successfully from account: timer1759647059680@smarthome.com
[INFO] You can now register a new account or login with different credentials.
Cleaned up timer test environment
]]></system-out>
  </testcase>
  <testcase name="testShowEventAutomation" classname="com.smarthome.SmartHomeServiceTimerTest" time="0.193">
    <system-out><![CDATA[[INFO] DynamoDB table 'customers' already exists
[SUCCESS] Thank you! Customer registration successful.
[SUCCESS] Login successful! Welcome back, Timer Test User!
Setting up timer test environment...
[SUCCESS] Calendar event created: Automated Meeting
Event Date: 06-10-2025 12:21 to 13:21

=== Event Automation Details ===
Event: Automated Meeting (meeting)
Time: 06-10-2025 12:21 to 13:21

Automation Actions:
- LIGHT ON in Study Room -> 5 min before (ON)
- AC ON in Study Room -> 10 min before (ON)
- LIGHT OFF in Study Room -> 15 min after (OFF)
 Show event automation test passed

=== Your Gadgets ===
[INFO] Showing only your personal devices (not part of any group)
[INFO] Use 'Group Management' to create a group and share devices with others
No gadgets found! Please connect to some gadgets first.
[SUCCESS] Logged out successfully from account: timer1759647059921@smarthome.com
[INFO] You can now register a new account or login with different credentials.
Cleaned up timer test environment
]]></system-out>
  </testcase>
  <testcase name="testScheduleTimerVeryCloseToCurrentTime" classname="com.smarthome.SmartHomeServiceTimerTest" time="0.208">
    <system-out><![CDATA[[INFO] DynamoDB table 'customers' already exists
[SUCCESS] Thank you! Customer registration successful.
[SUCCESS] Login successful! Welcome back, Timer Test User!
Setting up timer test environment...
[SUCCESS] Successfully connected to TV Samsung in Living Room
[ERROR] Cannot schedule timer for past time!
Current time: 05-10-2025 12:21
Requested time: 05-10-2025 12:21
 Schedule timer very close to current time test passed

=== Your Gadgets ===
[INFO] Showing only your personal devices (not part of any group)
[INFO] Use 'Group Management' to create a group and share devices with others
Device List (Enter number to view detailed energy info):
+----+---------------------------+----------+-----------+-------------+-------------+
| #  | Device                    | Power    | Status    | Usage Time  | Energy(kWh) |
+----+---------------------------+----------+-----------+-------------+-------------+
| 1  | TV Samsung (Living Room)  |     150W | OFF       |      0h 00m |       0.000 |
+----+---------------------------+----------+-----------+-------------+-------------+
[SUCCESS] Device deleted successfully!
[IMPORTANT] Energy consumption history preserved for accurate monthly billing.
[SUCCESS] Logged out successfully from account: timer1759647060114@smarthome.com
[INFO] You can now register a new account or login with different credentials.
Cleaned up timer test environment
]]></system-out>
  </testcase>
  <testcase name="testForceTimerCheck" classname="com.smarthome.SmartHomeServiceTimerTest" time="0.195">
    <system-out><![CDATA[[INFO] DynamoDB table 'customers' already exists
[SUCCESS] Thank you! Customer registration successful.
[SUCCESS] Login successful! Welcome back, Timer Test User!
Setting up timer test environment...
[INFO] Manual timer check completed. Any due timers have been executed.
 Force timer check test passed

=== Your Gadgets ===
[INFO] Showing only your personal devices (not part of any group)
[INFO] Use 'Group Management' to create a group and share devices with others
No gadgets found! Please connect to some gadgets first.
[SUCCESS] Logged out successfully from account: timer1759647060323@smarthome.com
[INFO] You can now register a new account or login with different credentials.
Cleaned up timer test environment
]]></system-out>
  </testcase>
</testsuite>