<?xml version="1.0" encoding="UTF-8"?>
<testsuite xmlns:xsi="http://www.w3.org/2001/XMLSchema-instance" xsi:noNamespaceSchemaLocation="https://maven.apache.org/surefire/maven-surefire-plugin/xsd/surefire-test-report-3.0.xsd" version="3.0" name="com.smarthome.SmartHomeServiceCoreTest" time="6.914" tests="23" errors="0" skipped="0" failures="0">
  <properties>
[...]
</properties>
  <testcase name="testUpdateUserFullName" classname="com.smarthome.SmartHomeServiceCoreTest" time="0.557">
    <system-out><![CDATA[[INFO] DynamoDB table 'customers' already exists
Setting up core test environment...
[SUCCESS] Thank you! Customer registration successful.
[SUCCESS] Login successful! Welcome back, Test User!
[INFO] Name changed from 'Test User' to 'Updated Test User'
 Update user name test passed

=== Your Gadgets ===
[INFO] Showing only your personal devices (not part of any group)
[INFO] Use 'Group Management' to create a group and share devices with others
No gadgets found! Please connect to some gadgets first.
[SUCCESS] Logged out successfully from account: test1759647021631@smarthome.com
[INFO] You can now register a new account or login with different credentials.
Cleaned up core test environment
]]></system-out>
  </testcase>
  <testcase name="testConnectDeviceWithoutLogin" classname="com.smarthome.SmartHomeServiceCoreTest" time="0.01">
    <system-out><![CDATA[[INFO] DynamoDB table 'customers' already exists
Setting up core test environment...
Please login first!
 Connect without login test passed
Cleaned up core test environment
]]></system-out>
  </testcase>
  <testcase name="testDuplicateEmailRegistration" classname="com.smarthome.SmartHomeServiceCoreTest" time="0.168">
    <system-out><![CDATA[[INFO] DynamoDB table 'customers' already exists
Setting up core test environment...
[SUCCESS] Thank you! Customer registration successful.
[ERROR] Registration failed! Email might already be registered.
 Duplicate email test passed
Cleaned up core test environment
]]></system-out>
  </testcase>
  <testcase name="testValidCustomerLogin" classname="com.smarthome.SmartHomeServiceCoreTest" time="0.247">
    <system-out><![CDATA[[INFO] DynamoDB table 'customers' already exists
Setting up core test environment...
[SUCCESS] Thank you! Customer registration successful.
[SUCCESS] Login successful! Welcome back, Test User!
 Valid login test passed

=== Your Gadgets ===
[INFO] Showing only your personal devices (not part of any group)
[INFO] Use 'Group Management' to create a group and share devices with others
No gadgets found! Please connect to some gadgets first.
[SUCCESS] Logged out successfully from account: test1759647022363@smarthome.com
[INFO] You can now register a new account or login with different credentials.
Cleaned up core test environment
]]></system-out>
  </testcase>
  <testcase name="testRegistrationInvalidEmail" classname="com.smarthome.SmartHomeServiceCoreTest" time="0.007">
    <system-out><![CDATA[[INFO] DynamoDB table 'customers' already exists
Setting up core test environment...
Invalid email format!
 Invalid email test passed
Cleaned up core test environment
]]></system-out>
  </testcase>
  <testcase name="testRegistrationWeakPassword" classname="com.smarthome.SmartHomeServiceCoreTest" time="0.006">
    <system-out><![CDATA[[INFO] DynamoDB table 'customers' already exists
Setting up core test environment...
[ERROR] Invalid password! Please ensure your password meets all requirements:
Password must be 8-128 characters long and contain:
- At least one uppercase letter (A-Z)
- At least one lowercase letter (a-z)
- At least one number (0-9)
- At least one special character (!@#$%^&*)
- Cannot be a common password
- Cannot have more than 2 repeating characters
 Weak password test passed
Cleaned up core test environment
]]></system-out>
  </testcase>
  <testcase name="testVerifyCurrentPassword" classname="com.smarthome.SmartHomeServiceCoreTest" time="0.397">
    <system-out><![CDATA[[INFO] DynamoDB table 'customers' already exists
Setting up core test environment...
[SUCCESS] Thank you! Customer registration successful.
[SUCCESS] Login successful! Welcome back, Test User!
 Verify current password test passed

=== Your Gadgets ===
[INFO] Showing only your personal devices (not part of any group)
[INFO] Use 'Group Management' to create a group and share devices with others
No gadgets found! Please connect to some gadgets first.
[SUCCESS] Logged out successfully from account: test1759647022624@smarthome.com
[INFO] You can now register a new account or login with different credentials.
Cleaned up core test environment
]]></system-out>
  </testcase>
  <testcase name="testConnectValidDevice" classname="com.smarthome.SmartHomeServiceCoreTest" time="0.246">
    <system-out><![CDATA[[INFO] DynamoDB table 'customers' already exists
Setting up core test environment...
[SUCCESS] Thank you! Customer registration successful.
[SUCCESS] Login successful! Welcome back, Test User!
[SUCCESS] Successfully connected to TV Samsung in Living Room

=== Your Gadgets ===
[INFO] Showing only your personal devices (not part of any group)
[INFO] Use 'Group Management' to create a group and share devices with others
Device List (Enter number to view detailed energy info):
+----+---------------------------+----------+-----------+-------------+-------------+
| #  | Device                    | Power    | Status    | Usage Time  | Energy(kWh) |
+----+---------------------------+----------+-----------+-------------+-------------+
| 1  | TV Samsung (Living Room)  |     150W | OFF       |      0h 00m |       0.000 |
+----+---------------------------+----------+-----------+-------------+-------------+
 Connect valid device test passed

=== Your Gadgets ===
[INFO] Showing only your personal devices (not part of any group)
[INFO] Use 'Group Management' to create a group and share devices with others
Device List (Enter number to view detailed energy info):
+----+---------------------------+----------+-----------+-------------+-------------+
| #  | Device                    | Power    | Status    | Usage Time  | Energy(kWh) |
+----+---------------------------+----------+-----------+-------------+-------------+
| 1  | TV Samsung (Living Room)  |     150W | OFF       |      0h 00m |       0.000 |
+----+---------------------------+----------+-----------+-------------+-------------+
[SUCCESS] Device deleted successfully!
[IMPORTANT] Energy consumption history preserved for accurate monthly billing.
[SUCCESS] Logged out successfully from account: test1759647023020@smarthome.com
[INFO] You can now register a new account or login with different credentials.
Cleaned up core test environment
]]></system-out>
  </testcase>
  <testcase name="testShowCurrentUserInfo" classname="com.smarthome.SmartHomeServiceCoreTest" time="0.214">
    <system-out><![CDATA[[INFO] DynamoDB table 'customers' already exists
Setting up core test environment...
[SUCCESS] Thank you! Customer registration successful.
[SUCCESS] Login successful! Welcome back, Test User!

=== Current Profile Information ===
Full Name: Test User
Email: test1759647023267@smarthome.com
Account Status: Active
Total Devices: 0
Group Status: Not part of any group

=== Detailed Account Information ===
Full Name: Test User
Email: test1759647023267@smarthome.com
Account Registration: Completed successfully
Failed Login Attempts: 0
Account Status: Active

[DEVICE STATISTICS]:
No devices registered

[GROUP INFORMATION]:
Group Status: Not part of any group

[SECURITY INFORMATION]:
Password: Securely encrypted (last updated information not tracked)
Login Security: Good
 Show user info test passed

=== Your Gadgets ===
[INFO] Showing only your personal devices (not part of any group)
[INFO] Use 'Group Management' to create a group and share devices with others
No gadgets found! Please connect to some gadgets first.
[SUCCESS] Logged out successfully from account: test1759647023267@smarthome.com
[INFO] You can now register a new account or login with different credentials.
Cleaned up core test environment
]]></system-out>
  </testcase>
  <testcase name="testPasswordResetFlow" classname="com.smarthome.SmartHomeServiceCoreTest" time="0.319">
    <system-out><![CDATA[[INFO] DynamoDB table 'customers' already exists
Setting up core test environment...
[SUCCESS] Thank you! Customer registration successful.
[SUCCESS] Account found! You can now reset your password.
[SUCCESS] Password reset successful! You can now login with your new password.
[SUCCESS] Login successful! Welcome back, Test User!
 Password reset flow test passed

=== Your Gadgets ===
[INFO] Showing only your personal devices (not part of any group)
[INFO] Use 'Group Management' to create a group and share devices with others
No gadgets found! Please connect to some gadgets first.
[SUCCESS] Logged out successfully from account: test1759647023481@smarthome.com
[INFO] You can now register a new account or login with different credentials.
Cleaned up core test environment
]]></system-out>
  </testcase>
  <testcase name="testLogoutFunctionality" classname="com.smarthome.SmartHomeServiceCoreTest" time="0.239">
    <system-out><![CDATA[[INFO] DynamoDB table 'customers' already exists
Setting up core test environment...
[SUCCESS] Thank you! Customer registration successful.
[SUCCESS] Login successful! Welcome back, Test User!
[SUCCESS] Logged out successfully from account: test1759647023802@smarthome.com
[INFO] You can now register a new account or login with different credentials.
 Logout test passed
Cleaned up core test environment
]]></system-out>
  </testcase>
  <testcase name="testLoginNonExistentEmail" classname="com.smarthome.SmartHomeServiceCoreTest" time="1.013">
    <system-out><![CDATA[[INFO] DynamoDB table 'customers' already exists
Setting up core test environment...
[ERROR] Email not registered. Please create an account first.
 Non-existent email test passed
Cleaned up core test environment
]]></system-out>
  </testcase>
  <testcase name="testRegistrationMismatchedPasswords" classname="com.smarthome.SmartHomeServiceCoreTest" time="0.008">
    <system-out><![CDATA[[INFO] DynamoDB table 'customers' already exists
Setting up core test environment...
Passwords do not match!
 Mismatched passwords test passed
Cleaned up core test environment
]]></system-out>
  </testcase>
  <testcase name="testLoginWrongPassword" classname="com.smarthome.SmartHomeServiceCoreTest" time="1.328">
    <system-out><![CDATA[[INFO] DynamoDB table 'customers' already exists
Setting up core test environment...
[SUCCESS] Thank you! Customer registration successful.
[SECURITY] Failed login attempt #1 for account: test1759647025067@smarthome.com at 2025-10-05 12:20:26.369749400
[WARNING] Invalid password. This is attempt 1 of 2 allowed before lockout.
[SECURITY] Account will be locked after 2 failed attempts for security.
 Wrong password test passed
Cleaned up core test environment
]]></system-out>
  </testcase>
  <testcase name="testConnectDuplicateDevice" classname="com.smarthome.SmartHomeServiceCoreTest" time="0.309">
    <system-out><![CDATA[[INFO] DynamoDB table 'customers' already exists
Setting up core test environment...
[SUCCESS] Thank you! Customer registration successful.
[SUCCESS] Login successful! Welcome back, Test User!
[SUCCESS] Successfully connected to TV Samsung in Living Room
A TV already exists in Living Room. You can only have one TV per room.

=== Your Gadgets ===
[INFO] Showing only your personal devices (not part of any group)
[INFO] Use 'Group Management' to create a group and share devices with others
Device List (Enter number to view detailed energy info):
+----+---------------------------+----------+-----------+-------------+-------------+
| #  | Device                    | Power    | Status    | Usage Time  | Energy(kWh) |
+----+---------------------------+----------+-----------+-------------+-------------+
| 1  | TV Samsung (Living Room)  |     150W | OFF       |      0h 00m |       0.000 |
+----+---------------------------+----------+-----------+-------------+-------------+
 Duplicate device test passed

=== Your Gadgets ===
[INFO] Showing only your personal devices (not part of any group)
[INFO] Use 'Group Management' to create a group and share devices with others
Device List (Enter number to view detailed energy info):
+----+---------------------------+----------+-----------+-------------+-------------+
| #  | Device                    | Power    | Status    | Usage Time  | Energy(kWh) |
+----+---------------------------+----------+-----------+-------------+-------------+
| 1  | TV Samsung (Living Room)  |     150W | OFF       |      0h 00m |       0.000 |
+----+---------------------------+----------+-----------+-------------+-------------+
[SUCCESS] Device deleted successfully!
[IMPORTANT] Energy consumption history preserved for accurate monthly billing.
[SUCCESS] Logged out successfully from account: test1759647026393@smarthome.com
[INFO] You can now register a new account or login with different credentials.
Cleaned up core test environment
]]></system-out>
  </testcase>
  <testcase name="testValidCustomerRegistration" classname="com.smarthome.SmartHomeServiceCoreTest" time="0.133">
    <system-out><![CDATA[[INFO] DynamoDB table 'customers' already exists
Setting up core test environment...
[SUCCESS] Thank you! Customer registration successful.
 Valid customer registration test passed
Cleaned up core test environment
]]></system-out>
  </testcase>
  <testcase name="testServiceGetters" classname="com.smarthome.SmartHomeServiceCoreTest" time="0.008">
    <system-out><![CDATA[[INFO] DynamoDB table 'customers' already exists
Setting up core test environment...
 Service getters test passed
Cleaned up core test environment
]]></system-out>
  </testcase>
  <testcase name="testChangeDeviceStatus" classname="com.smarthome.SmartHomeServiceCoreTest" time="0.293">
    <system-out><![CDATA[[INFO] DynamoDB table 'customers' already exists
Setting up core test environment...
[SUCCESS] Thank you! Customer registration successful.
[SUCCESS] Login successful! Welcome back, Test User!
[SUCCESS] Successfully connected to TV Samsung in Living Room

=== Your Gadgets ===
[INFO] Showing only your personal devices (not part of any group)
[INFO] Use 'Group Management' to create a group and share devices with others
Device List (Enter number to view detailed energy info):
+----+---------------------------+----------+-----------+-------------+-------------+
| #  | Device                    | Power    | Status    | Usage Time  | Energy(kWh) |
+----+---------------------------+----------+-----------+-------------+-------------+
| 1  | TV Samsung (Living Room)  |     150W | OFF       |      0h 00m |       0.000 |
+----+---------------------------+----------+-----------+-------------+-------------+

=== Your Gadgets ===
[INFO] Showing only your personal devices (not part of any group)
[INFO] Use 'Group Management' to create a group and share devices with others
Device List (Enter number to view detailed energy info):
+----+---------------------------+----------+-----------+-------------+-------------+
| #  | Device                    | Power    | Status    | Usage Time  | Energy(kWh) |
+----+---------------------------+----------+-----------+-------------+-------------+
| 1  | TV Samsung (Living Room)  |     150W | OFF       |      0h 00m |       0.000 |
+----+---------------------------+----------+-----------+-------------+-------------+
[SUCCESS] Switched on successful

=== All Gadgets Status ===

=== Your Gadgets ===
[INFO] Showing only your personal devices (not part of any group)
[INFO] Use 'Group Management' to create a group and share devices with others
Device List (Enter number to view detailed energy info):
+----+---------------------------+----------+-----------+-------------+-------------+
| #  | Device                    | Power    | Status    | Usage Time  | Energy(kWh) |
+----+---------------------------+----------+-----------+-------------+-------------+
| 1  | TV Samsung (Living Room)  |     150W | RUNNING   |      0h 00m |       0.000 |
|    |   Current Session:        |          |           | 0.0h        |             |
+----+---------------------------+----------+-----------+-------------+-------------+

=== Your Gadgets ===
[INFO] Showing only your personal devices (not part of any group)
[INFO] Use 'Group Management' to create a group and share devices with others
Device List (Enter number to view detailed energy info):
+----+---------------------------+----------+-----------+-------------+-------------+
| #  | Device                    | Power    | Status    | Usage Time  | Energy(kWh) |
+----+---------------------------+----------+-----------+-------------+-------------+
| 1  | TV Samsung (Living Room)  |     150W | RUNNING   |      0h 00m |       0.000 |
|    |   Current Session:        |          |           | 0.0h        |             |
+----+---------------------------+----------+-----------+-------------+-------------+
 Change device status test passed

=== Your Gadgets ===
[INFO] Showing only your personal devices (not part of any group)
[INFO] Use 'Group Management' to create a group and share devices with others
Device List (Enter number to view detailed energy info):
+----+---------------------------+----------+-----------+-------------+-------------+
| #  | Device                    | Power    | Status    | Usage Time  | Energy(kWh) |
+----+---------------------------+----------+-----------+-------------+-------------+
| 1  | TV Samsung (Living Room)  |     150W | RUNNING   |      0h 00m |       0.000 |
|    |   Current Session:        |          |           | 0.0h        |             |
+----+---------------------------+----------+-----------+-------------+-------------+
[SUCCESS] Device deleted successfully!
[IMPORTANT] Energy consumption history preserved for accurate monthly billing.
[SUCCESS] Logged out successfully from account: test1759647026844@smarthome.com
[INFO] You can now register a new account or login with different credentials.
Cleaned up core test environment
]]></system-out>
  </testcase>
  <testcase name="testRegistrationInvalidName" classname="com.smarthome.SmartHomeServiceCoreTest" time="0.008">
    <system-out><![CDATA[[INFO] DynamoDB table 'customers' already exists
Setting up core test environment...
Invalid name! Name should contain only letters and spaces (minimum 2 characters).
 Invalid name test passed
Cleaned up core test environment
]]></system-out>
  </testcase>
  <testcase name="testEmailAvailabilityCheck" classname="com.smarthome.SmartHomeServiceCoreTest" time="0.161">
    <system-out><![CDATA[[INFO] DynamoDB table 'customers' already exists
Setting up core test environment...
[SUCCESS] Thank you! Customer registration successful.
 Email availability check test passed
Cleaned up core test environment
]]></system-out>
  </testcase>
  <testcase name="testUpdateUserEmail" classname="com.smarthome.SmartHomeServiceCoreTest" time="0.391">
    <system-out><![CDATA[[INFO] DynamoDB table 'customers' already exists
Setting up core test environment...
[SUCCESS] Thank you! Customer registration successful.
[SUCCESS] Login successful! Welcome back, Test User!
[INFO] Email changed from 'test1759647027308@smarthome.com' to 'updated@smarthome.com'
 Update user email test passed

=== Your Gadgets ===
[INFO] Showing only your personal devices (not part of any group)
[INFO] Use 'Group Management' to create a group and share devices with others
No gadgets found! Please connect to some gadgets first.
[SUCCESS] Logged out successfully from account: updated@smarthome.com
[INFO] You can now register a new account or login with different credentials.
Cleaned up core test environment
]]></system-out>
  </testcase>
  <testcase name="testConnectInvalidDevice" classname="com.smarthome.SmartHomeServiceCoreTest" time="0.354">
    <system-out><![CDATA[[INFO] DynamoDB table 'customers' already exists
Setting up core test environment...
[SUCCESS] Thank you! Customer registration successful.
[SUCCESS] Login successful! Welcome back, Test User!
Error: Invalid model for TV
Error: Invalid room name. Valid rooms: [Living Room, Hall, Drawing Room, Family Room, Sitting Room, Master Bedroom, Bedroom 1, Bedroom 2, Bedroom 3, Guest Room, Kids Room, Parents Room, Childrens Room, Kitchen, Dining Room, Breakfast Area, Pantry, Store Room, Master Bathroom, Common Bathroom, Guest Bathroom, Powder Room, Balcony, Terrace, Garden, Courtyard, Entrance, Porch, Garage, Parking, Utility Room, Laundry Room, Study Room, Office Room, Library, Home Office, Home Theater, Entertainment Room, Prayer Room, Pooja Room, Servant Room, Driver Room, Security Room, Storage Room, Verandah, Chowk, Angan, Baithak, Otla]
 Invalid device test passed

=== Your Gadgets ===
[INFO] Showing only your personal devices (not part of any group)
[INFO] Use 'Group Management' to create a group and share devices with others
No gadgets found! Please connect to some gadgets first.
[SUCCESS] Logged out successfully from account: test1759647027700@smarthome.com
[INFO] You can now register a new account or login with different credentials.
Cleaned up core test environment
]]></system-out>
  </testcase>
  <testcase name="testUpdateUserPassword" classname="com.smarthome.SmartHomeServiceCoreTest" time="0.483">
    <system-out><![CDATA[[INFO] DynamoDB table 'customers' already exists
Setting up core test environment...
[SUCCESS] Thank you! Customer registration successful.
[SUCCESS] Login successful! Welcome back, Test User!
[INFO] Password updated successfully for security.
 Update user password test passed

=== Your Gadgets ===
[INFO] Showing only your personal devices (not part of any group)
[INFO] Use 'Group Management' to create a group and share devices with others
No gadgets found! Please connect to some gadgets first.
[SUCCESS] Logged out successfully from account: test1759647028057@smarthome.com
[INFO] You can now register a new account or login with different credentials.
Cleaned up core test environment
]]></system-out>
  </testcase>
</testsuite>